[0.185s] [34mcolcon[0m [1;30mDEBUG[0m [32mCommand line arguments: ['/usr/bin/colcon', 'build'][0m
[0.185s] [34mcolcon[0m [1;30mDEBUG[0m [32mParsed command line arguments: Namespace(log_base=None, log_level=None, verb_name='build', build_base='build', install_base='install', merge_install=False, symlink_install=False, test_result_base=None, continue_on_error=False, executor='parallel', parallel_workers=12, event_handlers=None, ignore_user_meta=False, metas=['./colcon.meta'], base_paths=['.'], packages_ignore=None, packages_ignore_regex=None, paths=None, packages_up_to=None, packages_up_to_regex=None, packages_above=None, packages_above_and_dependencies=None, packages_above_depth=None, packages_select_by_dep=None, packages_skip_by_dep=None, packages_skip_up_to=None, packages_select_build_failed=False, packages_skip_build_finished=False, packages_select_test_failures=False, packages_skip_test_passed=False, packages_select=None, packages_skip=None, packages_select_regex=None, packages_skip_regex=None, packages_start=None, packages_end=None, allow_overriding=[], cmake_args=None, cmake_target=None, cmake_target_skip_unavailable=False, cmake_clean_cache=False, cmake_clean_first=False, cmake_force_configure=False, ament_cmake_args=None, catkin_cmake_args=None, catkin_skip_building_tests=False, mixin_files=None, mixin=None, verb_parser=<colcon_mixin.mixin.mixin_argument.MixinArgumentDecorator object at 0xffff933c6aa0>, verb_extension=<colcon_core.verb.build.BuildVerb object at 0xffff935e8190>, main=<bound method BuildVerb.main of <colcon_core.verb.build.BuildVerb object at 0xffff935e8190>>, mixin_verb=('build',))[0m
[0.478s] [34mcolcon.colcon_core.package_discovery[0m [1;30mLevel 1[0m discover_packages(colcon_meta) check parameters
[0.478s] [34mcolcon.colcon_core.package_discovery[0m [1;30mLevel 1[0m discover_packages(recursive) check parameters
[0.478s] [34mcolcon.colcon_core.package_discovery[0m [1;30mLevel 1[0m discover_packages(ignore) check parameters
[0.478s] [34mcolcon.colcon_core.package_discovery[0m [1;30mLevel 1[0m discover_packages(path) check parameters
[0.478s] [34mcolcon.colcon_core.package_discovery[0m [1;30mLevel 1[0m discover_packages(colcon_meta) discover
[0.478s] [34mcolcon.colcon_core.package_discovery[0m [1;30mLevel 1[0m discover_packages(recursive) discover
[0.478s] [34mcolcon.colcon_core.package_discovery[0m [1;30mINFO[0m Crawling recursively for packages in '/home/rain/pointpillars_ws'
[0.478s] [34mcolcon.colcon_core.package_identification[0m [1;30mLevel 1[0m _identify(.) by extensions ['ignore', 'ignore_ament_install']
[0.479s] [34mcolcon.colcon_core.package_identification[0m [1;30mLevel 1[0m _identify(.) by extension 'ignore'
[0.479s] [34mcolcon.colcon_core.package_identification[0m [1;30mLevel 1[0m _identify(.) by extension 'ignore_ament_install'
[0.479s] [34mcolcon.colcon_core.package_identification[0m [1;30mLevel 1[0m _identify(.) by extensions ['colcon_pkg']
[0.479s] [34mcolcon.colcon_core.package_identification[0m [1;30mLevel 1[0m _identify(.) by extension 'colcon_pkg'
[0.479s] [34mcolcon.colcon_core.package_identification[0m [1;30mLevel 1[0m _identify(.) by extensions ['colcon_meta']
[0.479s] [34mcolcon.colcon_core.package_identification[0m [1;30mLevel 1[0m _identify(.) by extension 'colcon_meta'
[0.479s] [34mcolcon.colcon_core.package_identification[0m [1;30mLevel 1[0m _identify(.) by extensions ['ros']
[0.479s] [34mcolcon.colcon_core.package_identification[0m [1;30mLevel 1[0m _identify(.) by extension 'ros'
[0.516s] [34mcolcon.colcon_core.package_identification[0m [1;30mLevel 1[0m _identify(.) by extensions ['cmake', 'python']
[0.516s] [34mcolcon.colcon_core.package_identification[0m [1;30mLevel 1[0m _identify(.) by extension 'cmake'
[0.516s] [34mcolcon.colcon_core.package_identification[0m [1;30mLevel 1[0m _identify(.) by extension 'python'
[0.516s] [34mcolcon.colcon_core.package_identification[0m [1;30mLevel 1[0m _identify(.) by extensions ['python_setup_py']
[0.516s] [34mcolcon.colcon_core.package_identification[0m [1;30mLevel 1[0m _identify(.) by extension 'python_setup_py'
[0.516s] [34mcolcon.colcon_core.package_identification[0m [1;30mLevel 1[0m _identify(build) by extensions ['ignore', 'ignore_ament_install']
[0.517s] [34mcolcon.colcon_core.package_identification[0m [1;30mLevel 1[0m _identify(build) by extension 'ignore'
[0.517s] [34mcolcon.colcon_core.package_identification[0m [1;30mLevel 1[0m _identify(build) ignored
[0.517s] [34mcolcon.colcon_core.package_identification[0m [1;30mLevel 1[0m _identify(install) by extensions ['ignore', 'ignore_ament_install']
[0.517s] [34mcolcon.colcon_core.package_identification[0m [1;30mLevel 1[0m _identify(install) by extension 'ignore'
[0.517s] [34mcolcon.colcon_core.package_identification[0m [1;30mLevel 1[0m _identify(install) ignored
[0.517s] [34mcolcon.colcon_core.package_identification[0m [1;30mLevel 1[0m _identify(log) by extensions ['ignore', 'ignore_ament_install']
[0.517s] [34mcolcon.colcon_core.package_identification[0m [1;30mLevel 1[0m _identify(log) by extension 'ignore'
[0.518s] [34mcolcon.colcon_core.package_identification[0m [1;30mLevel 1[0m _identify(log) ignored
[0.518s] [34mcolcon.colcon_core.package_identification[0m [1;30mLevel 1[0m _identify(src) by extensions ['ignore', 'ignore_ament_install']
[0.518s] [34mcolcon.colcon_core.package_identification[0m [1;30mLevel 1[0m _identify(src) by extension 'ignore'
[0.518s] [34mcolcon.colcon_core.package_identification[0m [1;30mLevel 1[0m _identify(src) by extension 'ignore_ament_install'
[0.518s] [34mcolcon.colcon_core.package_identification[0m [1;30mLevel 1[0m _identify(src) by extensions ['colcon_pkg']
[0.518s] [34mcolcon.colcon_core.package_identification[0m [1;30mLevel 1[0m _identify(src) by extension 'colcon_pkg'
[0.518s] [34mcolcon.colcon_core.package_identification[0m [1;30mLevel 1[0m _identify(src) by extensions ['colcon_meta']
[0.518s] [34mcolcon.colcon_core.package_identification[0m [1;30mLevel 1[0m _identify(src) by extension 'colcon_meta'
[0.518s] [34mcolcon.colcon_core.package_identification[0m [1;30mLevel 1[0m _identify(src) by extensions ['ros']
[0.518s] [34mcolcon.colcon_core.package_identification[0m [1;30mLevel 1[0m _identify(src) by extension 'ros'
[0.518s] [34mcolcon.colcon_core.package_identification[0m [1;30mLevel 1[0m _identify(src) by extensions ['cmake', 'python']
[0.518s] [34mcolcon.colcon_core.package_identification[0m [1;30mLevel 1[0m _identify(src) by extension 'cmake'
[0.519s] [34mcolcon.colcon_core.package_identification[0m [1;30mLevel 1[0m _identify(src) by extension 'python'
[0.519s] [34mcolcon.colcon_core.package_identification[0m [1;30mLevel 1[0m _identify(src) by extensions ['python_setup_py']
[0.519s] [34mcolcon.colcon_core.package_identification[0m [1;30mLevel 1[0m _identify(src) by extension 'python_setup_py'
[0.519s] [34mcolcon.colcon_core.package_identification[0m [1;30mLevel 1[0m _identify(src/det_msgs) by extensions ['ignore', 'ignore_ament_install']
[0.519s] [34mcolcon.colcon_core.package_identification[0m [1;30mLevel 1[0m _identify(src/det_msgs) by extension 'ignore'
[0.519s] [34mcolcon.colcon_core.package_identification[0m [1;30mLevel 1[0m _identify(src/det_msgs) by extension 'ignore_ament_install'
[0.519s] [34mcolcon.colcon_core.package_identification[0m [1;30mLevel 1[0m _identify(src/det_msgs) by extensions ['colcon_pkg']
[0.519s] [34mcolcon.colcon_core.package_identification[0m [1;30mLevel 1[0m _identify(src/det_msgs) by extension 'colcon_pkg'
[0.519s] [34mcolcon.colcon_core.package_identification[0m [1;30mLevel 1[0m _identify(src/det_msgs) by extensions ['colcon_meta']
[0.519s] [34mcolcon.colcon_core.package_identification[0m [1;30mLevel 1[0m _identify(src/det_msgs) by extension 'colcon_meta'
[0.519s] [34mcolcon.colcon_core.package_identification[0m [1;30mLevel 1[0m _identify(src/det_msgs) by extensions ['ros']
[0.519s] [34mcolcon.colcon_core.package_identification[0m [1;30mLevel 1[0m _identify(src/det_msgs) by extension 'ros'
[0.523s] [34mcolcon.colcon_core.package_identification[0m [1;30mDEBUG[0m [32mPackage 'src/det_msgs' with type 'ros.ament_cmake' and name 'det_msgs'[0m
[0.524s] [34mcolcon.colcon_core.package_identification[0m [1;30mLevel 1[0m _identify(src/rain_det) by extensions ['ignore', 'ignore_ament_install']
[0.524s] [34mcolcon.colcon_core.package_identification[0m [1;30mLevel 1[0m _identify(src/rain_det) by extension 'ignore'
[0.524s] [34mcolcon.colcon_core.package_identification[0m [1;30mLevel 1[0m _identify(src/rain_det) by extension 'ignore_ament_install'
[0.524s] [34mcolcon.colcon_core.package_identification[0m [1;30mLevel 1[0m _identify(src/rain_det) by extensions ['colcon_pkg']
[0.524s] [34mcolcon.colcon_core.package_identification[0m [1;30mLevel 1[0m _identify(src/rain_det) by extension 'colcon_pkg'
[0.524s] [34mcolcon.colcon_core.package_identification[0m [1;30mLevel 1[0m _identify(src/rain_det) by extensions ['colcon_meta']
[0.524s] [34mcolcon.colcon_core.package_identification[0m [1;30mLevel 1[0m _identify(src/rain_det) by extension 'colcon_meta'
[0.524s] [34mcolcon.colcon_core.package_identification[0m [1;30mLevel 1[0m _identify(src/rain_det) by extensions ['ros']
[0.524s] [34mcolcon.colcon_core.package_identification[0m [1;30mLevel 1[0m _identify(src/rain_det) by extension 'ros'
[0.526s] [34mcolcon.colcon_core.package_identification[0m [1;30mDEBUG[0m [32mPackage 'src/rain_det' with type 'ros.ament_python' and name 'rain_det'[0m
[0.526s] [34mcolcon.colcon_core.package_identification[0m [1;30mLevel 1[0m _identify(src/rain_project_autonomous_ship) by extensions ['ignore', 'ignore_ament_install']
[0.526s] [34mcolcon.colcon_core.package_identification[0m [1;30mLevel 1[0m _identify(src/rain_project_autonomous_ship) by extension 'ignore'
[0.526s] [34mcolcon.colcon_core.package_identification[0m [1;30mLevel 1[0m _identify(src/rain_project_autonomous_ship) by extension 'ignore_ament_install'
[0.526s] [34mcolcon.colcon_core.package_identification[0m [1;30mLevel 1[0m _identify(src/rain_project_autonomous_ship) by extensions ['colcon_pkg']
[0.526s] [34mcolcon.colcon_core.package_identification[0m [1;30mLevel 1[0m _identify(src/rain_project_autonomous_ship) by extension 'colcon_pkg'
[0.526s] [34mcolcon.colcon_core.package_identification[0m [1;30mLevel 1[0m _identify(src/rain_project_autonomous_ship) by extensions ['colcon_meta']
[0.526s] [34mcolcon.colcon_core.package_identification[0m [1;30mLevel 1[0m _identify(src/rain_project_autonomous_ship) by extension 'colcon_meta'
[0.526s] [34mcolcon.colcon_core.package_identification[0m [1;30mLevel 1[0m _identify(src/rain_project_autonomous_ship) by extensions ['ros']
[0.527s] [34mcolcon.colcon_core.package_identification[0m [1;30mLevel 1[0m _identify(src/rain_project_autonomous_ship) by extension 'ros'
[0.528s] [34mcolcon.colcon_core.package_identification[0m [1;30mDEBUG[0m [32mPackage 'src/rain_project_autonomous_ship' with type 'ros.ament_python' and name 'rain_project_autonomous_ship'[0m
[0.528s] [34mcolcon.colcon_core.package_discovery[0m [1;30mLevel 1[0m discover_packages(recursive) using defaults
[0.528s] [34mcolcon.colcon_core.package_discovery[0m [1;30mLevel 1[0m discover_packages(ignore) discover
[0.528s] [34mcolcon.colcon_core.package_discovery[0m [1;30mLevel 1[0m discover_packages(ignore) using defaults
[0.528s] [34mcolcon.colcon_core.package_discovery[0m [1;30mLevel 1[0m discover_packages(path) discover
[0.528s] [34mcolcon.colcon_core.package_discovery[0m [1;30mLevel 1[0m discover_packages(path) using defaults
[0.552s] [34mcolcon.colcon_core.package_discovery[0m [1;30mLevel 1[0m discover_packages(prefix_path) check parameters
[0.552s] [34mcolcon.colcon_core.package_discovery[0m [1;30mLevel 1[0m discover_packages(prefix_path) discover
[0.555s] [34mcolcon.colcon_installed_package_information.package_discovery[0m [1;30mDEBUG[0m [32mFound 5 installed packages in /home/rain/ndt_ws/install[0m
[0.556s] [34mcolcon.colcon_installed_package_information.package_discovery[0m [1;30mDEBUG[0m [32mFound 3 installed packages in /home/rain/pointpillars_ws/install[0m
[0.556s] [34mcolcon.colcon_installed_package_information.package_discovery[0m [1;30mDEBUG[0m [32mFound 1 installed packages in /home/rain/ws_livox/install[0m
[0.558s] [34mcolcon.colcon_installed_package_information.package_discovery[0m [1;30mDEBUG[0m [32mFound 321 installed packages in /opt/ros/humble[0m
[0.561s] [34mcolcon.colcon_core.package_discovery[0m [1;30mLevel 1[0m discover_packages(prefix_path) using defaults
[0.620s] [34mcolcon.colcon_core.verb[0m [1;30mLevel 5[0m set package 'det_msgs' build argument 'cmake_args' from command line to 'None'
[0.620s] [34mcolcon.colcon_core.verb[0m [1;30mLevel 5[0m set package 'det_msgs' build argument 'cmake_target' from command line to 'None'
[0.620s] [34mcolcon.colcon_core.verb[0m [1;30mLevel 5[0m set package 'det_msgs' build argument 'cmake_target_skip_unavailable' from command line to 'False'
[0.620s] [34mcolcon.colcon_core.verb[0m [1;30mLevel 5[0m set package 'det_msgs' build argument 'cmake_clean_cache' from command line to 'False'
[0.621s] [34mcolcon.colcon_core.verb[0m [1;30mLevel 5[0m set package 'det_msgs' build argument 'cmake_clean_first' from command line to 'False'
[0.621s] [34mcolcon.colcon_core.verb[0m [1;30mLevel 5[0m set package 'det_msgs' build argument 'cmake_force_configure' from command line to 'False'
[0.621s] [34mcolcon.colcon_core.verb[0m [1;30mLevel 5[0m set package 'det_msgs' build argument 'ament_cmake_args' from command line to 'None'
[0.621s] [34mcolcon.colcon_core.verb[0m [1;30mLevel 5[0m set package 'det_msgs' build argument 'catkin_cmake_args' from command line to 'None'
[0.621s] [34mcolcon.colcon_core.verb[0m [1;30mLevel 5[0m set package 'det_msgs' build argument 'catkin_skip_building_tests' from command line to 'False'
[0.621s] [34mcolcon.colcon_core.verb[0m [1;30mDEBUG[0m [32mBuilding package 'det_msgs' with the following arguments: {'ament_cmake_args': None, 'build_base': '/home/rain/pointpillars_ws/build/det_msgs', 'catkin_cmake_args': None, 'catkin_skip_building_tests': False, 'cmake_args': None, 'cmake_clean_cache': False, 'cmake_clean_first': False, 'cmake_force_configure': False, 'cmake_target': None, 'cmake_target_skip_unavailable': False, 'install_base': '/home/rain/pointpillars_ws/install/det_msgs', 'merge_install': False, 'path': '/home/rain/pointpillars_ws/src/det_msgs', 'symlink_install': False, 'test_result_base': None}[0m
[0.621s] [34mcolcon.colcon_core.verb[0m [1;30mLevel 5[0m set package 'rain_det' build argument 'cmake_args' from command line to 'None'
[0.621s] [34mcolcon.colcon_core.verb[0m [1;30mLevel 5[0m set package 'rain_det' build argument 'cmake_target' from command line to 'None'
[0.621s] [34mcolcon.colcon_core.verb[0m [1;30mLevel 5[0m set package 'rain_det' build argument 'cmake_target_skip_unavailable' from command line to 'False'
[0.621s] [34mcolcon.colcon_core.verb[0m [1;30mLevel 5[0m set package 'rain_det' build argument 'cmake_clean_cache' from command line to 'False'
[0.621s] [34mcolcon.colcon_core.verb[0m [1;30mLevel 5[0m set package 'rain_det' build argument 'cmake_clean_first' from command line to 'False'
[0.622s] [34mcolcon.colcon_core.verb[0m [1;30mLevel 5[0m set package 'rain_det' build argument 'cmake_force_configure' from command line to 'False'
[0.622s] [34mcolcon.colcon_core.verb[0m [1;30mLevel 5[0m set package 'rain_det' build argument 'ament_cmake_args' from command line to 'None'
[0.622s] [34mcolcon.colcon_core.verb[0m [1;30mLevel 5[0m set package 'rain_det' build argument 'catkin_cmake_args' from command line to 'None'
[0.622s] [34mcolcon.colcon_core.verb[0m [1;30mLevel 5[0m set package 'rain_det' build argument 'catkin_skip_building_tests' from command line to 'False'
[0.622s] [34mcolcon.colcon_core.verb[0m [1;30mDEBUG[0m [32mBuilding package 'rain_det' with the following arguments: {'ament_cmake_args': None, 'build_base': '/home/rain/pointpillars_ws/build/rain_det', 'catkin_cmake_args': None, 'catkin_skip_building_tests': False, 'cmake_args': None, 'cmake_clean_cache': False, 'cmake_clean_first': False, 'cmake_force_configure': False, 'cmake_target': None, 'cmake_target_skip_unavailable': False, 'install_base': '/home/rain/pointpillars_ws/install/rain_det', 'merge_install': False, 'path': '/home/rain/pointpillars_ws/src/rain_det', 'symlink_install': False, 'test_result_base': None}[0m
[0.622s] [34mcolcon.colcon_core.verb[0m [1;30mLevel 5[0m set package 'rain_project_autonomous_ship' build argument 'cmake_args' from command line to 'None'
[0.622s] [34mcolcon.colcon_core.verb[0m [1;30mLevel 5[0m set package 'rain_project_autonomous_ship' build argument 'cmake_target' from command line to 'None'
[0.622s] [34mcolcon.colcon_core.verb[0m [1;30mLevel 5[0m set package 'rain_project_autonomous_ship' build argument 'cmake_target_skip_unavailable' from command line to 'False'
[0.622s] [34mcolcon.colcon_core.verb[0m [1;30mLevel 5[0m set package 'rain_project_autonomous_ship' build argument 'cmake_clean_cache' from command line to 'False'
[0.622s] [34mcolcon.colcon_core.verb[0m [1;30mLevel 5[0m set package 'rain_project_autonomous_ship' build argument 'cmake_clean_first' from command line to 'False'
[0.622s] [34mcolcon.colcon_core.verb[0m [1;30mLevel 5[0m set package 'rain_project_autonomous_ship' build argument 'cmake_force_configure' from command line to 'False'
[0.622s] [34mcolcon.colcon_core.verb[0m [1;30mLevel 5[0m set package 'rain_project_autonomous_ship' build argument 'ament_cmake_args' from command line to 'None'
[0.622s] [34mcolcon.colcon_core.verb[0m [1;30mLevel 5[0m set package 'rain_project_autonomous_ship' build argument 'catkin_cmake_args' from command line to 'None'
[0.622s] [34mcolcon.colcon_core.verb[0m [1;30mLevel 5[0m set package 'rain_project_autonomous_ship' build argument 'catkin_skip_building_tests' from command line to 'False'
[0.623s] [34mcolcon.colcon_core.verb[0m [1;30mDEBUG[0m [32mBuilding package 'rain_project_autonomous_ship' with the following arguments: {'ament_cmake_args': None, 'build_base': '/home/rain/pointpillars_ws/build/rain_project_autonomous_ship', 'catkin_cmake_args': None, 'catkin_skip_building_tests': False, 'cmake_args': None, 'cmake_clean_cache': False, 'cmake_clean_first': False, 'cmake_force_configure': False, 'cmake_target': None, 'cmake_target_skip_unavailable': False, 'install_base': '/home/rain/pointpillars_ws/install/rain_project_autonomous_ship', 'merge_install': False, 'path': '/home/rain/pointpillars_ws/src/rain_project_autonomous_ship', 'symlink_install': False, 'test_result_base': None}[0m
[0.623s] [34mcolcon.colcon_core.executor[0m [1;30mINFO[0m Executing jobs using 'parallel' executor
[0.625s] [34mcolcon.colcon_parallel_executor.executor.parallel[0m [1;30mDEBUG[0m [32mrun_until_complete[0m
[0.625s] [34mcolcon.colcon_ros.task.ament_cmake.build[0m [1;30mINFO[0m Building ROS package in '/home/rain/pointpillars_ws/src/det_msgs' with build type 'ament_cmake'
[0.625s] [34mcolcon.colcon_cmake.task.cmake.build[0m [1;30mINFO[0m Building CMake package in '/home/rain/pointpillars_ws/src/det_msgs'
[0.628s] [34mcolcon.colcon_core.plugin_system[0m [1;30mINFO[0m Skipping extension 'colcon_core.shell.bat': Not used on non-Windows systems
[0.629s] [34mcolcon.colcon_core.shell[0m [1;30mINFO[0m Skip shell extension 'powershell' for command environment: Not usable outside of PowerShell
[0.629s] [34mcolcon.colcon_core.shell[0m [1;30mDEBUG[0m [32mSkip shell extension 'dsv' for command environment[0m
[0.645s] [34mcolcon.colcon_core.event_handler.log_command[0m [1;30mDEBUG[0m [32mInvoking command in '/home/rain/pointpillars_ws/build/det_msgs': CMAKE_PREFIX_PATH=${CMAKE_PREFIX_PATH}:/home/rain/pointpillars_ws/install/rain_project_autonomous_ship:/home/rain/pointpillars_ws/install/rain_det:/opt/ros/humble /usr/bin/cmake --build /home/rain/pointpillars_ws/build/det_msgs -- -j12 -l12[0m
[1.301s] [34mcolcon.colcon_core.event_handler.log_command[0m [1;30mDEBUG[0m [32mInvoked command in '/home/rain/pointpillars_ws/build/det_msgs' returned '0': CMAKE_PREFIX_PATH=${CMAKE_PREFIX_PATH}:/home/rain/pointpillars_ws/install/rain_project_autonomous_ship:/home/rain/pointpillars_ws/install/rain_det:/opt/ros/humble /usr/bin/cmake --build /home/rain/pointpillars_ws/build/det_msgs -- -j12 -l12[0m
[1.472s] [34mcolcon.colcon_core.event_handler.log_command[0m [1;30mDEBUG[0m [32mInvoking command in '/home/rain/pointpillars_ws/build/det_msgs': CMAKE_PREFIX_PATH=${CMAKE_PREFIX_PATH}:/home/rain/pointpillars_ws/install/rain_project_autonomous_ship:/home/rain/pointpillars_ws/install/rain_det:/opt/ros/humble /usr/bin/cmake --install /home/rain/pointpillars_ws/build/det_msgs[0m
[1.566s] [34mcolcon.colcon_core.environment[0m [1;30mLevel 1[0m create_environment_scripts_only(det_msgs)
[1.574s] [34mcolcon.colcon_core.event_handler.log_command[0m [1;30mDEBUG[0m [32mInvoked command in '/home/rain/pointpillars_ws/build/det_msgs' returned '0': CMAKE_PREFIX_PATH=${CMAKE_PREFIX_PATH}:/home/rain/pointpillars_ws/install/rain_project_autonomous_ship:/home/rain/pointpillars_ws/install/rain_det:/opt/ros/humble /usr/bin/cmake --install /home/rain/pointpillars_ws/build/det_msgs[0m
[1.578s] [34mcolcon.colcon_core.environment[0m [1;30mLevel 1[0m checking '/home/rain/pointpillars_ws/install/det_msgs' for CMake module files
[1.580s] [34mcolcon.colcon_core.environment[0m [1;30mLevel 1[0m checking '/home/rain/pointpillars_ws/install/det_msgs' for CMake config files
[1.582s] [34mcolcon.colcon_core.shell[0m [1;30mLevel 1[0m create_environment_hook('det_msgs', 'cmake_prefix_path')
[1.582s] [34mcolcon.colcon_core.shell[0m [1;30mINFO[0m Creating environment hook '/home/rain/pointpillars_ws/install/det_msgs/share/det_msgs/hook/cmake_prefix_path.ps1'
[1.584s] [34mcolcon.colcon_core.shell[0m [1;30mINFO[0m Creating environment descriptor '/home/rain/pointpillars_ws/install/det_msgs/share/det_msgs/hook/cmake_prefix_path.dsv'
[1.585s] [34mcolcon.colcon_core.shell[0m [1;30mINFO[0m Creating environment hook '/home/rain/pointpillars_ws/install/det_msgs/share/det_msgs/hook/cmake_prefix_path.sh'
[1.588s] [34mcolcon.colcon_core.environment[0m [1;30mLevel 1[0m checking '/home/rain/pointpillars_ws/install/det_msgs/lib'
[1.589s] [34mcolcon.colcon_core.shell[0m [1;30mLevel 1[0m create_environment_hook('det_msgs', 'ld_library_path_lib')
[1.590s] [34mcolcon.colcon_core.shell[0m [1;30mINFO[0m Creating environment hook '/home/rain/pointpillars_ws/install/det_msgs/share/det_msgs/hook/ld_library_path_lib.ps1'
[1.591s] [34mcolcon.colcon_core.shell[0m [1;30mINFO[0m Creating environment descriptor '/home/rain/pointpillars_ws/install/det_msgs/share/det_msgs/hook/ld_library_path_lib.dsv'
[1.592s] [34mcolcon.colcon_core.shell[0m [1;30mINFO[0m Creating environment hook '/home/rain/pointpillars_ws/install/det_msgs/share/det_msgs/hook/ld_library_path_lib.sh'
[1.593s] [34mcolcon.colcon_core.environment[0m [1;30mLevel 1[0m checking '/home/rain/pointpillars_ws/install/det_msgs/bin'
[1.594s] [34mcolcon.colcon_core.environment[0m [1;30mLevel 1[0m checking '/home/rain/pointpillars_ws/install/det_msgs/lib/pkgconfig/det_msgs.pc'
[1.594s] [34mcolcon.colcon_core.environment[0m [1;30mLevel 1[0m checking '/home/rain/pointpillars_ws/install/det_msgs/lib/python3.10/site-packages'
[1.595s] [34mcolcon.colcon_core.environment[0m [1;30mLevel 1[0m checking '/home/rain/pointpillars_ws/install/det_msgs/bin'
[1.596s] [34mcolcon.colcon_core.shell[0m [1;30mINFO[0m Creating package script '/home/rain/pointpillars_ws/install/det_msgs/share/det_msgs/package.ps1'
[1.599s] [34mcolcon.colcon_core.shell[0m [1;30mINFO[0m Creating package descriptor '/home/rain/pointpillars_ws/install/det_msgs/share/det_msgs/package.dsv'
[1.602s] [34mcolcon.colcon_core.shell[0m [1;30mINFO[0m Creating package script '/home/rain/pointpillars_ws/install/det_msgs/share/det_msgs/package.sh'
[1.604s] [34mcolcon.colcon_core.shell[0m [1;30mINFO[0m Creating package script '/home/rain/pointpillars_ws/install/det_msgs/share/det_msgs/package.bash'
[1.607s] [34mcolcon.colcon_core.shell[0m [1;30mINFO[0m Creating package script '/home/rain/pointpillars_ws/install/det_msgs/share/det_msgs/package.zsh'
[1.609s] [34mcolcon.colcon_core.environment[0m [1;30mLevel 1[0m create_file_with_runtime_dependencies(/home/rain/pointpillars_ws/install/det_msgs/share/colcon-core/packages/det_msgs)
[1.767s] [34mcolcon.colcon_core.environment[0m [1;30mLevel 1[0m create_environment_scripts_only(det_msgs)
[1.767s] [34mcolcon.colcon_core.environment[0m [1;30mLevel 1[0m checking '/home/rain/pointpillars_ws/install/det_msgs' for CMake module files
[1.769s] [34mcolcon.colcon_core.environment[0m [1;30mLevel 1[0m checking '/home/rain/pointpillars_ws/install/det_msgs' for CMake config files
[1.770s] [34mcolcon.colcon_core.shell[0m [1;30mLevel 1[0m create_environment_hook('det_msgs', 'cmake_prefix_path')
[1.771s] [34mcolcon.colcon_core.shell[0m [1;30mINFO[0m Creating environment hook '/home/rain/pointpillars_ws/install/det_msgs/share/det_msgs/hook/cmake_prefix_path.ps1'
[1.773s] [34mcolcon.colcon_core.shell[0m [1;30mINFO[0m Creating environment descriptor '/home/rain/pointpillars_ws/install/det_msgs/share/det_msgs/hook/cmake_prefix_path.dsv'
[1.774s] [34mcolcon.colcon_core.shell[0m [1;30mINFO[0m Creating environment hook '/home/rain/pointpillars_ws/install/det_msgs/share/det_msgs/hook/cmake_prefix_path.sh'
[1.776s] [34mcolcon.colcon_core.environment[0m [1;30mLevel 1[0m checking '/home/rain/pointpillars_ws/install/det_msgs/lib'
[1.776s] [34mcolcon.colcon_core.shell[0m [1;30mLevel 1[0m create_environment_hook('det_msgs', 'ld_library_path_lib')
[1.777s] [34mcolcon.colcon_core.shell[0m [1;30mINFO[0m Creating environment hook '/home/rain/pointpillars_ws/install/det_msgs/share/det_msgs/hook/ld_library_path_lib.ps1'
[1.779s] [34mcolcon.colcon_core.shell[0m [1;30mINFO[0m Creating environment descriptor '/home/rain/pointpillars_ws/install/det_msgs/share/det_msgs/hook/ld_library_path_lib.dsv'
[1.780s] [34mcolcon.colcon_core.shell[0m [1;30mINFO[0m Creating environment hook '/home/rain/pointpillars_ws/install/det_msgs/share/det_msgs/hook/ld_library_path_lib.sh'
[1.781s] [34mcolcon.colcon_core.environment[0m [1;30mLevel 1[0m checking '/home/rain/pointpillars_ws/install/det_msgs/bin'
[1.782s] [34mcolcon.colcon_core.environment[0m [1;30mLevel 1[0m checking '/home/rain/pointpillars_ws/install/det_msgs/lib/pkgconfig/det_msgs.pc'
[1.783s] [34mcolcon.colcon_core.environment[0m [1;30mLevel 1[0m checking '/home/rain/pointpillars_ws/install/det_msgs/lib/python3.10/site-packages'
[1.783s] [34mcolcon.colcon_core.environment[0m [1;30mLevel 1[0m checking '/home/rain/pointpillars_ws/install/det_msgs/bin'
[1.785s] [34mcolcon.colcon_core.shell[0m [1;30mINFO[0m Creating package script '/home/rain/pointpillars_ws/install/det_msgs/share/det_msgs/package.ps1'
[1.787s] [34mcolcon.colcon_core.shell[0m [1;30mINFO[0m Creating package descriptor '/home/rain/pointpillars_ws/install/det_msgs/share/det_msgs/package.dsv'
[1.789s] [34mcolcon.colcon_core.shell[0m [1;30mINFO[0m Creating package script '/home/rain/pointpillars_ws/install/det_msgs/share/det_msgs/package.sh'
[1.790s] [34mcolcon.colcon_core.shell[0m [1;30mINFO[0m Creating package script '/home/rain/pointpillars_ws/install/det_msgs/share/det_msgs/package.bash'
[1.792s] [34mcolcon.colcon_core.shell[0m [1;30mINFO[0m Creating package script '/home/rain/pointpillars_ws/install/det_msgs/share/det_msgs/package.zsh'
[1.794s] [34mcolcon.colcon_core.environment[0m [1;30mLevel 1[0m create_file_with_runtime_dependencies(/home/rain/pointpillars_ws/install/det_msgs/share/colcon-core/packages/det_msgs)
[1.795s] [34mcolcon.colcon_ros.task.ament_python.build[0m [1;30mINFO[0m Building ROS package in '/home/rain/pointpillars_ws/src/rain_det' with build type 'ament_python'
[1.796s] [34mcolcon.colcon_core.shell[0m [1;30mLevel 1[0m create_environment_hook('rain_det', 'ament_prefix_path')
[1.797s] [34mcolcon.colcon_core.shell[0m [1;30mINFO[0m Creating environment hook '/home/rain/pointpillars_ws/install/rain_det/share/rain_det/hook/ament_prefix_path.ps1'
[1.799s] [34mcolcon.colcon_core.shell[0m [1;30mINFO[0m Creating environment descriptor '/home/rain/pointpillars_ws/install/rain_det/share/rain_det/hook/ament_prefix_path.dsv'
[1.800s] [34mcolcon.colcon_core.shell[0m [1;30mINFO[0m Creating environment hook '/home/rain/pointpillars_ws/install/rain_det/share/rain_det/hook/ament_prefix_path.sh'
[1.802s] [34mcolcon.colcon_core.shell[0m [1;30mINFO[0m Skip shell extension 'powershell' for command environment: Not usable outside of PowerShell
[1.803s] [34mcolcon.colcon_core.shell[0m [1;30mDEBUG[0m [32mSkip shell extension 'dsv' for command environment[0m
[1.818s] [34mcolcon.colcon_ros.task.ament_python.build[0m [1;30mINFO[0m Building ROS package in '/home/rain/pointpillars_ws/src/rain_project_autonomous_ship' with build type 'ament_python'
[1.818s] [34mcolcon.colcon_core.shell[0m [1;30mLevel 1[0m create_environment_hook('rain_project_autonomous_ship', 'ament_prefix_path')
[1.819s] [34mcolcon.colcon_core.shell[0m [1;30mINFO[0m Creating environment hook '/home/rain/pointpillars_ws/install/rain_project_autonomous_ship/share/rain_project_autonomous_ship/hook/ament_prefix_path.ps1'
[1.820s] [34mcolcon.colcon_core.shell[0m [1;30mINFO[0m Creating environment descriptor '/home/rain/pointpillars_ws/install/rain_project_autonomous_ship/share/rain_project_autonomous_ship/hook/ament_prefix_path.dsv'
[1.820s] [34mcolcon.colcon_core.shell[0m [1;30mINFO[0m Creating environment hook '/home/rain/pointpillars_ws/install/rain_project_autonomous_ship/share/rain_project_autonomous_ship/hook/ament_prefix_path.sh'
[1.821s] [34mcolcon.colcon_core.shell[0m [1;30mINFO[0m Skip shell extension 'powershell' for command environment: Not usable outside of PowerShell
[1.822s] [34mcolcon.colcon_core.shell[0m [1;30mDEBUG[0m [32mSkip shell extension 'dsv' for command environment[0m
[2.324s] [34mcolcon.colcon_core.task.python.build[0m [1;30mINFO[0m Building Python package in '/home/rain/pointpillars_ws/src/rain_det'
[2.324s] [34mcolcon.colcon_core.shell[0m [1;30mINFO[0m Skip shell extension 'powershell' for command environment: Not usable outside of PowerShell
[2.324s] [34mcolcon.colcon_core.shell[0m [1;30mDEBUG[0m [32mSkip shell extension 'dsv' for command environment[0m
[2.825s] [34mcolcon.colcon_core.task.python.build[0m [1;30mINFO[0m Building Python package in '/home/rain/pointpillars_ws/src/rain_project_autonomous_ship'
[2.825s] [34mcolcon.colcon_core.shell[0m [1;30mINFO[0m Skip shell extension 'powershell' for command environment: Not usable outside of PowerShell
[2.825s] [34mcolcon.colcon_core.shell[0m [1;30mDEBUG[0m [32mSkip shell extension 'dsv' for command environment[0m
[3.479s] [34mcolcon.colcon_core.event_handler.log_command[0m [1;30mDEBUG[0m [32mInvoking command in '/home/rain/pointpillars_ws/src/rain_project_autonomous_ship': LD_LIBRARY_PATH=/home/rain/pointpillars_ws/install/det_msgs/lib:/usr/local/cuda-12.2/lib64:/usr/local/cuda-12.2/lib64:/usr/local/cuda-12.2/lib64:/home/rain/ndt_ws/install/scanmatcher/lib:/home/rain/ndt_ws/install/graph_based_slam/lib:/home/rain/ndt_ws/install/lidarslam_msgs/lib:/home/rain/ws_livox/install/livox_ros_driver2/lib:/opt/ros/humble/opt/rviz_ogre_vendor/lib:/opt/ros/humble/lib/aarch64-linux-gnu:/opt/ros/humble/lib:/usr/local/cuda-12.2/lib64:/usr/local/lib:/usr/local/lib:/usr/local/lib:/usr/local/lib PYTHONPATH=/home/rain/pointpillars_ws/build/rain_project_autonomous_ship/prefix_override:/usr/lib/python3/dist-packages/colcon_core/task/python/colcon_distutils_commands:/home/rain/pointpillars_ws/install/rain_project_autonomous_ship/lib/python3.10/site-packages:${PYTHONPATH} /usr/bin/python3 -W ignore:setup.py install is deprecated setup.py egg_info --egg-base ../../build/rain_project_autonomous_ship build --build-base /home/rain/pointpillars_ws/build/rain_project_autonomous_ship/build install --record /home/rain/pointpillars_ws/build/rain_project_autonomous_ship/install.log --single-version-externally-managed install_data[0m
[3.481s] [34mcolcon.colcon_core.event_handler.log_command[0m [1;30mDEBUG[0m [32mInvoking command in '/home/rain/pointpillars_ws/src/rain_det': LD_LIBRARY_PATH=/home/rain/pointpillars_ws/install/det_msgs/lib:/usr/local/cuda-12.2/lib64:/usr/local/cuda-12.2/lib64:/usr/local/cuda-12.2/lib64:/home/rain/ndt_ws/install/scanmatcher/lib:/home/rain/ndt_ws/install/graph_based_slam/lib:/home/rain/ndt_ws/install/lidarslam_msgs/lib:/home/rain/ws_livox/install/livox_ros_driver2/lib:/opt/ros/humble/opt/rviz_ogre_vendor/lib:/opt/ros/humble/lib/aarch64-linux-gnu:/opt/ros/humble/lib:/usr/local/cuda-12.2/lib64:/usr/local/lib:/usr/local/lib:/usr/local/lib:/usr/local/lib PYTHONPATH=/home/rain/pointpillars_ws/build/rain_det/prefix_override:/usr/lib/python3/dist-packages/colcon_core/task/python/colcon_distutils_commands:/home/rain/pointpillars_ws/install/rain_det/lib/python3.10/site-packages:${PYTHONPATH} /usr/bin/python3 -W ignore:setup.py install is deprecated setup.py egg_info --egg-base ../../build/rain_det build --build-base /home/rain/pointpillars_ws/build/rain_det/build install --record /home/rain/pointpillars_ws/build/rain_det/install.log --single-version-externally-managed install_data[0m
[4.034s] [34mcolcon.colcon_core.environment[0m [1;30mLevel 1[0m checking '/home/rain/pointpillars_ws/install/rain_project_autonomous_ship' for CMake module files
[4.037s] [34mcolcon.colcon_core.event_handler.log_command[0m [1;30mDEBUG[0m [32mInvoked command in '/home/rain/pointpillars_ws/src/rain_project_autonomous_ship' returned '0': LD_LIBRARY_PATH=/home/rain/pointpillars_ws/install/det_msgs/lib:/usr/local/cuda-12.2/lib64:/usr/local/cuda-12.2/lib64:/usr/local/cuda-12.2/lib64:/home/rain/ndt_ws/install/scanmatcher/lib:/home/rain/ndt_ws/install/graph_based_slam/lib:/home/rain/ndt_ws/install/lidarslam_msgs/lib:/home/rain/ws_livox/install/livox_ros_driver2/lib:/opt/ros/humble/opt/rviz_ogre_vendor/lib:/opt/ros/humble/lib/aarch64-linux-gnu:/opt/ros/humble/lib:/usr/local/cuda-12.2/lib64:/usr/local/lib:/usr/local/lib:/usr/local/lib:/usr/local/lib PYTHONPATH=/home/rain/pointpillars_ws/build/rain_project_autonomous_ship/prefix_override:/usr/lib/python3/dist-packages/colcon_core/task/python/colcon_distutils_commands:/home/rain/pointpillars_ws/install/rain_project_autonomous_ship/lib/python3.10/site-packages:${PYTHONPATH} /usr/bin/python3 -W ignore:setup.py install is deprecated setup.py egg_info --egg-base ../../build/rain_project_autonomous_ship build --build-base /home/rain/pointpillars_ws/build/rain_project_autonomous_ship/build install --record /home/rain/pointpillars_ws/build/rain_project_autonomous_ship/install.log --single-version-externally-managed install_data[0m
[4.038s] [34mcolcon.colcon_core.environment[0m [1;30mLevel 1[0m checking '/home/rain/pointpillars_ws/install/rain_project_autonomous_ship' for CMake config files
[4.041s] [34mcolcon.colcon_core.environment[0m [1;30mLevel 1[0m checking '/home/rain/pointpillars_ws/install/rain_project_autonomous_ship/lib'
[4.041s] [34mcolcon.colcon_core.environment[0m [1;30mLevel 1[0m checking '/home/rain/pointpillars_ws/install/rain_project_autonomous_ship/bin'
[4.041s] [34mcolcon.colcon_core.environment[0m [1;30mLevel 1[0m checking '/home/rain/pointpillars_ws/install/rain_project_autonomous_ship/lib/pkgconfig/rain_project_autonomous_ship.pc'
[4.042s] [34mcolcon.colcon_core.environment[0m [1;30mLevel 1[0m checking '/home/rain/pointpillars_ws/install/rain_project_autonomous_ship/lib/python3.10/site-packages'
[4.042s] [34mcolcon.colcon_core.shell[0m [1;30mLevel 1[0m create_environment_hook('rain_project_autonomous_ship', 'pythonpath')
[4.043s] [34mcolcon.colcon_core.shell[0m [1;30mINFO[0m Creating environment hook '/home/rain/pointpillars_ws/install/rain_project_autonomous_ship/share/rain_project_autonomous_ship/hook/pythonpath.ps1'
[4.045s] [34mcolcon.colcon_core.shell[0m [1;30mINFO[0m Creating environment descriptor '/home/rain/pointpillars_ws/install/rain_project_autonomous_ship/share/rain_project_autonomous_ship/hook/pythonpath.dsv'
[4.046s] [34mcolcon.colcon_core.shell[0m [1;30mINFO[0m Creating environment hook '/home/rain/pointpillars_ws/install/rain_project_autonomous_ship/share/rain_project_autonomous_ship/hook/pythonpath.sh'
[4.048s] [34mcolcon.colcon_core.environment[0m [1;30mLevel 1[0m checking '/home/rain/pointpillars_ws/install/rain_project_autonomous_ship/bin'
[4.048s] [34mcolcon.colcon_core.environment[0m [1;30mLevel 1[0m create_environment_scripts_only(rain_project_autonomous_ship)
[4.049s] [34mcolcon.colcon_core.shell[0m [1;30mINFO[0m Creating package script '/home/rain/pointpillars_ws/install/rain_project_autonomous_ship/share/rain_project_autonomous_ship/package.ps1'
[4.051s] [34mcolcon.colcon_core.shell[0m [1;30mINFO[0m Creating package descriptor '/home/rain/pointpillars_ws/install/rain_project_autonomous_ship/share/rain_project_autonomous_ship/package.dsv'
[4.053s] [34mcolcon.colcon_core.shell[0m [1;30mINFO[0m Creating package script '/home/rain/pointpillars_ws/install/rain_project_autonomous_ship/share/rain_project_autonomous_ship/package.sh'
[4.054s] [34mcolcon.colcon_core.shell[0m [1;30mINFO[0m Creating package script '/home/rain/pointpillars_ws/install/rain_project_autonomous_ship/share/rain_project_autonomous_ship/package.bash'
[4.055s] [34mcolcon.colcon_core.shell[0m [1;30mINFO[0m Creating package script '/home/rain/pointpillars_ws/install/rain_project_autonomous_ship/share/rain_project_autonomous_ship/package.zsh'
[4.056s] [34mcolcon.colcon_core.environment[0m [1;30mLevel 1[0m create_file_with_runtime_dependencies(/home/rain/pointpillars_ws/install/rain_project_autonomous_ship/share/colcon-core/packages/rain_project_autonomous_ship)
[4.059s] [34mcolcon.colcon_core.environment[0m [1;30mLevel 1[0m checking '/home/rain/pointpillars_ws/install/rain_det' for CMake module files
[4.062s] [34mcolcon.colcon_core.event_handler.log_command[0m [1;30mDEBUG[0m [32mInvoked command in '/home/rain/pointpillars_ws/src/rain_det' returned '0': LD_LIBRARY_PATH=/home/rain/pointpillars_ws/install/det_msgs/lib:/usr/local/cuda-12.2/lib64:/usr/local/cuda-12.2/lib64:/usr/local/cuda-12.2/lib64:/home/rain/ndt_ws/install/scanmatcher/lib:/home/rain/ndt_ws/install/graph_based_slam/lib:/home/rain/ndt_ws/install/lidarslam_msgs/lib:/home/rain/ws_livox/install/livox_ros_driver2/lib:/opt/ros/humble/opt/rviz_ogre_vendor/lib:/opt/ros/humble/lib/aarch64-linux-gnu:/opt/ros/humble/lib:/usr/local/cuda-12.2/lib64:/usr/local/lib:/usr/local/lib:/usr/local/lib:/usr/local/lib PYTHONPATH=/home/rain/pointpillars_ws/build/rain_det/prefix_override:/usr/lib/python3/dist-packages/colcon_core/task/python/colcon_distutils_commands:/home/rain/pointpillars_ws/install/rain_det/lib/python3.10/site-packages:${PYTHONPATH} /usr/bin/python3 -W ignore:setup.py install is deprecated setup.py egg_info --egg-base ../../build/rain_det build --build-base /home/rain/pointpillars_ws/build/rain_det/build install --record /home/rain/pointpillars_ws/build/rain_det/install.log --single-version-externally-managed install_data[0m
[4.063s] [34mcolcon.colcon_core.environment[0m [1;30mLevel 1[0m checking '/home/rain/pointpillars_ws/install/rain_det' for CMake config files
[4.065s] [34mcolcon.colcon_core.environment[0m [1;30mLevel 1[0m checking '/home/rain/pointpillars_ws/install/rain_det/lib'
[4.066s] [34mcolcon.colcon_core.environment[0m [1;30mLevel 1[0m checking '/home/rain/pointpillars_ws/install/rain_det/bin'
[4.066s] [34mcolcon.colcon_core.environment[0m [1;30mLevel 1[0m checking '/home/rain/pointpillars_ws/install/rain_det/lib/pkgconfig/rain_det.pc'
[4.067s] [34mcolcon.colcon_core.environment[0m [1;30mLevel 1[0m checking '/home/rain/pointpillars_ws/install/rain_det/lib/python3.10/site-packages'
[4.067s] [34mcolcon.colcon_core.shell[0m [1;30mLevel 1[0m create_environment_hook('rain_det', 'pythonpath')
[4.068s] [34mcolcon.colcon_core.shell[0m [1;30mINFO[0m Creating environment hook '/home/rain/pointpillars_ws/install/rain_det/share/rain_det/hook/pythonpath.ps1'
[4.069s] [34mcolcon.colcon_core.shell[0m [1;30mINFO[0m Creating environment descriptor '/home/rain/pointpillars_ws/install/rain_det/share/rain_det/hook/pythonpath.dsv'
[4.071s] [34mcolcon.colcon_core.shell[0m [1;30mINFO[0m Creating environment hook '/home/rain/pointpillars_ws/install/rain_det/share/rain_det/hook/pythonpath.sh'
[4.073s] [34mcolcon.colcon_core.environment[0m [1;30mLevel 1[0m checking '/home/rain/pointpillars_ws/install/rain_det/bin'
[4.073s] [34mcolcon.colcon_core.environment[0m [1;30mLevel 1[0m create_environment_scripts_only(rain_det)
[4.074s] [34mcolcon.colcon_core.shell[0m [1;30mINFO[0m Creating package script '/home/rain/pointpillars_ws/install/rain_det/share/rain_det/package.ps1'
[4.076s] [34mcolcon.colcon_core.shell[0m [1;30mINFO[0m Creating package descriptor '/home/rain/pointpillars_ws/install/rain_det/share/rain_det/package.dsv'
[4.077s] [34mcolcon.colcon_core.shell[0m [1;30mINFO[0m Creating package script '/home/rain/pointpillars_ws/install/rain_det/share/rain_det/package.sh'
[4.079s] [34mcolcon.colcon_core.shell[0m [1;30mINFO[0m Creating package script '/home/rain/pointpillars_ws/install/rain_det/share/rain_det/package.bash'
[4.080s] [34mcolcon.colcon_core.shell[0m [1;30mINFO[0m Creating package script '/home/rain/pointpillars_ws/install/rain_det/share/rain_det/package.zsh'
[4.081s] [34mcolcon.colcon_core.environment[0m [1;30mLevel 1[0m create_file_with_runtime_dependencies(/home/rain/pointpillars_ws/install/rain_det/share/colcon-core/packages/rain_det)
[4.082s] [34mcolcon.colcon_parallel_executor.executor.parallel[0m [1;30mDEBUG[0m [32mclosing loop[0m
[4.084s] [34mcolcon.colcon_parallel_executor.executor.parallel[0m [1;30mDEBUG[0m [32mloop closed[0m
[4.084s] [34mcolcon.colcon_parallel_executor.executor.parallel[0m [1;30mDEBUG[0m [32mrun_until_complete finished with '0'[0m
[4.084s] [34mcolcon.colcon_core.event_reactor[0m [1;30mDEBUG[0m [32mjoining thread[0m
[4.103s] [34mcolcon.colcon_core.plugin_system[0m [1;30mINFO[0m Skipping extension 'colcon_notification.desktop_notification.terminal_notifier': Not used on non-Darwin systems
[4.104s] [34mcolcon.colcon_core.plugin_system[0m [1;30mINFO[0m Skipping extension 'colcon_notification.desktop_notification.win32': Not used on non-Windows systems
[4.104s] [34mcolcon.colcon_notification.desktop_notification[0m [1;30mINFO[0m Sending desktop notification using 'notify2'
[4.133s] [34mcolcon.colcon_core.event_reactor[0m [1;30mDEBUG[0m [32mjoined thread[0m
[4.135s] [34mcolcon.colcon_core.shell[0m [1;30mINFO[0m Creating prefix script '/home/rain/pointpillars_ws/install/local_setup.ps1'
[4.139s] [34mcolcon.colcon_core.shell[0m [1;30mINFO[0m Creating prefix util module '/home/rain/pointpillars_ws/install/_local_setup_util_ps1.py'
[4.144s] [34mcolcon.colcon_core.shell[0m [1;30mINFO[0m Creating prefix chain script '/home/rain/pointpillars_ws/install/setup.ps1'
[4.149s] [34mcolcon.colcon_core.shell[0m [1;30mINFO[0m Creating prefix script '/home/rain/pointpillars_ws/install/local_setup.sh'
[4.151s] [34mcolcon.colcon_core.shell[0m [1;30mINFO[0m Creating prefix util module '/home/rain/pointpillars_ws/install/_local_setup_util_sh.py'
[4.152s] [34mcolcon.colcon_core.shell[0m [1;30mINFO[0m Creating prefix chain script '/home/rain/pointpillars_ws/install/setup.sh'
[4.157s] [34mcolcon.colcon_core.shell[0m [1;30mINFO[0m Creating prefix script '/home/rain/pointpillars_ws/install/local_setup.bash'
[4.159s] [34mcolcon.colcon_core.shell[0m [1;30mINFO[0m Creating prefix chain script '/home/rain/pointpillars_ws/install/setup.bash'
[4.164s] [34mcolcon.colcon_core.shell[0m [1;30mINFO[0m Creating prefix script '/home/rain/pointpillars_ws/install/local_setup.zsh'
[4.166s] [34mcolcon.colcon_core.shell[0m [1;30mINFO[0m Creating prefix chain script '/home/rain/pointpillars_ws/install/setup.zsh'
