[0.017s] Invoking command in '/home/rain/pointpillars_ws/build/det_msgs': CMAKE_PREFIX_PATH=${CMAKE_PREFIX_PATH}:/home/rain/pointpillars_ws/install/rain_project_autonomous_ship:/home/rain/pointpillars_ws/install/rain_det:/opt/ros/humble /usr/bin/cmake --build /home/rain/pointpillars_ws/build/det_msgs -- -j12 -l12
[0.092s] [35m[1mConsolidate compiler generated dependencies of target det_msgs__rosidl_generator_c[0m
[0.110s] [  2%] Built target det_msgs__cpp
[0.114s] [ 12%] Built target det_msgs__rosidl_generator_c
[0.126s] [ 12%] Built target ament_cmake_python_copy_det_msgs
[0.127s] [35m[1mConsolidate compiler generated dependencies of target det_msgs__rosidl_typesupport_cpp[0m
[0.127s] [35m[1mConsolidate compiler generated dependencies of target det_msgs__rosidl_typesupport_introspection_cpp[0m
[0.127s] [35m[1mConsolidate compiler generated dependencies of target det_msgs__rosidl_typesupport_fastrtps_cpp[0m
[0.130s] [35m[1mConsolidate compiler generated dependencies of target det_msgs__rosidl_typesupport_c[0m
[0.130s] [35m[1mConsolidate compiler generated dependencies of target det_msgs__rosidl_typesupport_fastrtps_c[0m
[0.131s] [35m[1mConsolidate compiler generated dependencies of target det_msgs__rosidl_typesupport_introspection_c[0m
[0.149s] [ 33%] Built target det_msgs__rosidl_typesupport_cpp
[0.149s] [ 33%] Built target det_msgs__rosidl_typesupport_introspection_cpp
[0.149s] [ 43%] Built target det_msgs__rosidl_typesupport_introspection_c
[0.150s] [ 61%] Built target det_msgs__rosidl_typesupport_fastrtps_cpp
[0.151s] [ 64%] Built target det_msgs__rosidl_typesupport_c
[0.154s] [ 74%] Built target det_msgs__rosidl_typesupport_fastrtps_c
[0.192s] [ 74%] Built target det_msgs
[0.231s] [ 76%] Built target det_msgs__py
[0.250s] [35m[1mConsolidate compiler generated dependencies of target det_msgs__rosidl_generator_py[0m
[0.276s] [ 84%] Built target det_msgs__rosidl_generator_py
[0.293s] [35m[1mConsolidate compiler generated dependencies of target det_msgs__rosidl_typesupport_fastrtps_c__pyext[0m
[0.293s] [35m[1mConsolidate compiler generated dependencies of target det_msgs__rosidl_typesupport_c__pyext[0m
[0.293s] [35m[1mConsolidate compiler generated dependencies of target det_msgs__rosidl_typesupport_introspection_c__pyext[0m
[0.315s] [ 94%] Built target det_msgs__rosidl_typesupport_fastrtps_c__pyext
[0.315s] [ 94%] Built target det_msgs__rosidl_typesupport_c__pyext
[0.317s] [100%] Built target det_msgs__rosidl_typesupport_introspection_c__pyext
[0.591s] running egg_info
[0.597s] writing manifest file 'det_msgs.egg-info/SOURCES.txt'
[0.657s] [100%] Built target ament_cmake_python_build_det_msgs_egg
[0.678s] Invoked command in '/home/rain/pointpillars_ws/build/det_msgs' returned '0': CMAKE_PREFIX_PATH=${CMAKE_PREFIX_PATH}:/home/rain/pointpillars_ws/install/rain_project_autonomous_ship:/home/rain/pointpillars_ws/install/rain_det:/opt/ros/humble /usr/bin/cmake --build /home/rain/pointpillars_ws/build/det_msgs -- -j12 -l12
[0.844s] Invoking command in '/home/rain/pointpillars_ws/build/det_msgs': CMAKE_PREFIX_PATH=${CMAKE_PREFIX_PATH}:/home/rain/pointpillars_ws/install/rain_project_autonomous_ship:/home/rain/pointpillars_ws/install/rain_det:/opt/ros/humble /usr/bin/cmake --install /home/rain/pointpillars_ws/build/det_msgs
[0.858s] -- Install configuration: ""
[0.858s] -- Up-to-date: /home/rain/pointpillars_ws/install/det_msgs/share/ament_index/resource_index/rosidl_interfaces/det_msgs
[0.859s] -- Up-to-date: /home/rain/pointpillars_ws/install/det_msgs/include/det_msgs/det_msgs
[0.859s] -- Up-to-date: /home/rain/pointpillars_ws/install/det_msgs/include/det_msgs/det_msgs/msg
[0.859s] -- Up-to-date: /home/rain/pointpillars_ws/install/det_msgs/include/det_msgs/det_msgs/msg/rosidl_generator_c__visibility_control.h
[0.859s] -- Up-to-date: /home/rain/pointpillars_ws/install/det_msgs/include/det_msgs/det_msgs/msg/clustered_detected_objects.h
[0.859s] -- Up-to-date: /home/rain/pointpillars_ws/install/det_msgs/include/det_msgs/det_msgs/msg/detail
[0.859s] -- Up-to-date: /home/rain/pointpillars_ws/install/det_msgs/include/det_msgs/det_msgs/msg/detail/detected_objects__functions.c
[0.859s] -- Up-to-date: /home/rain/pointpillars_ws/install/det_msgs/include/det_msgs/det_msgs/msg/detail/detected_objects__type_support.h
[0.859s] -- Up-to-date: /home/rain/pointpillars_ws/install/det_msgs/include/det_msgs/det_msgs/msg/detail/detected_objects__struct.h
[0.859s] -- Up-to-date: /home/rain/pointpillars_ws/install/det_msgs/include/det_msgs/det_msgs/msg/detail/clustered_detected_objects__functions.h
[0.860s] -- Up-to-date: /home/rain/pointpillars_ws/install/det_msgs/include/det_msgs/det_msgs/msg/detail/clustered_detected_objects__struct.h
[0.860s] -- Up-to-date: /home/rain/pointpillars_ws/install/det_msgs/include/det_msgs/det_msgs/msg/detail/detected_objects__functions.h
[0.860s] -- Up-to-date: /home/rain/pointpillars_ws/install/det_msgs/include/det_msgs/det_msgs/msg/detail/clustered_detected_objects__type_support.h
[0.860s] -- Up-to-date: /home/rain/pointpillars_ws/install/det_msgs/include/det_msgs/det_msgs/msg/detail/clustered_detected_objects__functions.c
[0.860s] -- Up-to-date: /home/rain/pointpillars_ws/install/det_msgs/include/det_msgs/det_msgs/msg/detected_objects.h
[0.860s] -- Up-to-date: /home/rain/pointpillars_ws/install/det_msgs/share/det_msgs/environment/library_path.sh
[0.860s] -- Up-to-date: /home/rain/pointpillars_ws/install/det_msgs/share/det_msgs/environment/library_path.dsv
[0.860s] -- Up-to-date: /home/rain/pointpillars_ws/install/det_msgs/lib/libdet_msgs__rosidl_generator_c.so
[0.860s] -- Up-to-date: /home/rain/pointpillars_ws/install/det_msgs/include/det_msgs/det_msgs
[0.861s] -- Up-to-date: /home/rain/pointpillars_ws/install/det_msgs/include/det_msgs/det_msgs/msg
[0.861s] -- Up-to-date: /home/rain/pointpillars_ws/install/det_msgs/include/det_msgs/det_msgs/msg/detail
[0.861s] -- Up-to-date: /home/rain/pointpillars_ws/install/det_msgs/include/det_msgs/det_msgs/msg/detail/clustered_detected_objects__rosidl_typesupport_fastrtps_c.h
[0.861s] -- Up-to-date: /home/rain/pointpillars_ws/install/det_msgs/include/det_msgs/det_msgs/msg/detail/detected_objects__rosidl_typesupport_fastrtps_c.h
[0.861s] -- Up-to-date: /home/rain/pointpillars_ws/install/det_msgs/include/det_msgs/det_msgs/msg/rosidl_typesupport_fastrtps_c__visibility_control.h
[0.861s] -- Up-to-date: /home/rain/pointpillars_ws/install/det_msgs/lib/libdet_msgs__rosidl_typesupport_fastrtps_c.so
[0.861s] -- Up-to-date: /home/rain/pointpillars_ws/install/det_msgs/include/det_msgs/det_msgs
[0.861s] -- Up-to-date: /home/rain/pointpillars_ws/install/det_msgs/include/det_msgs/det_msgs/msg
[0.861s] -- Up-to-date: /home/rain/pointpillars_ws/install/det_msgs/include/det_msgs/det_msgs/msg/rosidl_typesupport_introspection_c__visibility_control.h
[0.861s] -- Up-to-date: /home/rain/pointpillars_ws/install/det_msgs/include/det_msgs/det_msgs/msg/detail
[0.862s] -- Up-to-date: /home/rain/pointpillars_ws/install/det_msgs/include/det_msgs/det_msgs/msg/detail/detected_objects__type_support.c
[0.862s] -- Up-to-date: /home/rain/pointpillars_ws/install/det_msgs/include/det_msgs/det_msgs/msg/detail/detected_objects__rosidl_typesupport_introspection_c.h
[0.862s] -- Up-to-date: /home/rain/pointpillars_ws/install/det_msgs/include/det_msgs/det_msgs/msg/detail/clustered_detected_objects__rosidl_typesupport_introspection_c.h
[0.862s] -- Up-to-date: /home/rain/pointpillars_ws/install/det_msgs/include/det_msgs/det_msgs/msg/detail/clustered_detected_objects__type_support.c
[0.862s] -- Up-to-date: /home/rain/pointpillars_ws/install/det_msgs/lib/libdet_msgs__rosidl_typesupport_introspection_c.so
[0.862s] -- Up-to-date: /home/rain/pointpillars_ws/install/det_msgs/lib/libdet_msgs__rosidl_typesupport_c.so
[0.862s] -- Up-to-date: /home/rain/pointpillars_ws/install/det_msgs/include/det_msgs/det_msgs
[0.862s] -- Up-to-date: /home/rain/pointpillars_ws/install/det_msgs/include/det_msgs/det_msgs/msg
[0.862s] -- Up-to-date: /home/rain/pointpillars_ws/install/det_msgs/include/det_msgs/det_msgs/msg/detected_objects.hpp
[0.863s] -- Up-to-date: /home/rain/pointpillars_ws/install/det_msgs/include/det_msgs/det_msgs/msg/detail
[0.863s] -- Up-to-date: /home/rain/pointpillars_ws/install/det_msgs/include/det_msgs/det_msgs/msg/detail/detected_objects__builder.hpp
[0.863s] -- Up-to-date: /home/rain/pointpillars_ws/install/det_msgs/include/det_msgs/det_msgs/msg/detail/detected_objects__traits.hpp
[0.863s] -- Up-to-date: /home/rain/pointpillars_ws/install/det_msgs/include/det_msgs/det_msgs/msg/detail/clustered_detected_objects__builder.hpp
[0.863s] -- Up-to-date: /home/rain/pointpillars_ws/install/det_msgs/include/det_msgs/det_msgs/msg/detail/clustered_detected_objects__traits.hpp
[0.863s] -- Up-to-date: /home/rain/pointpillars_ws/install/det_msgs/include/det_msgs/det_msgs/msg/detail/clustered_detected_objects__struct.hpp
[0.863s] -- Up-to-date: /home/rain/pointpillars_ws/install/det_msgs/include/det_msgs/det_msgs/msg/detail/detected_objects__struct.hpp
[0.863s] -- Up-to-date: /home/rain/pointpillars_ws/install/det_msgs/include/det_msgs/det_msgs/msg/clustered_detected_objects.hpp
[0.863s] -- Up-to-date: /home/rain/pointpillars_ws/install/det_msgs/include/det_msgs/det_msgs
[0.863s] -- Up-to-date: /home/rain/pointpillars_ws/install/det_msgs/include/det_msgs/det_msgs/msg
[0.864s] -- Up-to-date: /home/rain/pointpillars_ws/install/det_msgs/include/det_msgs/det_msgs/msg/detail
[0.864s] -- Up-to-date: /home/rain/pointpillars_ws/install/det_msgs/include/det_msgs/det_msgs/msg/detail/dds_fastrtps
[0.864s] -- Up-to-date: /home/rain/pointpillars_ws/install/det_msgs/include/det_msgs/det_msgs/msg/detail/detected_objects__rosidl_typesupport_fastrtps_cpp.hpp
[0.864s] -- Up-to-date: /home/rain/pointpillars_ws/install/det_msgs/include/det_msgs/det_msgs/msg/detail/clustered_detected_objects__rosidl_typesupport_fastrtps_cpp.hpp
[0.864s] -- Up-to-date: /home/rain/pointpillars_ws/install/det_msgs/include/det_msgs/det_msgs/msg/rosidl_typesupport_fastrtps_cpp__visibility_control.h
[0.864s] -- Up-to-date: /home/rain/pointpillars_ws/install/det_msgs/lib/libdet_msgs__rosidl_typesupport_fastrtps_cpp.so
[0.864s] -- Up-to-date: /home/rain/pointpillars_ws/install/det_msgs/include/det_msgs/det_msgs
[0.864s] -- Up-to-date: /home/rain/pointpillars_ws/install/det_msgs/include/det_msgs/det_msgs/msg
[0.864s] -- Up-to-date: /home/rain/pointpillars_ws/install/det_msgs/include/det_msgs/det_msgs/msg/detail
[0.864s] -- Up-to-date: /home/rain/pointpillars_ws/install/det_msgs/include/det_msgs/det_msgs/msg/detail/detected_objects__rosidl_typesupport_introspection_cpp.hpp
[0.865s] -- Up-to-date: /home/rain/pointpillars_ws/install/det_msgs/include/det_msgs/det_msgs/msg/detail/detected_objects__type_support.cpp
[0.865s] -- Up-to-date: /home/rain/pointpillars_ws/install/det_msgs/include/det_msgs/det_msgs/msg/detail/clustered_detected_objects__rosidl_typesupport_introspection_cpp.hpp
[0.865s] -- Up-to-date: /home/rain/pointpillars_ws/install/det_msgs/include/det_msgs/det_msgs/msg/detail/clustered_detected_objects__type_support.cpp
[0.865s] -- Up-to-date: /home/rain/pointpillars_ws/install/det_msgs/lib/libdet_msgs__rosidl_typesupport_introspection_cpp.so
[0.865s] -- Up-to-date: /home/rain/pointpillars_ws/install/det_msgs/lib/libdet_msgs__rosidl_typesupport_cpp.so
[0.865s] -- Up-to-date: /home/rain/pointpillars_ws/install/det_msgs/share/det_msgs/environment/pythonpath.sh
[0.865s] -- Up-to-date: /home/rain/pointpillars_ws/install/det_msgs/share/det_msgs/environment/pythonpath.dsv
[0.865s] -- Up-to-date: /home/rain/pointpillars_ws/install/det_msgs/local/lib/python3.10/dist-packages/det_msgs-0.0.0-py3.10.egg-info
[0.865s] -- Installing: /home/rain/pointpillars_ws/install/det_msgs/local/lib/python3.10/dist-packages/det_msgs-0.0.0-py3.10.egg-info/PKG-INFO
[0.866s] -- Installing: /home/rain/pointpillars_ws/install/det_msgs/local/lib/python3.10/dist-packages/det_msgs-0.0.0-py3.10.egg-info/SOURCES.txt
[0.866s] -- Installing: /home/rain/pointpillars_ws/install/det_msgs/local/lib/python3.10/dist-packages/det_msgs-0.0.0-py3.10.egg-info/top_level.txt
[0.866s] -- Installing: /home/rain/pointpillars_ws/install/det_msgs/local/lib/python3.10/dist-packages/det_msgs-0.0.0-py3.10.egg-info/dependency_links.txt
[0.866s] -- Up-to-date: /home/rain/pointpillars_ws/install/det_msgs/local/lib/python3.10/dist-packages/det_msgs
[0.866s] -- Up-to-date: /home/rain/pointpillars_ws/install/det_msgs/local/lib/python3.10/dist-packages/det_msgs/_det_msgs_s.ep.rosidl_typesupport_introspection_c.c
[0.866s] -- Up-to-date: /home/rain/pointpillars_ws/install/det_msgs/local/lib/python3.10/dist-packages/det_msgs/_det_msgs_s.ep.rosidl_typesupport_c.c
[0.866s] -- Up-to-date: /home/rain/pointpillars_ws/install/det_msgs/local/lib/python3.10/dist-packages/det_msgs/det_msgs_s__rosidl_typesupport_c.cpython-310-aarch64-linux-gnu.so
[0.866s] -- Up-to-date: /home/rain/pointpillars_ws/install/det_msgs/local/lib/python3.10/dist-packages/det_msgs/msg
[0.866s] -- Up-to-date: /home/rain/pointpillars_ws/install/det_msgs/local/lib/python3.10/dist-packages/det_msgs/msg/_detected_objects_s.c
[0.866s] -- Up-to-date: /home/rain/pointpillars_ws/install/det_msgs/local/lib/python3.10/dist-packages/det_msgs/msg/_clustered_detected_objects.py
[0.866s] -- Up-to-date: /home/rain/pointpillars_ws/install/det_msgs/local/lib/python3.10/dist-packages/det_msgs/msg/_detected_objects.py
[0.866s] -- Up-to-date: /home/rain/pointpillars_ws/install/det_msgs/local/lib/python3.10/dist-packages/det_msgs/msg/__init__.py
[0.867s] -- Up-to-date: /home/rain/pointpillars_ws/install/det_msgs/local/lib/python3.10/dist-packages/det_msgs/msg/_clustered_detected_objects_s.c
[0.867s] -- Up-to-date: /home/rain/pointpillars_ws/install/det_msgs/local/lib/python3.10/dist-packages/det_msgs/_det_msgs_s.ep.rosidl_typesupport_fastrtps_c.c
[0.867s] -- Up-to-date: /home/rain/pointpillars_ws/install/det_msgs/local/lib/python3.10/dist-packages/det_msgs/libdet_msgs__rosidl_generator_py.so
[0.867s] -- Up-to-date: /home/rain/pointpillars_ws/install/det_msgs/local/lib/python3.10/dist-packages/det_msgs/det_msgs_s__rosidl_typesupport_introspection_c.cpython-310-aarch64-linux-gnu.so
[0.867s] -- Up-to-date: /home/rain/pointpillars_ws/install/det_msgs/local/lib/python3.10/dist-packages/det_msgs/__init__.py
[0.867s] -- Up-to-date: /home/rain/pointpillars_ws/install/det_msgs/local/lib/python3.10/dist-packages/det_msgs/det_msgs_s__rosidl_typesupport_fastrtps_c.cpython-310-aarch64-linux-gnu.so
[0.923s] Listing '/home/rain/pointpillars_ws/install/det_msgs/local/lib/python3.10/dist-packages/det_msgs'...
[0.923s] Listing '/home/rain/pointpillars_ws/install/det_msgs/local/lib/python3.10/dist-packages/det_msgs/msg'...
[0.930s] -- Up-to-date: /home/rain/pointpillars_ws/install/det_msgs/local/lib/python3.10/dist-packages/det_msgs/det_msgs_s__rosidl_typesupport_fastrtps_c.cpython-310-aarch64-linux-gnu.so
[0.930s] -- Up-to-date: /home/rain/pointpillars_ws/install/det_msgs/local/lib/python3.10/dist-packages/det_msgs/det_msgs_s__rosidl_typesupport_introspection_c.cpython-310-aarch64-linux-gnu.so
[0.931s] -- Up-to-date: /home/rain/pointpillars_ws/install/det_msgs/local/lib/python3.10/dist-packages/det_msgs/det_msgs_s__rosidl_typesupport_c.cpython-310-aarch64-linux-gnu.so
[0.931s] -- Up-to-date: /home/rain/pointpillars_ws/install/det_msgs/lib/libdet_msgs__rosidl_generator_py.so
[0.931s] -- Up-to-date: /home/rain/pointpillars_ws/install/det_msgs/share/det_msgs/msg/DetectedObjects.idl
[0.931s] -- Up-to-date: /home/rain/pointpillars_ws/install/det_msgs/share/det_msgs/msg/ClusteredDetectedObjects.idl
[0.932s] -- Up-to-date: /home/rain/pointpillars_ws/install/det_msgs/share/det_msgs/msg/DetectedObjects.msg
[0.932s] -- Up-to-date: /home/rain/pointpillars_ws/install/det_msgs/share/det_msgs/msg/ClusteredDetectedObjects.msg
[0.932s] -- Up-to-date: /home/rain/pointpillars_ws/install/det_msgs/share/ament_index/resource_index/package_run_dependencies/det_msgs
[0.932s] -- Up-to-date: /home/rain/pointpillars_ws/install/det_msgs/share/ament_index/resource_index/parent_prefix_path/det_msgs
[0.932s] -- Up-to-date: /home/rain/pointpillars_ws/install/det_msgs/share/det_msgs/environment/ament_prefix_path.sh
[0.932s] -- Up-to-date: /home/rain/pointpillars_ws/install/det_msgs/share/det_msgs/environment/ament_prefix_path.dsv
[0.932s] -- Up-to-date: /home/rain/pointpillars_ws/install/det_msgs/share/det_msgs/environment/path.sh
[0.933s] -- Up-to-date: /home/rain/pointpillars_ws/install/det_msgs/share/det_msgs/environment/path.dsv
[0.933s] -- Up-to-date: /home/rain/pointpillars_ws/install/det_msgs/share/det_msgs/local_setup.bash
[0.933s] -- Up-to-date: /home/rain/pointpillars_ws/install/det_msgs/share/det_msgs/local_setup.sh
[0.933s] -- Up-to-date: /home/rain/pointpillars_ws/install/det_msgs/share/det_msgs/local_setup.zsh
[0.933s] -- Up-to-date: /home/rain/pointpillars_ws/install/det_msgs/share/det_msgs/local_setup.dsv
[0.933s] -- Installing: /home/rain/pointpillars_ws/install/det_msgs/share/det_msgs/package.dsv
[0.934s] -- Up-to-date: /home/rain/pointpillars_ws/install/det_msgs/share/ament_index/resource_index/packages/det_msgs
[0.934s] -- Up-to-date: /home/rain/pointpillars_ws/install/det_msgs/share/det_msgs/cmake/export_det_msgs__rosidl_generator_cExport.cmake
[0.934s] -- Up-to-date: /home/rain/pointpillars_ws/install/det_msgs/share/det_msgs/cmake/export_det_msgs__rosidl_generator_cExport-noconfig.cmake
[0.934s] -- Up-to-date: /home/rain/pointpillars_ws/install/det_msgs/share/det_msgs/cmake/export_det_msgs__rosidl_typesupport_fastrtps_cExport.cmake
[0.935s] -- Up-to-date: /home/rain/pointpillars_ws/install/det_msgs/share/det_msgs/cmake/export_det_msgs__rosidl_typesupport_fastrtps_cExport-noconfig.cmake
[0.935s] -- Up-to-date: /home/rain/pointpillars_ws/install/det_msgs/share/det_msgs/cmake/det_msgs__rosidl_typesupport_introspection_cExport.cmake
[0.935s] -- Up-to-date: /home/rain/pointpillars_ws/install/det_msgs/share/det_msgs/cmake/det_msgs__rosidl_typesupport_introspection_cExport-noconfig.cmake
[0.936s] -- Up-to-date: /home/rain/pointpillars_ws/install/det_msgs/share/det_msgs/cmake/det_msgs__rosidl_typesupport_cExport.cmake
[0.936s] -- Up-to-date: /home/rain/pointpillars_ws/install/det_msgs/share/det_msgs/cmake/det_msgs__rosidl_typesupport_cExport-noconfig.cmake
[0.936s] -- Up-to-date: /home/rain/pointpillars_ws/install/det_msgs/share/det_msgs/cmake/export_det_msgs__rosidl_generator_cppExport.cmake
[0.936s] -- Up-to-date: /home/rain/pointpillars_ws/install/det_msgs/share/det_msgs/cmake/export_det_msgs__rosidl_typesupport_fastrtps_cppExport.cmake
[0.936s] -- Up-to-date: /home/rain/pointpillars_ws/install/det_msgs/share/det_msgs/cmake/export_det_msgs__rosidl_typesupport_fastrtps_cppExport-noconfig.cmake
[0.936s] -- Up-to-date: /home/rain/pointpillars_ws/install/det_msgs/share/det_msgs/cmake/det_msgs__rosidl_typesupport_introspection_cppExport.cmake
[0.936s] -- Up-to-date: /home/rain/pointpillars_ws/install/det_msgs/share/det_msgs/cmake/det_msgs__rosidl_typesupport_introspection_cppExport-noconfig.cmake
[0.936s] -- Up-to-date: /home/rain/pointpillars_ws/install/det_msgs/share/det_msgs/cmake/det_msgs__rosidl_typesupport_cppExport.cmake
[0.937s] -- Up-to-date: /home/rain/pointpillars_ws/install/det_msgs/share/det_msgs/cmake/det_msgs__rosidl_typesupport_cppExport-noconfig.cmake
[0.937s] -- Up-to-date: /home/rain/pointpillars_ws/install/det_msgs/share/det_msgs/cmake/export_det_msgs__rosidl_generator_pyExport.cmake
[0.937s] -- Up-to-date: /home/rain/pointpillars_ws/install/det_msgs/share/det_msgs/cmake/export_det_msgs__rosidl_generator_pyExport-noconfig.cmake
[0.937s] -- Up-to-date: /home/rain/pointpillars_ws/install/det_msgs/share/det_msgs/cmake/rosidl_cmake-extras.cmake
[0.937s] -- Up-to-date: /home/rain/pointpillars_ws/install/det_msgs/share/det_msgs/cmake/ament_cmake_export_dependencies-extras.cmake
[0.937s] -- Up-to-date: /home/rain/pointpillars_ws/install/det_msgs/share/det_msgs/cmake/ament_cmake_export_include_directories-extras.cmake
[0.937s] -- Up-to-date: /home/rain/pointpillars_ws/install/det_msgs/share/det_msgs/cmake/ament_cmake_export_libraries-extras.cmake
[0.937s] -- Up-to-date: /home/rain/pointpillars_ws/install/det_msgs/share/det_msgs/cmake/ament_cmake_export_targets-extras.cmake
[0.938s] -- Up-to-date: /home/rain/pointpillars_ws/install/det_msgs/share/det_msgs/cmake/rosidl_cmake_export_typesupport_targets-extras.cmake
[0.938s] -- Up-to-date: /home/rain/pointpillars_ws/install/det_msgs/share/det_msgs/cmake/rosidl_cmake_export_typesupport_libraries-extras.cmake
[0.938s] -- Up-to-date: /home/rain/pointpillars_ws/install/det_msgs/share/det_msgs/cmake/det_msgsConfig.cmake
[0.938s] -- Up-to-date: /home/rain/pointpillars_ws/install/det_msgs/share/det_msgs/cmake/det_msgsConfig-version.cmake
[0.938s] -- Up-to-date: /home/rain/pointpillars_ws/install/det_msgs/share/det_msgs/package.xml
[0.940s] Invoked command in '/home/rain/pointpillars_ws/build/det_msgs' returned '0': CMAKE_PREFIX_PATH=${CMAKE_PREFIX_PATH}:/home/rain/pointpillars_ws/install/rain_project_autonomous_ship:/home/rain/pointpillars_ws/install/rain_det:/opt/ros/humble /usr/bin/cmake --install /home/rain/pointpillars_ws/build/det_msgs
