[1.189s] Invoking command in '/home/rain/pointpillars_ws/src/ros2_pointpillars': PYTHONPATH=/home/rain/pointpillars_ws/build/ros2_pointpillars/prefix_override:/home/rain/pointpillars_ws/install/ros2_pointpillars/lib/python3.10/site-packages:${PYTHONPATH} /usr/bin/python3 -W ignore:setup.py install is deprecated setup.py egg_info --egg-base ../../build/ros2_pointpillars build --build-base /home/rain/pointpillars_ws/build/ros2_pointpillars/build install --record /home/rain/pointpillars_ws/build/ros2_pointpillars/install.log --single-version-externally-managed install_data
[1.642s] running egg_info
[1.643s] creating ../../build/ros2_pointpillars/ros2_pointpillars.egg-info
[1.644s] writing manifest file '../../build/ros2_pointpillars/ros2_pointpillars.egg-info/SOURCES.txt'
[1.648s] writing manifest file '../../build/ros2_pointpillars/ros2_pointpillars.egg-info/SOURCES.txt'
[1.648s] running build
[1.649s] running build_py
[1.649s] creating /home/rain/pointpillars_ws/build/ros2_pointpillars/build
[1.649s] creating /home/rain/pointpillars_ws/build/ros2_pointpillars/build/lib
[1.650s] creating /home/rain/pointpillars_ws/build/ros2_pointpillars/build/lib/ros2_pointpillars
[1.650s] copying ros2_pointpillars/__init__.py -> /home/rain/pointpillars_ws/build/ros2_pointpillars/build/lib/ros2_pointpillars
[1.650s] copying ros2_pointpillars/pointcloud_publisher.py -> /home/rain/pointpillars_ws/build/ros2_pointpillars/build/lib/ros2_pointpillars
[1.650s] running install
[1.652s] running install_lib
[1.653s] creating /home/rain/pointpillars_ws/install/ros2_pointpillars/lib/python3.10/site-packages/ros2_pointpillars
[1.654s] copying /home/rain/pointpillars_ws/build/ros2_pointpillars/build/lib/ros2_pointpillars/__init__.py -> /home/rain/pointpillars_ws/install/ros2_pointpillars/lib/python3.10/site-packages/ros2_pointpillars
[1.654s] copying /home/rain/pointpillars_ws/build/ros2_pointpillars/build/lib/ros2_pointpillars/pointcloud_publisher.py -> /home/rain/pointpillars_ws/install/ros2_pointpillars/lib/python3.10/site-packages/ros2_pointpillars
[1.655s] byte-compiling /home/rain/pointpillars_ws/install/ros2_pointpillars/lib/python3.10/site-packages/ros2_pointpillars/__init__.py to __init__.cpython-310.pyc
[1.655s] byte-compiling /home/rain/pointpillars_ws/install/ros2_pointpillars/lib/python3.10/site-packages/ros2_pointpillars/pointcloud_publisher.py to pointcloud_publisher.cpython-310.pyc
[1.657s] running install_data
[1.658s] creating /home/rain/pointpillars_ws/install/ros2_pointpillars/share/ament_index
[1.658s] creating /home/rain/pointpillars_ws/install/ros2_pointpillars/share/ament_index/resource_index
[1.658s] creating /home/rain/pointpillars_ws/install/ros2_pointpillars/share/ament_index/resource_index/packages
[1.659s] copying resource/ros2_pointpillars -> /home/rain/pointpillars_ws/install/ros2_pointpillars/share/ament_index/resource_index/packages
[1.659s] copying package.xml -> /home/rain/pointpillars_ws/install/ros2_pointpillars/share/ros2_pointpillars
[1.659s] running install_egg_info
[1.661s] Copying ../../build/ros2_pointpillars/ros2_pointpillars.egg-info to /home/rain/pointpillars_ws/install/ros2_pointpillars/lib/python3.10/site-packages/ros2_pointpillars-0.0.0-py3.10.egg-info
[1.662s] running install_scripts
[1.695s] writing list of installed files to '/home/rain/pointpillars_ws/build/ros2_pointpillars/install.log'
[1.758s] Invoked command in '/home/rain/pointpillars_ws/src/ros2_pointpillars' returned '0': PYTHONPATH=/home/rain/pointpillars_ws/build/ros2_pointpillars/prefix_override:/home/rain/pointpillars_ws/install/ros2_pointpillars/lib/python3.10/site-packages:${PYTHONPATH} /usr/bin/python3 -W ignore:setup.py install is deprecated setup.py egg_info --egg-base ../../build/ros2_pointpillars build --build-base /home/rain/pointpillars_ws/build/ros2_pointpillars/build install --record /home/rain/pointpillars_ws/build/ros2_pointpillars/install.log --single-version-externally-managed install_data
