/home/rain/pointpillars_ws/install/rain_project_autonomous_ship/lib/python3.10/site-packages/rain_project_autonomous_ship/laserscan_map.py
/home/rain/pointpillars_ws/install/rain_project_autonomous_ship/lib/python3.10/site-packages/rain_project_autonomous_ship/marker_and_parking_point_visualizer.py
/home/rain/pointpillars_ws/install/rain_project_autonomous_ship/lib/python3.10/site-packages/rain_project_autonomous_ship/__init__.py
/home/rain/pointpillars_ws/install/rain_project_autonomous_ship/lib/python3.10/site-packages/rain_project_autonomous_ship/util/parking_point_generator.py
/home/rain/pointpillars_ws/install/rain_project_autonomous_ship/lib/python3.10/site-packages/rain_project_autonomous_ship/util/__init__.py
/home/rain/pointpillars_ws/install/rain_project_autonomous_ship/lib/python3.10/site-packages/rain_project_autonomous_ship/__pycache__/laserscan_map.cpython-310.pyc
/home/rain/pointpillars_ws/install/rain_project_autonomous_ship/lib/python3.10/site-packages/rain_project_autonomous_ship/__pycache__/marker_and_parking_point_visualizer.cpython-310.pyc
/home/rain/pointpillars_ws/install/rain_project_autonomous_ship/lib/python3.10/site-packages/rain_project_autonomous_ship/__pycache__/__init__.cpython-310.pyc
/home/rain/pointpillars_ws/install/rain_project_autonomous_ship/lib/python3.10/site-packages/rain_project_autonomous_ship/util/__pycache__/parking_point_generator.cpython-310.pyc
/home/rain/pointpillars_ws/install/rain_project_autonomous_ship/lib/python3.10/site-packages/rain_project_autonomous_ship/util/__pycache__/__init__.cpython-310.pyc
/home/rain/pointpillars_ws/install/rain_project_autonomous_ship/share/ament_index/resource_index/packages/rain_project_autonomous_ship
/home/rain/pointpillars_ws/install/rain_project_autonomous_ship/share/rain_project_autonomous_ship/package.xml
/home/rain/pointpillars_ws/install/rain_project_autonomous_ship/share/rain_project_autonomous_ship/launch/rain_project_autonomous_ship.launch.py
/home/rain/pointpillars_ws/install/rain_project_autonomous_ship/share/rain_project_autonomous_ship/param/rain_project_autonomous_ship_param.yaml
/home/rain/pointpillars_ws/install/rain_project_autonomous_ship/lib/python3.10/site-packages/rain_project_autonomous_ship-0.0.0-py3.10.egg-info/entry_points.txt
/home/rain/pointpillars_ws/install/rain_project_autonomous_ship/lib/python3.10/site-packages/rain_project_autonomous_ship-0.0.0-py3.10.egg-info/zip-safe
/home/rain/pointpillars_ws/install/rain_project_autonomous_ship/lib/python3.10/site-packages/rain_project_autonomous_ship-0.0.0-py3.10.egg-info/PKG-INFO
/home/rain/pointpillars_ws/install/rain_project_autonomous_ship/lib/python3.10/site-packages/rain_project_autonomous_ship-0.0.0-py3.10.egg-info/SOURCES.txt
/home/rain/pointpillars_ws/install/rain_project_autonomous_ship/lib/python3.10/site-packages/rain_project_autonomous_ship-0.0.0-py3.10.egg-info/top_level.txt
/home/rain/pointpillars_ws/install/rain_project_autonomous_ship/lib/python3.10/site-packages/rain_project_autonomous_ship-0.0.0-py3.10.egg-info/requires.txt
/home/rain/pointpillars_ws/install/rain_project_autonomous_ship/lib/python3.10/site-packages/rain_project_autonomous_ship-0.0.0-py3.10.egg-info/dependency_links.txt
/home/rain/pointpillars_ws/install/rain_project_autonomous_ship/lib/rain_project_autonomous_ship/laserscan_map
/home/rain/pointpillars_ws/install/rain_project_autonomous_ship/lib/rain_project_autonomous_ship/marker_and_parking_point_visualizer
