[1.236s] Invoking command in '/home/rain/pointpillars_ws/src/ros2_pointpillars': PYTHONPATH=/home/rain/pointpillars_ws/build/ros2_pointpillars/prefix_override:/usr/lib/python3/dist-packages/colcon_core/task/python/colcon_distutils_commands:/home/rain/pointpillars_ws/install/ros2_pointpillars/lib/python3.10/site-packages:${PYTHONPATH} /usr/bin/python3 -W ignore:setup.py install is deprecated setup.py egg_info --egg-base ../../build/ros2_pointpillars build --build-base /home/rain/pointpillars_ws/build/ros2_pointpillars/build install --record /home/rain/pointpillars_ws/build/ros2_pointpillars/install.log --single-version-externally-managed install_data
[1.696s] running egg_info
[1.703s] writing manifest file '../../build/ros2_pointpillars/ros2_pointpillars.egg-info/SOURCES.txt'
[1.704s] running build
[1.704s] running build_py
[1.704s] copying ros2_pointpillars/pointcloud_publisher_ndt.py -> /home/rain/pointpillars_ws/build/ros2_pointpillars/build/lib/ros2_pointpillars
[1.705s] copying ros2_pointpillars/util/dbscan.py -> /home/rain/pointpillars_ws/build/ros2_pointpillars/build/lib/ros2_pointpillars/util
[1.706s] running install
[1.710s] running install_lib
[1.711s] copying /home/rain/pointpillars_ws/build/ros2_pointpillars/build/lib/ros2_pointpillars/util/dbscan.py -> /home/rain/pointpillars_ws/install/ros2_pointpillars/lib/python3.10/site-packages/ros2_pointpillars/util
[1.711s] copying /home/rain/pointpillars_ws/build/ros2_pointpillars/build/lib/ros2_pointpillars/pointcloud_publisher_ndt.py -> /home/rain/pointpillars_ws/install/ros2_pointpillars/lib/python3.10/site-packages/ros2_pointpillars
[1.713s] byte-compiling /home/rain/pointpillars_ws/install/ros2_pointpillars/lib/python3.10/site-packages/ros2_pointpillars/util/dbscan.py to dbscan.cpython-310.pyc
[1.715s] byte-compiling /home/rain/pointpillars_ws/install/ros2_pointpillars/lib/python3.10/site-packages/ros2_pointpillars/pointcloud_publisher_ndt.py to pointcloud_publisher_ndt.cpython-310.pyc
[1.718s] running install_data
[1.718s] running install_egg_info
[1.721s] removing '/home/rain/pointpillars_ws/install/ros2_pointpillars/lib/python3.10/site-packages/ros2_pointpillars-0.0.0-py3.10.egg-info' (and everything under it)
[1.721s] Copying ../../build/ros2_pointpillars/ros2_pointpillars.egg-info to /home/rain/pointpillars_ws/install/ros2_pointpillars/lib/python3.10/site-packages/ros2_pointpillars-0.0.0-py3.10.egg-info
[1.723s] running install_scripts
[1.758s] writing list of installed files to '/home/rain/pointpillars_ws/build/ros2_pointpillars/install.log'
[1.824s] Invoked command in '/home/rain/pointpillars_ws/src/ros2_pointpillars' returned '0': PYTHONPATH=/home/rain/pointpillars_ws/build/ros2_pointpillars/prefix_override:/usr/lib/python3/dist-packages/colcon_core/task/python/colcon_distutils_commands:/home/rain/pointpillars_ws/install/ros2_pointpillars/lib/python3.10/site-packages:${PYTHONPATH} /usr/bin/python3 -W ignore:setup.py install is deprecated setup.py egg_info --egg-base ../../build/ros2_pointpillars build --build-base /home/rain/pointpillars_ws/build/ros2_pointpillars/build install --record /home/rain/pointpillars_ws/build/ros2_pointpillars/install.log --single-version-externally-managed install_data
