[1.750s] Invoking command in '/home/rain/pointpillars_ws/src/rain_det': LD_LIBRARY_PATH=/home/rain/pointpillars_ws/install/det_msgs/lib:/usr/local/cuda-12.2/lib64:/home/rain/ndt_ws/install/scanmatcher/lib:/home/rain/ndt_ws/install/graph_based_slam/lib:/home/rain/ndt_ws/install/lidarslam_msgs/lib:/home/rain/ws_livox/install/livox_ros_driver2/lib:/opt/ros/humble/opt/rviz_ogre_vendor/lib:/opt/ros/humble/lib/aarch64-linux-gnu:/opt/ros/humble/lib:/usr/local/cuda-12.2/lib64:/usr/local/lib:/usr/local/lib PYTHONPATH=/home/rain/pointpillars_ws/build/rain_det/prefix_override:/usr/lib/python3/dist-packages/colcon_core/task/python/colcon_distutils_commands:/home/rain/pointpillars_ws/install/rain_det/lib/python3.10/site-packages:${PYTHONPATH} /usr/bin/python3 -W ignore:setup.py install is deprecated setup.py egg_info --egg-base ../../build/rain_det build --build-base /home/rain/pointpillars_ws/build/rain_det/build install --record /home/rain/pointpillars_ws/build/rain_det/install.log --single-version-externally-managed install_data
[2.200s] running egg_info
[2.200s] creating ../../build/rain_det/rain_det.egg-info
[2.202s] writing manifest file '../../build/rain_det/rain_det.egg-info/SOURCES.txt'
[2.206s] writing manifest file '../../build/rain_det/rain_det.egg-info/SOURCES.txt'
[2.207s] running build
[2.207s] running build_py
[2.207s] creating /home/rain/pointpillars_ws/build/rain_det/build
[2.207s] creating /home/rain/pointpillars_ws/build/rain_det/build/lib
[2.207s] creating /home/rain/pointpillars_ws/build/rain_det/build/lib/rain_det
[2.207s] copying rain_det/bbox_cluster.py -> /home/rain/pointpillars_ws/build/rain_det/build/lib/rain_det
[2.207s] copying rain_det/pointcloud_filter.py -> /home/rain/pointpillars_ws/build/rain_det/build/lib/rain_det
[2.208s] copying rain_det/pointcloud_object_detector.py -> /home/rain/pointpillars_ws/build/rain_det/build/lib/rain_det
[2.208s] copying rain_det/__init__.py -> /home/rain/pointpillars_ws/build/rain_det/build/lib/rain_det
[2.213s] creating /home/rain/pointpillars_ws/build/rain_det/build/lib/rain_det/util
[2.213s] copying rain_det/util/dbscan.py -> /home/rain/pointpillars_ws/build/rain_det/build/lib/rain_det/util
[2.213s] copying rain_det/util/pcd_process.py -> /home/rain/pointpillars_ws/build/rain_det/build/lib/rain_det/util
[2.213s] copying rain_det/util/__init__.py -> /home/rain/pointpillars_ws/build/rain_det/build/lib/rain_det/util
[2.213s] creating /home/rain/pointpillars_ws/build/rain_det/build/lib/rain_det/model
[2.213s] copying rain_det/model/model_trt.py -> /home/rain/pointpillars_ws/build/rain_det/build/lib/rain_det/model
[2.214s] copying rain_det/model/__init__.py -> /home/rain/pointpillars_ws/build/rain_det/build/lib/rain_det/model
[2.214s] running install
[2.218s] running install_lib
[2.219s] creating /home/rain/pointpillars_ws/install/rain_det/lib/python3.10/site-packages/rain_det
[2.219s] copying /home/rain/pointpillars_ws/build/rain_det/build/lib/rain_det/bbox_cluster.py -> /home/rain/pointpillars_ws/install/rain_det/lib/python3.10/site-packages/rain_det
[2.219s] creating /home/rain/pointpillars_ws/install/rain_det/lib/python3.10/site-packages/rain_det/util
[2.219s] copying /home/rain/pointpillars_ws/build/rain_det/build/lib/rain_det/util/dbscan.py -> /home/rain/pointpillars_ws/install/rain_det/lib/python3.10/site-packages/rain_det/util
[2.219s] copying /home/rain/pointpillars_ws/build/rain_det/build/lib/rain_det/util/pcd_process.py -> /home/rain/pointpillars_ws/install/rain_det/lib/python3.10/site-packages/rain_det/util
[2.220s] copying /home/rain/pointpillars_ws/build/rain_det/build/lib/rain_det/util/__init__.py -> /home/rain/pointpillars_ws/install/rain_det/lib/python3.10/site-packages/rain_det/util
[2.220s] copying /home/rain/pointpillars_ws/build/rain_det/build/lib/rain_det/pointcloud_filter.py -> /home/rain/pointpillars_ws/install/rain_det/lib/python3.10/site-packages/rain_det
[2.220s] copying /home/rain/pointpillars_ws/build/rain_det/build/lib/rain_det/pointcloud_object_detector.py -> /home/rain/pointpillars_ws/install/rain_det/lib/python3.10/site-packages/rain_det
[2.220s] creating /home/rain/pointpillars_ws/install/rain_det/lib/python3.10/site-packages/rain_det/model
[2.220s] copying /home/rain/pointpillars_ws/build/rain_det/build/lib/rain_det/model/model_trt.py -> /home/rain/pointpillars_ws/install/rain_det/lib/python3.10/site-packages/rain_det/model
[2.220s] copying /home/rain/pointpillars_ws/build/rain_det/build/lib/rain_det/model/__init__.py -> /home/rain/pointpillars_ws/install/rain_det/lib/python3.10/site-packages/rain_det/model
[2.220s] copying /home/rain/pointpillars_ws/build/rain_det/build/lib/rain_det/__init__.py -> /home/rain/pointpillars_ws/install/rain_det/lib/python3.10/site-packages/rain_det
[2.221s] byte-compiling /home/rain/pointpillars_ws/install/rain_det/lib/python3.10/site-packages/rain_det/bbox_cluster.py to bbox_cluster.cpython-310.pyc
[2.222s] byte-compiling /home/rain/pointpillars_ws/install/rain_det/lib/python3.10/site-packages/rain_det/util/dbscan.py to dbscan.cpython-310.pyc
[2.225s] byte-compiling /home/rain/pointpillars_ws/install/rain_det/lib/python3.10/site-packages/rain_det/util/pcd_process.py to pcd_process.cpython-310.pyc
[2.225s] byte-compiling /home/rain/pointpillars_ws/install/rain_det/lib/python3.10/site-packages/rain_det/util/__init__.py to __init__.cpython-310.pyc
[2.225s] byte-compiling /home/rain/pointpillars_ws/install/rain_det/lib/python3.10/site-packages/rain_det/pointcloud_filter.py to pointcloud_filter.cpython-310.pyc
[2.226s] byte-compiling /home/rain/pointpillars_ws/install/rain_det/lib/python3.10/site-packages/rain_det/pointcloud_object_detector.py to pointcloud_object_detector.cpython-310.pyc
[2.228s] byte-compiling /home/rain/pointpillars_ws/install/rain_det/lib/python3.10/site-packages/rain_det/model/model_trt.py to model_trt.cpython-310.pyc
[2.229s] byte-compiling /home/rain/pointpillars_ws/install/rain_det/lib/python3.10/site-packages/rain_det/model/__init__.py to __init__.cpython-310.pyc
[2.230s] byte-compiling /home/rain/pointpillars_ws/install/rain_det/lib/python3.10/site-packages/rain_det/__init__.py to __init__.cpython-310.pyc
[2.230s] running install_data
[2.230s] creating /home/rain/pointpillars_ws/install/rain_det/share/ament_index
[2.230s] creating /home/rain/pointpillars_ws/install/rain_det/share/ament_index/resource_index
[2.230s] creating /home/rain/pointpillars_ws/install/rain_det/share/ament_index/resource_index/packages
[2.230s] copying resource/rain_det -> /home/rain/pointpillars_ws/install/rain_det/share/ament_index/resource_index/packages
[2.230s] copying package.xml -> /home/rain/pointpillars_ws/install/rain_det/share/rain_det
[2.231s] creating /home/rain/pointpillars_ws/install/rain_det/share/rain_det/launch
[2.231s] copying launch/pointcloud_object_detect.launch.py -> /home/rain/pointpillars_ws/install/rain_det/share/rain_det/launch
[2.231s] creating /home/rain/pointpillars_ws/install/rain_det/share/rain_det/param
[2.231s] copying param/rain_det_param.yaml -> /home/rain/pointpillars_ws/install/rain_det/share/rain_det/param
[2.231s] running install_egg_info
[2.234s] Copying ../../build/rain_det/rain_det.egg-info to /home/rain/pointpillars_ws/install/rain_det/lib/python3.10/site-packages/rain_det-0.0.0-py3.10.egg-info
[2.235s] running install_scripts
[2.267s] writing list of installed files to '/home/rain/pointpillars_ws/build/rain_det/install.log'
[2.328s] Invoked command in '/home/rain/pointpillars_ws/src/rain_det' returned '0': LD_LIBRARY_PATH=/home/rain/pointpillars_ws/install/det_msgs/lib:/usr/local/cuda-12.2/lib64:/home/rain/ndt_ws/install/scanmatcher/lib:/home/rain/ndt_ws/install/graph_based_slam/lib:/home/rain/ndt_ws/install/lidarslam_msgs/lib:/home/rain/ws_livox/install/livox_ros_driver2/lib:/opt/ros/humble/opt/rviz_ogre_vendor/lib:/opt/ros/humble/lib/aarch64-linux-gnu:/opt/ros/humble/lib:/usr/local/cuda-12.2/lib64:/usr/local/lib:/usr/local/lib PYTHONPATH=/home/rain/pointpillars_ws/build/rain_det/prefix_override:/usr/lib/python3/dist-packages/colcon_core/task/python/colcon_distutils_commands:/home/rain/pointpillars_ws/install/rain_det/lib/python3.10/site-packages:${PYTHONPATH} /usr/bin/python3 -W ignore:setup.py install is deprecated setup.py egg_info --egg-base ../../build/rain_det build --build-base /home/rain/pointpillars_ws/build/rain_det/build install --record /home/rain/pointpillars_ws/build/rain_det/install.log --single-version-externally-managed install_data
