running egg_info
creating ../../build/rain_project_autonomous_ship/rain_project_autonomous_ship.egg-info
writing manifest file '../../build/rain_project_autonomous_ship/rain_project_autonomous_ship.egg-info/SOURCES.txt'
writing manifest file '../../build/rain_project_autonomous_ship/rain_project_autonomous_ship.egg-info/SOURCES.txt'
running build
running build_py
creating /home/rain/pointpillars_ws/build/rain_project_autonomous_ship/build
creating /home/rain/pointpillars_ws/build/rain_project_autonomous_ship/build/lib
creating /home/rain/pointpillars_ws/build/rain_project_autonomous_ship/build/lib/rain_project_autonomous_ship
copying rain_project_autonomous_ship/laserscan_map.py -> /home/rain/pointpillars_ws/build/rain_project_autonomous_ship/build/lib/rain_project_autonomous_ship
copying rain_project_autonomous_ship/marker_and_parking_point_visualizer.py -> /home/rain/pointpillars_ws/build/rain_project_autonomous_ship/build/lib/rain_project_autonomous_ship
copying rain_project_autonomous_ship/__init__.py -> /home/rain/pointpillars_ws/build/rain_project_autonomous_ship/build/lib/rain_project_autonomous_ship
creating /home/rain/pointpillars_ws/build/rain_project_autonomous_ship/build/lib/rain_project_autonomous_ship/util
copying rain_project_autonomous_ship/util/parking_point_generator.py -> /home/rain/pointpillars_ws/build/rain_project_autonomous_ship/build/lib/rain_project_autonomous_ship/util
copying rain_project_autonomous_ship/util/__init__.py -> /home/rain/pointpillars_ws/build/rain_project_autonomous_ship/build/lib/rain_project_autonomous_ship/util
running install
running install_lib
creating /home/rain/pointpillars_ws/install/rain_project_autonomous_ship/lib/python3.10/site-packages/rain_project_autonomous_ship
copying /home/rain/pointpillars_ws/build/rain_project_autonomous_ship/build/lib/rain_project_autonomous_ship/laserscan_map.py -> /home/rain/pointpillars_ws/install/rain_project_autonomous_ship/lib/python3.10/site-packages/rain_project_autonomous_ship
copying /home/rain/pointpillars_ws/build/rain_project_autonomous_ship/build/lib/rain_project_autonomous_ship/marker_and_parking_point_visualizer.py -> /home/rain/pointpillars_ws/install/rain_project_autonomous_ship/lib/python3.10/site-packages/rain_project_autonomous_ship
creating /home/rain/pointpillars_ws/install/rain_project_autonomous_ship/lib/python3.10/site-packages/rain_project_autonomous_ship/util
copying /home/rain/pointpillars_ws/build/rain_project_autonomous_ship/build/lib/rain_project_autonomous_ship/util/parking_point_generator.py -> /home/rain/pointpillars_ws/install/rain_project_autonomous_ship/lib/python3.10/site-packages/rain_project_autonomous_ship/util
copying /home/rain/pointpillars_ws/build/rain_project_autonomous_ship/build/lib/rain_project_autonomous_ship/util/__init__.py -> /home/rain/pointpillars_ws/install/rain_project_autonomous_ship/lib/python3.10/site-packages/rain_project_autonomous_ship/util
copying /home/rain/pointpillars_ws/build/rain_project_autonomous_ship/build/lib/rain_project_autonomous_ship/__init__.py -> /home/rain/pointpillars_ws/install/rain_project_autonomous_ship/lib/python3.10/site-packages/rain_project_autonomous_ship
byte-compiling /home/rain/pointpillars_ws/install/rain_project_autonomous_ship/lib/python3.10/site-packages/rain_project_autonomous_ship/laserscan_map.py to laserscan_map.cpython-310.pyc
byte-compiling /home/rain/pointpillars_ws/install/rain_project_autonomous_ship/lib/python3.10/site-packages/rain_project_autonomous_ship/marker_and_parking_point_visualizer.py to marker_and_parking_point_visualizer.cpython-310.pyc
byte-compiling /home/rain/pointpillars_ws/install/rain_project_autonomous_ship/lib/python3.10/site-packages/rain_project_autonomous_ship/util/parking_point_generator.py to parking_point_generator.cpython-310.pyc
byte-compiling /home/rain/pointpillars_ws/install/rain_project_autonomous_ship/lib/python3.10/site-packages/rain_project_autonomous_ship/util/__init__.py to __init__.cpython-310.pyc
byte-compiling /home/rain/pointpillars_ws/install/rain_project_autonomous_ship/lib/python3.10/site-packages/rain_project_autonomous_ship/__init__.py to __init__.cpython-310.pyc
running install_data
creating /home/rain/pointpillars_ws/install/rain_project_autonomous_ship/share/ament_index
creating /home/rain/pointpillars_ws/install/rain_project_autonomous_ship/share/ament_index/resource_index
creating /home/rain/pointpillars_ws/install/rain_project_autonomous_ship/share/ament_index/resource_index/packages
copying resource/rain_project_autonomous_ship -> /home/rain/pointpillars_ws/install/rain_project_autonomous_ship/share/ament_index/resource_index/packages
copying package.xml -> /home/rain/pointpillars_ws/install/rain_project_autonomous_ship/share/rain_project_autonomous_ship
creating /home/rain/pointpillars_ws/install/rain_project_autonomous_ship/share/rain_project_autonomous_ship/launch
copying launch/rain_project_autonomous_ship.launch.py -> /home/rain/pointpillars_ws/install/rain_project_autonomous_ship/share/rain_project_autonomous_ship/launch
creating /home/rain/pointpillars_ws/install/rain_project_autonomous_ship/share/rain_project_autonomous_ship/param
copying param/rain_project_autonomous_ship_param.yaml -> /home/rain/pointpillars_ws/install/rain_project_autonomous_ship/share/rain_project_autonomous_ship/param
running install_egg_info
Copying ../../build/rain_project_autonomous_ship/rain_project_autonomous_ship.egg-info to /home/rain/pointpillars_ws/install/rain_project_autonomous_ship/lib/python3.10/site-packages/rain_project_autonomous_ship-0.0.0-py3.10.egg-info
running install_scripts
writing list of installed files to '/home/rain/pointpillars_ws/build/rain_project_autonomous_ship/install.log'
