[1.725s] Invoking command in '/home/rain/pointpillars_ws/src/rain_project_autonomous_ship': LD_LIBRARY_PATH=/home/rain/pointpillars_ws/install/det_msgs/lib:/usr/local/cuda-12.2/lib64:/home/rain/ndt_ws/install/scanmatcher/lib:/home/rain/ndt_ws/install/graph_based_slam/lib:/home/rain/ndt_ws/install/lidarslam_msgs/lib:/home/rain/ws_livox/install/livox_ros_driver2/lib:/opt/ros/humble/opt/rviz_ogre_vendor/lib:/opt/ros/humble/lib/aarch64-linux-gnu:/opt/ros/humble/lib:/usr/local/cuda-12.2/lib64:/usr/local/lib:/usr/local/lib PYTHONPATH=/home/rain/pointpillars_ws/build/rain_project_autonomous_ship/prefix_override:/usr/lib/python3/dist-packages/colcon_core/task/python/colcon_distutils_commands:/home/rain/pointpillars_ws/install/rain_project_autonomous_ship/lib/python3.10/site-packages:${PYTHONPATH} /usr/bin/python3 -W ignore:setup.py install is deprecated setup.py egg_info --egg-base ../../build/rain_project_autonomous_ship build --build-base /home/rain/pointpillars_ws/build/rain_project_autonomous_ship/build install --record /home/rain/pointpillars_ws/build/rain_project_autonomous_ship/install.log --single-version-externally-managed install_data
[2.187s] running egg_info
[2.187s] creating ../../build/rain_project_autonomous_ship/rain_project_autonomous_ship.egg-info
[2.193s] writing manifest file '../../build/rain_project_autonomous_ship/rain_project_autonomous_ship.egg-info/SOURCES.txt'
[2.198s] writing manifest file '../../build/rain_project_autonomous_ship/rain_project_autonomous_ship.egg-info/SOURCES.txt'
[2.198s] running build
[2.198s] running build_py
[2.198s] creating /home/rain/pointpillars_ws/build/rain_project_autonomous_ship/build
[2.198s] creating /home/rain/pointpillars_ws/build/rain_project_autonomous_ship/build/lib
[2.198s] creating /home/rain/pointpillars_ws/build/rain_project_autonomous_ship/build/lib/rain_project_autonomous_ship
[2.198s] copying rain_project_autonomous_ship/laserscan_map.py -> /home/rain/pointpillars_ws/build/rain_project_autonomous_ship/build/lib/rain_project_autonomous_ship
[2.198s] copying rain_project_autonomous_ship/marker_and_parking_point_visualizer.py -> /home/rain/pointpillars_ws/build/rain_project_autonomous_ship/build/lib/rain_project_autonomous_ship
[2.199s] copying rain_project_autonomous_ship/__init__.py -> /home/rain/pointpillars_ws/build/rain_project_autonomous_ship/build/lib/rain_project_autonomous_ship
[2.199s] creating /home/rain/pointpillars_ws/build/rain_project_autonomous_ship/build/lib/rain_project_autonomous_ship/util
[2.199s] copying rain_project_autonomous_ship/util/parking_point_generator.py -> /home/rain/pointpillars_ws/build/rain_project_autonomous_ship/build/lib/rain_project_autonomous_ship/util
[2.199s] copying rain_project_autonomous_ship/util/__init__.py -> /home/rain/pointpillars_ws/build/rain_project_autonomous_ship/build/lib/rain_project_autonomous_ship/util
[2.200s] running install
[2.203s] running install_lib
[2.204s] creating /home/rain/pointpillars_ws/install/rain_project_autonomous_ship/lib/python3.10/site-packages/rain_project_autonomous_ship
[2.204s] copying /home/rain/pointpillars_ws/build/rain_project_autonomous_ship/build/lib/rain_project_autonomous_ship/laserscan_map.py -> /home/rain/pointpillars_ws/install/rain_project_autonomous_ship/lib/python3.10/site-packages/rain_project_autonomous_ship
[2.205s] copying /home/rain/pointpillars_ws/build/rain_project_autonomous_ship/build/lib/rain_project_autonomous_ship/marker_and_parking_point_visualizer.py -> /home/rain/pointpillars_ws/install/rain_project_autonomous_ship/lib/python3.10/site-packages/rain_project_autonomous_ship
[2.205s] creating /home/rain/pointpillars_ws/install/rain_project_autonomous_ship/lib/python3.10/site-packages/rain_project_autonomous_ship/util
[2.205s] copying /home/rain/pointpillars_ws/build/rain_project_autonomous_ship/build/lib/rain_project_autonomous_ship/util/parking_point_generator.py -> /home/rain/pointpillars_ws/install/rain_project_autonomous_ship/lib/python3.10/site-packages/rain_project_autonomous_ship/util
[2.205s] copying /home/rain/pointpillars_ws/build/rain_project_autonomous_ship/build/lib/rain_project_autonomous_ship/util/__init__.py -> /home/rain/pointpillars_ws/install/rain_project_autonomous_ship/lib/python3.10/site-packages/rain_project_autonomous_ship/util
[2.205s] copying /home/rain/pointpillars_ws/build/rain_project_autonomous_ship/build/lib/rain_project_autonomous_ship/__init__.py -> /home/rain/pointpillars_ws/install/rain_project_autonomous_ship/lib/python3.10/site-packages/rain_project_autonomous_ship
[2.206s] byte-compiling /home/rain/pointpillars_ws/install/rain_project_autonomous_ship/lib/python3.10/site-packages/rain_project_autonomous_ship/laserscan_map.py to laserscan_map.cpython-310.pyc
[2.208s] byte-compiling /home/rain/pointpillars_ws/install/rain_project_autonomous_ship/lib/python3.10/site-packages/rain_project_autonomous_ship/marker_and_parking_point_visualizer.py to marker_and_parking_point_visualizer.cpython-310.pyc
[2.211s] byte-compiling /home/rain/pointpillars_ws/install/rain_project_autonomous_ship/lib/python3.10/site-packages/rain_project_autonomous_ship/util/parking_point_generator.py to parking_point_generator.cpython-310.pyc
[2.213s] byte-compiling /home/rain/pointpillars_ws/install/rain_project_autonomous_ship/lib/python3.10/site-packages/rain_project_autonomous_ship/util/__init__.py to __init__.cpython-310.pyc
[2.213s] byte-compiling /home/rain/pointpillars_ws/install/rain_project_autonomous_ship/lib/python3.10/site-packages/rain_project_autonomous_ship/__init__.py to __init__.cpython-310.pyc
[2.213s] running install_data
[2.214s] creating /home/rain/pointpillars_ws/install/rain_project_autonomous_ship/share/ament_index
[2.214s] creating /home/rain/pointpillars_ws/install/rain_project_autonomous_ship/share/ament_index/resource_index
[2.214s] creating /home/rain/pointpillars_ws/install/rain_project_autonomous_ship/share/ament_index/resource_index/packages
[2.214s] copying resource/rain_project_autonomous_ship -> /home/rain/pointpillars_ws/install/rain_project_autonomous_ship/share/ament_index/resource_index/packages
[2.214s] copying package.xml -> /home/rain/pointpillars_ws/install/rain_project_autonomous_ship/share/rain_project_autonomous_ship
[2.214s] creating /home/rain/pointpillars_ws/install/rain_project_autonomous_ship/share/rain_project_autonomous_ship/launch
[2.214s] copying launch/rain_project_autonomous_ship.launch.py -> /home/rain/pointpillars_ws/install/rain_project_autonomous_ship/share/rain_project_autonomous_ship/launch
[2.215s] creating /home/rain/pointpillars_ws/install/rain_project_autonomous_ship/share/rain_project_autonomous_ship/param
[2.215s] copying param/rain_project_autonomous_ship_param.yaml -> /home/rain/pointpillars_ws/install/rain_project_autonomous_ship/share/rain_project_autonomous_ship/param
[2.215s] running install_egg_info
[2.218s] Copying ../../build/rain_project_autonomous_ship/rain_project_autonomous_ship.egg-info to /home/rain/pointpillars_ws/install/rain_project_autonomous_ship/lib/python3.10/site-packages/rain_project_autonomous_ship-0.0.0-py3.10.egg-info
[2.219s] running install_scripts
[2.250s] writing list of installed files to '/home/rain/pointpillars_ws/build/rain_project_autonomous_ship/install.log'
[2.320s] Invoked command in '/home/rain/pointpillars_ws/src/rain_project_autonomous_ship' returned '0': LD_LIBRARY_PATH=/home/rain/pointpillars_ws/install/det_msgs/lib:/usr/local/cuda-12.2/lib64:/home/rain/ndt_ws/install/scanmatcher/lib:/home/rain/ndt_ws/install/graph_based_slam/lib:/home/rain/ndt_ws/install/lidarslam_msgs/lib:/home/rain/ws_livox/install/livox_ros_driver2/lib:/opt/ros/humble/opt/rviz_ogre_vendor/lib:/opt/ros/humble/lib/aarch64-linux-gnu:/opt/ros/humble/lib:/usr/local/cuda-12.2/lib64:/usr/local/lib:/usr/local/lib PYTHONPATH=/home/rain/pointpillars_ws/build/rain_project_autonomous_ship/prefix_override:/usr/lib/python3/dist-packages/colcon_core/task/python/colcon_distutils_commands:/home/rain/pointpillars_ws/install/rain_project_autonomous_ship/lib/python3.10/site-packages:${PYTHONPATH} /usr/bin/python3 -W ignore:setup.py install is deprecated setup.py egg_info --egg-base ../../build/rain_project_autonomous_ship build --build-base /home/rain/pointpillars_ws/build/rain_project_autonomous_ship/build install --record /home/rain/pointpillars_ws/build/rain_project_autonomous_ship/install.log --single-version-externally-managed install_data
