[0.180s] [34mcolcon[0m [1;30mDEBUG[0m [32mCommand line arguments: ['/usr/bin/colcon', 'build'][0m
[0.180s] [34mcolcon[0m [1;30mDEBUG[0m [32mParsed command line arguments: Namespace(log_base=None, log_level=None, verb_name='build', build_base='build', install_base='install', merge_install=False, symlink_install=False, test_result_base=None, continue_on_error=False, executor='parallel', parallel_workers=12, event_handlers=None, ignore_user_meta=False, metas=['./colcon.meta'], base_paths=['.'], packages_ignore=None, packages_ignore_regex=None, paths=None, packages_up_to=None, packages_up_to_regex=None, packages_above=None, packages_above_and_dependencies=None, packages_above_depth=None, packages_select_by_dep=None, packages_skip_by_dep=None, packages_skip_up_to=None, packages_select_build_failed=False, packages_skip_build_finished=False, packages_select_test_failures=False, packages_skip_test_passed=False, packages_select=None, packages_skip=None, packages_select_regex=None, packages_skip_regex=None, packages_start=None, packages_end=None, allow_overriding=[], cmake_args=None, cmake_target=None, cmake_target_skip_unavailable=False, cmake_clean_cache=False, cmake_clean_first=False, cmake_force_configure=False, ament_cmake_args=None, catkin_cmake_args=None, catkin_skip_building_tests=False, mixin_files=None, mixin=None, verb_parser=<colcon_mixin.mixin.mixin_argument.MixinArgumentDecorator object at 0xffff840f6ad0>, verb_extension=<colcon_core.verb.build.BuildVerb object at 0xffff843181c0>, main=<bound method BuildVerb.main of <colcon_core.verb.build.BuildVerb object at 0xffff843181c0>>, mixin_verb=('build',))[0m
[0.465s] [34mcolcon.colcon_core.package_discovery[0m [1;30mLevel 1[0m discover_packages(colcon_meta) check parameters
[0.466s] [34mcolcon.colcon_core.package_discovery[0m [1;30mLevel 1[0m discover_packages(recursive) check parameters
[0.466s] [34mcolcon.colcon_core.package_discovery[0m [1;30mLevel 1[0m discover_packages(ignore) check parameters
[0.466s] [34mcolcon.colcon_core.package_discovery[0m [1;30mLevel 1[0m discover_packages(path) check parameters
[0.466s] [34mcolcon.colcon_core.package_discovery[0m [1;30mLevel 1[0m discover_packages(colcon_meta) discover
[0.466s] [34mcolcon.colcon_core.package_discovery[0m [1;30mLevel 1[0m discover_packages(recursive) discover
[0.466s] [34mcolcon.colcon_core.package_discovery[0m [1;30mINFO[0m Crawling recursively for packages in '/home/rain/pointpillars_ws'
[0.466s] [34mcolcon.colcon_core.package_identification[0m [1;30mLevel 1[0m _identify(.) by extensions ['ignore', 'ignore_ament_install']
[0.466s] [34mcolcon.colcon_core.package_identification[0m [1;30mLevel 1[0m _identify(.) by extension 'ignore'
[0.466s] [34mcolcon.colcon_core.package_identification[0m [1;30mLevel 1[0m _identify(.) by extension 'ignore_ament_install'
[0.467s] [34mcolcon.colcon_core.package_identification[0m [1;30mLevel 1[0m _identify(.) by extensions ['colcon_pkg']
[0.467s] [34mcolcon.colcon_core.package_identification[0m [1;30mLevel 1[0m _identify(.) by extension 'colcon_pkg'
[0.467s] [34mcolcon.colcon_core.package_identification[0m [1;30mLevel 1[0m _identify(.) by extensions ['colcon_meta']
[0.467s] [34mcolcon.colcon_core.package_identification[0m [1;30mLevel 1[0m _identify(.) by extension 'colcon_meta'
[0.467s] [34mcolcon.colcon_core.package_identification[0m [1;30mLevel 1[0m _identify(.) by extensions ['ros']
[0.467s] [34mcolcon.colcon_core.package_identification[0m [1;30mLevel 1[0m _identify(.) by extension 'ros'
[0.502s] [34mcolcon.colcon_core.package_identification[0m [1;30mLevel 1[0m _identify(.) by extensions ['cmake', 'python']
[0.502s] [34mcolcon.colcon_core.package_identification[0m [1;30mLevel 1[0m _identify(.) by extension 'cmake'
[0.502s] [34mcolcon.colcon_core.package_identification[0m [1;30mLevel 1[0m _identify(.) by extension 'python'
[0.502s] [34mcolcon.colcon_core.package_identification[0m [1;30mLevel 1[0m _identify(.) by extensions ['python_setup_py']
[0.502s] [34mcolcon.colcon_core.package_identification[0m [1;30mLevel 1[0m _identify(.) by extension 'python_setup_py'
[0.503s] [34mcolcon.colcon_core.package_identification[0m [1;30mLevel 1[0m _identify(build) by extensions ['ignore', 'ignore_ament_install']
[0.503s] [34mcolcon.colcon_core.package_identification[0m [1;30mLevel 1[0m _identify(build) by extension 'ignore'
[0.503s] [34mcolcon.colcon_core.package_identification[0m [1;30mLevel 1[0m _identify(build) ignored
[0.503s] [34mcolcon.colcon_core.package_identification[0m [1;30mLevel 1[0m _identify(install) by extensions ['ignore', 'ignore_ament_install']
[0.503s] [34mcolcon.colcon_core.package_identification[0m [1;30mLevel 1[0m _identify(install) by extension 'ignore'
[0.503s] [34mcolcon.colcon_core.package_identification[0m [1;30mLevel 1[0m _identify(install) ignored
[0.503s] [34mcolcon.colcon_core.package_identification[0m [1;30mLevel 1[0m _identify(log) by extensions ['ignore', 'ignore_ament_install']
[0.503s] [34mcolcon.colcon_core.package_identification[0m [1;30mLevel 1[0m _identify(log) by extension 'ignore'
[0.504s] [34mcolcon.colcon_core.package_identification[0m [1;30mLevel 1[0m _identify(log) ignored
[0.504s] [34mcolcon.colcon_core.package_identification[0m [1;30mLevel 1[0m _identify(src) by extensions ['ignore', 'ignore_ament_install']
[0.504s] [34mcolcon.colcon_core.package_identification[0m [1;30mLevel 1[0m _identify(src) by extension 'ignore'
[0.504s] [34mcolcon.colcon_core.package_identification[0m [1;30mLevel 1[0m _identify(src) by extension 'ignore_ament_install'
[0.504s] [34mcolcon.colcon_core.package_identification[0m [1;30mLevel 1[0m _identify(src) by extensions ['colcon_pkg']
[0.504s] [34mcolcon.colcon_core.package_identification[0m [1;30mLevel 1[0m _identify(src) by extension 'colcon_pkg'
[0.504s] [34mcolcon.colcon_core.package_identification[0m [1;30mLevel 1[0m _identify(src) by extensions ['colcon_meta']
[0.504s] [34mcolcon.colcon_core.package_identification[0m [1;30mLevel 1[0m _identify(src) by extension 'colcon_meta'
[0.504s] [34mcolcon.colcon_core.package_identification[0m [1;30mLevel 1[0m _identify(src) by extensions ['ros']
[0.504s] [34mcolcon.colcon_core.package_identification[0m [1;30mLevel 1[0m _identify(src) by extension 'ros'
[0.504s] [34mcolcon.colcon_core.package_identification[0m [1;30mLevel 1[0m _identify(src) by extensions ['cmake', 'python']
[0.504s] [34mcolcon.colcon_core.package_identification[0m [1;30mLevel 1[0m _identify(src) by extension 'cmake'
[0.504s] [34mcolcon.colcon_core.package_identification[0m [1;30mLevel 1[0m _identify(src) by extension 'python'
[0.505s] [34mcolcon.colcon_core.package_identification[0m [1;30mLevel 1[0m _identify(src) by extensions ['python_setup_py']
[0.505s] [34mcolcon.colcon_core.package_identification[0m [1;30mLevel 1[0m _identify(src) by extension 'python_setup_py'
[0.505s] [34mcolcon.colcon_core.package_identification[0m [1;30mLevel 1[0m _identify(src/det_msgs) by extensions ['ignore', 'ignore_ament_install']
[0.505s] [34mcolcon.colcon_core.package_identification[0m [1;30mLevel 1[0m _identify(src/det_msgs) by extension 'ignore'
[0.505s] [34mcolcon.colcon_core.package_identification[0m [1;30mLevel 1[0m _identify(src/det_msgs) by extension 'ignore_ament_install'
[0.505s] [34mcolcon.colcon_core.package_identification[0m [1;30mLevel 1[0m _identify(src/det_msgs) by extensions ['colcon_pkg']
[0.505s] [34mcolcon.colcon_core.package_identification[0m [1;30mLevel 1[0m _identify(src/det_msgs) by extension 'colcon_pkg'
[0.505s] [34mcolcon.colcon_core.package_identification[0m [1;30mLevel 1[0m _identify(src/det_msgs) by extensions ['colcon_meta']
[0.505s] [34mcolcon.colcon_core.package_identification[0m [1;30mLevel 1[0m _identify(src/det_msgs) by extension 'colcon_meta'
[0.505s] [34mcolcon.colcon_core.package_identification[0m [1;30mLevel 1[0m _identify(src/det_msgs) by extensions ['ros']
[0.505s] [34mcolcon.colcon_core.package_identification[0m [1;30mLevel 1[0m _identify(src/det_msgs) by extension 'ros'
[0.509s] [34mcolcon.colcon_core.package_identification[0m [1;30mDEBUG[0m [32mPackage 'src/det_msgs' with type 'ros.ament_cmake' and name 'det_msgs'[0m
[0.509s] [34mcolcon.colcon_core.package_identification[0m [1;30mLevel 1[0m _identify(src/rain_det) by extensions ['ignore', 'ignore_ament_install']
[0.509s] [34mcolcon.colcon_core.package_identification[0m [1;30mLevel 1[0m _identify(src/rain_det) by extension 'ignore'
[0.510s] [34mcolcon.colcon_core.package_identification[0m [1;30mLevel 1[0m _identify(src/rain_det) by extension 'ignore_ament_install'
[0.510s] [34mcolcon.colcon_core.package_identification[0m [1;30mLevel 1[0m _identify(src/rain_det) by extensions ['colcon_pkg']
[0.510s] [34mcolcon.colcon_core.package_identification[0m [1;30mLevel 1[0m _identify(src/rain_det) by extension 'colcon_pkg'
[0.510s] [34mcolcon.colcon_core.package_identification[0m [1;30mLevel 1[0m _identify(src/rain_det) by extensions ['colcon_meta']
[0.510s] [34mcolcon.colcon_core.package_identification[0m [1;30mLevel 1[0m _identify(src/rain_det) by extension 'colcon_meta'
[0.510s] [34mcolcon.colcon_core.package_identification[0m [1;30mLevel 1[0m _identify(src/rain_det) by extensions ['ros']
[0.510s] [34mcolcon.colcon_core.package_identification[0m [1;30mLevel 1[0m _identify(src/rain_det) by extension 'ros'
[0.511s] [34mcolcon.colcon_core.package_identification[0m [1;30mDEBUG[0m [32mPackage 'src/rain_det' with type 'ros.ament_python' and name 'rain_det'[0m
[0.512s] [34mcolcon.colcon_core.package_identification[0m [1;30mLevel 1[0m _identify(src/rain_project_autonomous_ship) by extensions ['ignore', 'ignore_ament_install']
[0.512s] [34mcolcon.colcon_core.package_identification[0m [1;30mLevel 1[0m _identify(src/rain_project_autonomous_ship) by extension 'ignore'
[0.512s] [34mcolcon.colcon_core.package_identification[0m [1;30mLevel 1[0m _identify(src/rain_project_autonomous_ship) by extension 'ignore_ament_install'
[0.512s] [34mcolcon.colcon_core.package_identification[0m [1;30mLevel 1[0m _identify(src/rain_project_autonomous_ship) by extensions ['colcon_pkg']
[0.512s] [34mcolcon.colcon_core.package_identification[0m [1;30mLevel 1[0m _identify(src/rain_project_autonomous_ship) by extension 'colcon_pkg'
[0.512s] [34mcolcon.colcon_core.package_identification[0m [1;30mLevel 1[0m _identify(src/rain_project_autonomous_ship) by extensions ['colcon_meta']
[0.512s] [34mcolcon.colcon_core.package_identification[0m [1;30mLevel 1[0m _identify(src/rain_project_autonomous_ship) by extension 'colcon_meta'
[0.512s] [34mcolcon.colcon_core.package_identification[0m [1;30mLevel 1[0m _identify(src/rain_project_autonomous_ship) by extensions ['ros']
[0.512s] [34mcolcon.colcon_core.package_identification[0m [1;30mLevel 1[0m _identify(src/rain_project_autonomous_ship) by extension 'ros'
[0.514s] [34mcolcon.colcon_core.package_identification[0m [1;30mDEBUG[0m [32mPackage 'src/rain_project_autonomous_ship' with type 'ros.ament_python' and name 'rain_project_autonomous_ship'[0m
[0.514s] [34mcolcon.colcon_core.package_discovery[0m [1;30mLevel 1[0m discover_packages(recursive) using defaults
[0.514s] [34mcolcon.colcon_core.package_discovery[0m [1;30mLevel 1[0m discover_packages(ignore) discover
[0.514s] [34mcolcon.colcon_core.package_discovery[0m [1;30mLevel 1[0m discover_packages(ignore) using defaults
[0.514s] [34mcolcon.colcon_core.package_discovery[0m [1;30mLevel 1[0m discover_packages(path) discover
[0.514s] [34mcolcon.colcon_core.package_discovery[0m [1;30mLevel 1[0m discover_packages(path) using defaults
[0.538s] [34mcolcon.colcon_core.package_discovery[0m [1;30mLevel 1[0m discover_packages(prefix_path) check parameters
[0.538s] [34mcolcon.colcon_core.package_discovery[0m [1;30mLevel 1[0m discover_packages(prefix_path) discover
[0.539s] [34mcolcon.colcon_ros.prefix_path.ament[0m [1;30mWARNING[0m [33mThe path '/home/rain/pointpillars_ws/install/rain_project_autonomous_ship' in the environment variable AMENT_PREFIX_PATH doesn't exist[0m
[0.539s] [34mcolcon.colcon_ros.prefix_path.ament[0m [1;30mWARNING[0m [33mThe path '/home/rain/pointpillars_ws/install/rain_det' in the environment variable AMENT_PREFIX_PATH doesn't exist[0m
[0.539s] [34mcolcon.colcon_ros.prefix_path.ament[0m [1;30mWARNING[0m [33mThe path '/home/rain/pointpillars_ws/install/det_msgs' in the environment variable AMENT_PREFIX_PATH doesn't exist[0m
[0.540s] [34mcolcon.colcon_ros.prefix_path.catkin[0m [1;30mWARNING[0m [33mThe path '/home/rain/pointpillars_ws/install/det_msgs' in the environment variable CMAKE_PREFIX_PATH doesn't exist[0m
[0.541s] [34mcolcon.colcon_installed_package_information.package_discovery[0m [1;30mDEBUG[0m [32mFound 5 installed packages in /home/rain/ndt_ws/install[0m
[0.542s] [34mcolcon.colcon_installed_package_information.package_discovery[0m [1;30mDEBUG[0m [32mFound 0 installed packages in /home/rain/pointpillars_ws/install[0m
[0.542s] [34mcolcon.colcon_installed_package_information.package_discovery[0m [1;30mDEBUG[0m [32mFound 1 installed packages in /home/rain/ws_livox/install[0m
[0.544s] [34mcolcon.colcon_installed_package_information.package_discovery[0m [1;30mDEBUG[0m [32mFound 321 installed packages in /opt/ros/humble[0m
[0.548s] [34mcolcon.colcon_core.package_discovery[0m [1;30mLevel 1[0m discover_packages(prefix_path) using defaults
[0.608s] [34mcolcon.colcon_core.verb[0m [1;30mLevel 5[0m set package 'det_msgs' build argument 'cmake_args' from command line to 'None'
[0.608s] [34mcolcon.colcon_core.verb[0m [1;30mLevel 5[0m set package 'det_msgs' build argument 'cmake_target' from command line to 'None'
[0.608s] [34mcolcon.colcon_core.verb[0m [1;30mLevel 5[0m set package 'det_msgs' build argument 'cmake_target_skip_unavailable' from command line to 'False'
[0.608s] [34mcolcon.colcon_core.verb[0m [1;30mLevel 5[0m set package 'det_msgs' build argument 'cmake_clean_cache' from command line to 'False'
[0.608s] [34mcolcon.colcon_core.verb[0m [1;30mLevel 5[0m set package 'det_msgs' build argument 'cmake_clean_first' from command line to 'False'
[0.608s] [34mcolcon.colcon_core.verb[0m [1;30mLevel 5[0m set package 'det_msgs' build argument 'cmake_force_configure' from command line to 'False'
[0.608s] [34mcolcon.colcon_core.verb[0m [1;30mLevel 5[0m set package 'det_msgs' build argument 'ament_cmake_args' from command line to 'None'
[0.608s] [34mcolcon.colcon_core.verb[0m [1;30mLevel 5[0m set package 'det_msgs' build argument 'catkin_cmake_args' from command line to 'None'
[0.608s] [34mcolcon.colcon_core.verb[0m [1;30mLevel 5[0m set package 'det_msgs' build argument 'catkin_skip_building_tests' from command line to 'False'
[0.608s] [34mcolcon.colcon_core.verb[0m [1;30mDEBUG[0m [32mBuilding package 'det_msgs' with the following arguments: {'ament_cmake_args': None, 'build_base': '/home/rain/pointpillars_ws/build/det_msgs', 'catkin_cmake_args': None, 'catkin_skip_building_tests': False, 'cmake_args': None, 'cmake_clean_cache': False, 'cmake_clean_first': False, 'cmake_force_configure': False, 'cmake_target': None, 'cmake_target_skip_unavailable': False, 'install_base': '/home/rain/pointpillars_ws/install/det_msgs', 'merge_install': False, 'path': '/home/rain/pointpillars_ws/src/det_msgs', 'symlink_install': False, 'test_result_base': None}[0m
[0.609s] [34mcolcon.colcon_core.verb[0m [1;30mLevel 5[0m set package 'rain_det' build argument 'cmake_args' from command line to 'None'
[0.609s] [34mcolcon.colcon_core.verb[0m [1;30mLevel 5[0m set package 'rain_det' build argument 'cmake_target' from command line to 'None'
[0.609s] [34mcolcon.colcon_core.verb[0m [1;30mLevel 5[0m set package 'rain_det' build argument 'cmake_target_skip_unavailable' from command line to 'False'
[0.609s] [34mcolcon.colcon_core.verb[0m [1;30mLevel 5[0m set package 'rain_det' build argument 'cmake_clean_cache' from command line to 'False'
[0.609s] [34mcolcon.colcon_core.verb[0m [1;30mLevel 5[0m set package 'rain_det' build argument 'cmake_clean_first' from command line to 'False'
[0.609s] [34mcolcon.colcon_core.verb[0m [1;30mLevel 5[0m set package 'rain_det' build argument 'cmake_force_configure' from command line to 'False'
[0.609s] [34mcolcon.colcon_core.verb[0m [1;30mLevel 5[0m set package 'rain_det' build argument 'ament_cmake_args' from command line to 'None'
[0.609s] [34mcolcon.colcon_core.verb[0m [1;30mLevel 5[0m set package 'rain_det' build argument 'catkin_cmake_args' from command line to 'None'
[0.609s] [34mcolcon.colcon_core.verb[0m [1;30mLevel 5[0m set package 'rain_det' build argument 'catkin_skip_building_tests' from command line to 'False'
[0.609s] [34mcolcon.colcon_core.verb[0m [1;30mDEBUG[0m [32mBuilding package 'rain_det' with the following arguments: {'ament_cmake_args': None, 'build_base': '/home/rain/pointpillars_ws/build/rain_det', 'catkin_cmake_args': None, 'catkin_skip_building_tests': False, 'cmake_args': None, 'cmake_clean_cache': False, 'cmake_clean_first': False, 'cmake_force_configure': False, 'cmake_target': None, 'cmake_target_skip_unavailable': False, 'install_base': '/home/rain/pointpillars_ws/install/rain_det', 'merge_install': False, 'path': '/home/rain/pointpillars_ws/src/rain_det', 'symlink_install': False, 'test_result_base': None}[0m
[0.610s] [34mcolcon.colcon_core.verb[0m [1;30mLevel 5[0m set package 'rain_project_autonomous_ship' build argument 'cmake_args' from command line to 'None'
[0.610s] [34mcolcon.colcon_core.verb[0m [1;30mLevel 5[0m set package 'rain_project_autonomous_ship' build argument 'cmake_target' from command line to 'None'
[0.610s] [34mcolcon.colcon_core.verb[0m [1;30mLevel 5[0m set package 'rain_project_autonomous_ship' build argument 'cmake_target_skip_unavailable' from command line to 'False'
[0.610s] [34mcolcon.colcon_core.verb[0m [1;30mLevel 5[0m set package 'rain_project_autonomous_ship' build argument 'cmake_clean_cache' from command line to 'False'
[0.610s] [34mcolcon.colcon_core.verb[0m [1;30mLevel 5[0m set package 'rain_project_autonomous_ship' build argument 'cmake_clean_first' from command line to 'False'
[0.610s] [34mcolcon.colcon_core.verb[0m [1;30mLevel 5[0m set package 'rain_project_autonomous_ship' build argument 'cmake_force_configure' from command line to 'False'
[0.610s] [34mcolcon.colcon_core.verb[0m [1;30mLevel 5[0m set package 'rain_project_autonomous_ship' build argument 'ament_cmake_args' from command line to 'None'
[0.610s] [34mcolcon.colcon_core.verb[0m [1;30mLevel 5[0m set package 'rain_project_autonomous_ship' build argument 'catkin_cmake_args' from command line to 'None'
[0.610s] [34mcolcon.colcon_core.verb[0m [1;30mLevel 5[0m set package 'rain_project_autonomous_ship' build argument 'catkin_skip_building_tests' from command line to 'False'
[0.610s] [34mcolcon.colcon_core.verb[0m [1;30mDEBUG[0m [32mBuilding package 'rain_project_autonomous_ship' with the following arguments: {'ament_cmake_args': None, 'build_base': '/home/rain/pointpillars_ws/build/rain_project_autonomous_ship', 'catkin_cmake_args': None, 'catkin_skip_building_tests': False, 'cmake_args': None, 'cmake_clean_cache': False, 'cmake_clean_first': False, 'cmake_force_configure': False, 'cmake_target': None, 'cmake_target_skip_unavailable': False, 'install_base': '/home/rain/pointpillars_ws/install/rain_project_autonomous_ship', 'merge_install': False, 'path': '/home/rain/pointpillars_ws/src/rain_project_autonomous_ship', 'symlink_install': False, 'test_result_base': None}[0m
[0.610s] [34mcolcon.colcon_core.executor[0m [1;30mINFO[0m Executing jobs using 'parallel' executor
[0.612s] [34mcolcon.colcon_parallel_executor.executor.parallel[0m [1;30mDEBUG[0m [32mrun_until_complete[0m
[0.613s] [34mcolcon.colcon_ros.task.ament_cmake.build[0m [1;30mINFO[0m Building ROS package in '/home/rain/pointpillars_ws/src/det_msgs' with build type 'ament_cmake'
[0.613s] [34mcolcon.colcon_cmake.task.cmake.build[0m [1;30mINFO[0m Building CMake package in '/home/rain/pointpillars_ws/src/det_msgs'
[0.616s] [34mcolcon.colcon_core.plugin_system[0m [1;30mINFO[0m Skipping extension 'colcon_core.shell.bat': Not used on non-Windows systems
[0.616s] [34mcolcon.colcon_core.shell[0m [1;30mINFO[0m Skip shell extension 'powershell' for command environment: Not usable outside of PowerShell
[0.616s] [34mcolcon.colcon_core.shell[0m [1;30mDEBUG[0m [32mSkip shell extension 'dsv' for command environment[0m
[0.632s] [34mcolcon.colcon_core.event_handler.log_command[0m [1;30mDEBUG[0m [32mInvoking command in '/home/rain/pointpillars_ws/build/det_msgs': CMAKE_PREFIX_PATH=${CMAKE_PREFIX_PATH}:/home/rain/pointpillars_ws/install/rain_project_autonomous_ship:/home/rain/pointpillars_ws/install/rain_det:/opt/ros/humble /usr/bin/cmake /home/rain/pointpillars_ws/src/det_msgs -DCMAKE_INSTALL_PREFIX=/home/rain/pointpillars_ws/install/det_msgs[0m
[5.320s] [34mcolcon.colcon_core.event_handler.log_command[0m [1;30mDEBUG[0m [32mInvoked command in '/home/rain/pointpillars_ws/build/det_msgs' returned '0': CMAKE_PREFIX_PATH=${CMAKE_PREFIX_PATH}:/home/rain/pointpillars_ws/install/rain_project_autonomous_ship:/home/rain/pointpillars_ws/install/rain_det:/opt/ros/humble /usr/bin/cmake /home/rain/pointpillars_ws/src/det_msgs -DCMAKE_INSTALL_PREFIX=/home/rain/pointpillars_ws/install/det_msgs[0m
[5.326s] [34mcolcon.colcon_core.event_handler.log_command[0m [1;30mDEBUG[0m [32mInvoking command in '/home/rain/pointpillars_ws/build/det_msgs': CMAKE_PREFIX_PATH=${CMAKE_PREFIX_PATH}:/home/rain/pointpillars_ws/install/rain_project_autonomous_ship:/home/rain/pointpillars_ws/install/rain_det:/opt/ros/humble /usr/bin/cmake --build /home/rain/pointpillars_ws/build/det_msgs -- -j12 -l12[0m
[8.658s] [34mcolcon.colcon_core.event_handler.log_command[0m [1;30mDEBUG[0m [32mInvoked command in '/home/rain/pointpillars_ws/build/det_msgs' returned '0': CMAKE_PREFIX_PATH=${CMAKE_PREFIX_PATH}:/home/rain/pointpillars_ws/install/rain_project_autonomous_ship:/home/rain/pointpillars_ws/install/rain_det:/opt/ros/humble /usr/bin/cmake --build /home/rain/pointpillars_ws/build/det_msgs -- -j12 -l12[0m
[8.832s] [34mcolcon.colcon_core.event_handler.log_command[0m [1;30mDEBUG[0m [32mInvoking command in '/home/rain/pointpillars_ws/build/det_msgs': CMAKE_PREFIX_PATH=${CMAKE_PREFIX_PATH}:/home/rain/pointpillars_ws/install/rain_project_autonomous_ship:/home/rain/pointpillars_ws/install/rain_det:/opt/ros/humble /usr/bin/cmake --install /home/rain/pointpillars_ws/build/det_msgs[0m
[8.961s] [34mcolcon.colcon_core.environment[0m [1;30mLevel 1[0m create_environment_scripts_only(det_msgs)
[8.963s] [34mcolcon.colcon_core.event_handler.log_command[0m [1;30mDEBUG[0m [32mInvoked command in '/home/rain/pointpillars_ws/build/det_msgs' returned '0': CMAKE_PREFIX_PATH=${CMAKE_PREFIX_PATH}:/home/rain/pointpillars_ws/install/rain_project_autonomous_ship:/home/rain/pointpillars_ws/install/rain_det:/opt/ros/humble /usr/bin/cmake --install /home/rain/pointpillars_ws/build/det_msgs[0m
[8.970s] [34mcolcon.colcon_core.environment[0m [1;30mLevel 1[0m checking '/home/rain/pointpillars_ws/install/det_msgs' for CMake module files
[8.972s] [34mcolcon.colcon_core.environment[0m [1;30mLevel 1[0m checking '/home/rain/pointpillars_ws/install/det_msgs' for CMake config files
[8.974s] [34mcolcon.colcon_core.shell[0m [1;30mLevel 1[0m create_environment_hook('det_msgs', 'cmake_prefix_path')
[8.975s] [34mcolcon.colcon_core.shell[0m [1;30mINFO[0m Creating environment hook '/home/rain/pointpillars_ws/install/det_msgs/share/det_msgs/hook/cmake_prefix_path.ps1'
[8.977s] [34mcolcon.colcon_core.shell[0m [1;30mINFO[0m Creating environment descriptor '/home/rain/pointpillars_ws/install/det_msgs/share/det_msgs/hook/cmake_prefix_path.dsv'
[8.979s] [34mcolcon.colcon_core.shell[0m [1;30mINFO[0m Creating environment hook '/home/rain/pointpillars_ws/install/det_msgs/share/det_msgs/hook/cmake_prefix_path.sh'
[8.982s] [34mcolcon.colcon_core.environment[0m [1;30mLevel 1[0m checking '/home/rain/pointpillars_ws/install/det_msgs/lib'
[8.982s] [34mcolcon.colcon_core.shell[0m [1;30mLevel 1[0m create_environment_hook('det_msgs', 'ld_library_path_lib')
[8.983s] [34mcolcon.colcon_core.shell[0m [1;30mINFO[0m Creating environment hook '/home/rain/pointpillars_ws/install/det_msgs/share/det_msgs/hook/ld_library_path_lib.ps1'
[8.984s] [34mcolcon.colcon_core.shell[0m [1;30mINFO[0m Creating environment descriptor '/home/rain/pointpillars_ws/install/det_msgs/share/det_msgs/hook/ld_library_path_lib.dsv'
[8.985s] [34mcolcon.colcon_core.shell[0m [1;30mINFO[0m Creating environment hook '/home/rain/pointpillars_ws/install/det_msgs/share/det_msgs/hook/ld_library_path_lib.sh'
[8.987s] [34mcolcon.colcon_core.environment[0m [1;30mLevel 1[0m checking '/home/rain/pointpillars_ws/install/det_msgs/bin'
[8.987s] [34mcolcon.colcon_core.environment[0m [1;30mLevel 1[0m checking '/home/rain/pointpillars_ws/install/det_msgs/lib/pkgconfig/det_msgs.pc'
[8.988s] [34mcolcon.colcon_core.environment[0m [1;30mLevel 1[0m checking '/home/rain/pointpillars_ws/install/det_msgs/lib/python3.10/site-packages'
[8.989s] [34mcolcon.colcon_core.environment[0m [1;30mLevel 1[0m checking '/home/rain/pointpillars_ws/install/det_msgs/bin'
[8.990s] [34mcolcon.colcon_core.shell[0m [1;30mINFO[0m Creating package script '/home/rain/pointpillars_ws/install/det_msgs/share/det_msgs/package.ps1'
[8.993s] [34mcolcon.colcon_core.shell[0m [1;30mINFO[0m Creating package descriptor '/home/rain/pointpillars_ws/install/det_msgs/share/det_msgs/package.dsv'
[8.995s] [34mcolcon.colcon_core.shell[0m [1;30mINFO[0m Creating package script '/home/rain/pointpillars_ws/install/det_msgs/share/det_msgs/package.sh'
[8.998s] [34mcolcon.colcon_core.shell[0m [1;30mINFO[0m Creating package script '/home/rain/pointpillars_ws/install/det_msgs/share/det_msgs/package.bash'
[9.000s] [34mcolcon.colcon_core.shell[0m [1;30mINFO[0m Creating package script '/home/rain/pointpillars_ws/install/det_msgs/share/det_msgs/package.zsh'
[9.002s] [34mcolcon.colcon_core.environment[0m [1;30mLevel 1[0m create_file_with_runtime_dependencies(/home/rain/pointpillars_ws/install/det_msgs/share/colcon-core/packages/det_msgs)
[9.157s] [34mcolcon.colcon_core.environment[0m [1;30mLevel 1[0m create_environment_scripts_only(det_msgs)
[9.157s] [34mcolcon.colcon_core.environment[0m [1;30mLevel 1[0m checking '/home/rain/pointpillars_ws/install/det_msgs' for CMake module files
[9.158s] [34mcolcon.colcon_core.environment[0m [1;30mLevel 1[0m checking '/home/rain/pointpillars_ws/install/det_msgs' for CMake config files
[9.159s] [34mcolcon.colcon_core.shell[0m [1;30mLevel 1[0m create_environment_hook('det_msgs', 'cmake_prefix_path')
[9.160s] [34mcolcon.colcon_core.shell[0m [1;30mINFO[0m Creating environment hook '/home/rain/pointpillars_ws/install/det_msgs/share/det_msgs/hook/cmake_prefix_path.ps1'
[9.162s] [34mcolcon.colcon_core.shell[0m [1;30mINFO[0m Creating environment descriptor '/home/rain/pointpillars_ws/install/det_msgs/share/det_msgs/hook/cmake_prefix_path.dsv'
[9.164s] [34mcolcon.colcon_core.shell[0m [1;30mINFO[0m Creating environment hook '/home/rain/pointpillars_ws/install/det_msgs/share/det_msgs/hook/cmake_prefix_path.sh'
[9.165s] [34mcolcon.colcon_core.environment[0m [1;30mLevel 1[0m checking '/home/rain/pointpillars_ws/install/det_msgs/lib'
[9.166s] [34mcolcon.colcon_core.shell[0m [1;30mLevel 1[0m create_environment_hook('det_msgs', 'ld_library_path_lib')
[9.167s] [34mcolcon.colcon_core.shell[0m [1;30mINFO[0m Creating environment hook '/home/rain/pointpillars_ws/install/det_msgs/share/det_msgs/hook/ld_library_path_lib.ps1'
[9.168s] [34mcolcon.colcon_core.shell[0m [1;30mINFO[0m Creating environment descriptor '/home/rain/pointpillars_ws/install/det_msgs/share/det_msgs/hook/ld_library_path_lib.dsv'
[9.169s] [34mcolcon.colcon_core.shell[0m [1;30mINFO[0m Creating environment hook '/home/rain/pointpillars_ws/install/det_msgs/share/det_msgs/hook/ld_library_path_lib.sh'
[9.170s] [34mcolcon.colcon_core.environment[0m [1;30mLevel 1[0m checking '/home/rain/pointpillars_ws/install/det_msgs/bin'
[9.171s] [34mcolcon.colcon_core.environment[0m [1;30mLevel 1[0m checking '/home/rain/pointpillars_ws/install/det_msgs/lib/pkgconfig/det_msgs.pc'
[9.172s] [34mcolcon.colcon_core.environment[0m [1;30mLevel 1[0m checking '/home/rain/pointpillars_ws/install/det_msgs/lib/python3.10/site-packages'
[9.173s] [34mcolcon.colcon_core.environment[0m [1;30mLevel 1[0m checking '/home/rain/pointpillars_ws/install/det_msgs/bin'
[9.174s] [34mcolcon.colcon_core.shell[0m [1;30mINFO[0m Creating package script '/home/rain/pointpillars_ws/install/det_msgs/share/det_msgs/package.ps1'
[9.176s] [34mcolcon.colcon_core.shell[0m [1;30mINFO[0m Creating package descriptor '/home/rain/pointpillars_ws/install/det_msgs/share/det_msgs/package.dsv'
[9.178s] [34mcolcon.colcon_core.shell[0m [1;30mINFO[0m Creating package script '/home/rain/pointpillars_ws/install/det_msgs/share/det_msgs/package.sh'
[9.180s] [34mcolcon.colcon_core.shell[0m [1;30mINFO[0m Creating package script '/home/rain/pointpillars_ws/install/det_msgs/share/det_msgs/package.bash'
[9.181s] [34mcolcon.colcon_core.shell[0m [1;30mINFO[0m Creating package script '/home/rain/pointpillars_ws/install/det_msgs/share/det_msgs/package.zsh'
[9.183s] [34mcolcon.colcon_core.environment[0m [1;30mLevel 1[0m create_file_with_runtime_dependencies(/home/rain/pointpillars_ws/install/det_msgs/share/colcon-core/packages/det_msgs)
[9.184s] [34mcolcon.colcon_ros.task.ament_python.build[0m [1;30mINFO[0m Building ROS package in '/home/rain/pointpillars_ws/src/rain_det' with build type 'ament_python'
[9.185s] [34mcolcon.colcon_core.shell[0m [1;30mLevel 1[0m create_environment_hook('rain_det', 'ament_prefix_path')
[9.186s] [34mcolcon.colcon_core.shell[0m [1;30mINFO[0m Creating environment hook '/home/rain/pointpillars_ws/install/rain_det/share/rain_det/hook/ament_prefix_path.ps1'
[9.188s] [34mcolcon.colcon_core.shell[0m [1;30mINFO[0m Creating environment descriptor '/home/rain/pointpillars_ws/install/rain_det/share/rain_det/hook/ament_prefix_path.dsv'
[9.189s] [34mcolcon.colcon_core.shell[0m [1;30mINFO[0m Creating environment hook '/home/rain/pointpillars_ws/install/rain_det/share/rain_det/hook/ament_prefix_path.sh'
[9.191s] [34mcolcon.colcon_core.shell[0m [1;30mINFO[0m Skip shell extension 'powershell' for command environment: Not usable outside of PowerShell
[9.191s] [34mcolcon.colcon_core.shell[0m [1;30mDEBUG[0m [32mSkip shell extension 'dsv' for command environment[0m
[9.207s] [34mcolcon.colcon_ros.task.ament_python.build[0m [1;30mINFO[0m Building ROS package in '/home/rain/pointpillars_ws/src/rain_project_autonomous_ship' with build type 'ament_python'
[9.207s] [34mcolcon.colcon_core.shell[0m [1;30mLevel 1[0m create_environment_hook('rain_project_autonomous_ship', 'ament_prefix_path')
[9.208s] [34mcolcon.colcon_core.shell[0m [1;30mINFO[0m Creating environment hook '/home/rain/pointpillars_ws/install/rain_project_autonomous_ship/share/rain_project_autonomous_ship/hook/ament_prefix_path.ps1'
[9.210s] [34mcolcon.colcon_core.shell[0m [1;30mINFO[0m Creating environment descriptor '/home/rain/pointpillars_ws/install/rain_project_autonomous_ship/share/rain_project_autonomous_ship/hook/ament_prefix_path.dsv'
[9.210s] [34mcolcon.colcon_core.shell[0m [1;30mINFO[0m Creating environment hook '/home/rain/pointpillars_ws/install/rain_project_autonomous_ship/share/rain_project_autonomous_ship/hook/ament_prefix_path.sh'
[9.212s] [34mcolcon.colcon_core.shell[0m [1;30mINFO[0m Skip shell extension 'powershell' for command environment: Not usable outside of PowerShell
[9.213s] [34mcolcon.colcon_core.shell[0m [1;30mDEBUG[0m [32mSkip shell extension 'dsv' for command environment[0m
[9.740s] [34mcolcon.colcon_core.task.python.build[0m [1;30mINFO[0m Building Python package in '/home/rain/pointpillars_ws/src/rain_det'
[9.740s] [34mcolcon.colcon_core.shell[0m [1;30mINFO[0m Skip shell extension 'powershell' for command environment: Not usable outside of PowerShell
[9.740s] [34mcolcon.colcon_core.shell[0m [1;30mDEBUG[0m [32mSkip shell extension 'dsv' for command environment[0m
[10.263s] [34mcolcon.colcon_core.task.python.build[0m [1;30mINFO[0m Building Python package in '/home/rain/pointpillars_ws/src/rain_project_autonomous_ship'
[10.263s] [34mcolcon.colcon_core.shell[0m [1;30mINFO[0m Skip shell extension 'powershell' for command environment: Not usable outside of PowerShell
[10.264s] [34mcolcon.colcon_core.shell[0m [1;30mDEBUG[0m [32mSkip shell extension 'dsv' for command environment[0m
[10.933s] [34mcolcon.colcon_core.event_handler.log_command[0m [1;30mDEBUG[0m [32mInvoking command in '/home/rain/pointpillars_ws/src/rain_project_autonomous_ship': LD_LIBRARY_PATH=/home/rain/pointpillars_ws/install/det_msgs/lib:/usr/local/cuda-12.2/lib64:/home/rain/ndt_ws/install/scanmatcher/lib:/home/rain/ndt_ws/install/graph_based_slam/lib:/home/rain/ndt_ws/install/lidarslam_msgs/lib:/home/rain/ws_livox/install/livox_ros_driver2/lib:/opt/ros/humble/opt/rviz_ogre_vendor/lib:/opt/ros/humble/lib/aarch64-linux-gnu:/opt/ros/humble/lib:/usr/local/cuda-12.2/lib64:/usr/local/lib:/usr/local/lib PYTHONPATH=/home/rain/pointpillars_ws/build/rain_project_autonomous_ship/prefix_override:/usr/lib/python3/dist-packages/colcon_core/task/python/colcon_distutils_commands:/home/rain/pointpillars_ws/install/rain_project_autonomous_ship/lib/python3.10/site-packages:${PYTHONPATH} /usr/bin/python3 -W ignore:setup.py install is deprecated setup.py egg_info --egg-base ../../build/rain_project_autonomous_ship build --build-base /home/rain/pointpillars_ws/build/rain_project_autonomous_ship/build install --record /home/rain/pointpillars_ws/build/rain_project_autonomous_ship/install.log --single-version-externally-managed install_data[0m
[10.938s] [34mcolcon.colcon_core.event_handler.log_command[0m [1;30mDEBUG[0m [32mInvoking command in '/home/rain/pointpillars_ws/src/rain_det': LD_LIBRARY_PATH=/home/rain/pointpillars_ws/install/det_msgs/lib:/usr/local/cuda-12.2/lib64:/home/rain/ndt_ws/install/scanmatcher/lib:/home/rain/ndt_ws/install/graph_based_slam/lib:/home/rain/ndt_ws/install/lidarslam_msgs/lib:/home/rain/ws_livox/install/livox_ros_driver2/lib:/opt/ros/humble/opt/rviz_ogre_vendor/lib:/opt/ros/humble/lib/aarch64-linux-gnu:/opt/ros/humble/lib:/usr/local/cuda-12.2/lib64:/usr/local/lib:/usr/local/lib PYTHONPATH=/home/rain/pointpillars_ws/build/rain_det/prefix_override:/usr/lib/python3/dist-packages/colcon_core/task/python/colcon_distutils_commands:/home/rain/pointpillars_ws/install/rain_det/lib/python3.10/site-packages:${PYTHONPATH} /usr/bin/python3 -W ignore:setup.py install is deprecated setup.py egg_info --egg-base ../../build/rain_det build --build-base /home/rain/pointpillars_ws/build/rain_det/build install --record /home/rain/pointpillars_ws/build/rain_det/install.log --single-version-externally-managed install_data[0m
[11.515s] [34mcolcon.colcon_core.environment[0m [1;30mLevel 1[0m checking '/home/rain/pointpillars_ws/install/rain_det' for CMake module files
[11.516s] [34mcolcon.colcon_core.event_handler.log_command[0m [1;30mDEBUG[0m [32mInvoked command in '/home/rain/pointpillars_ws/src/rain_det' returned '0': LD_LIBRARY_PATH=/home/rain/pointpillars_ws/install/det_msgs/lib:/usr/local/cuda-12.2/lib64:/home/rain/ndt_ws/install/scanmatcher/lib:/home/rain/ndt_ws/install/graph_based_slam/lib:/home/rain/ndt_ws/install/lidarslam_msgs/lib:/home/rain/ws_livox/install/livox_ros_driver2/lib:/opt/ros/humble/opt/rviz_ogre_vendor/lib:/opt/ros/humble/lib/aarch64-linux-gnu:/opt/ros/humble/lib:/usr/local/cuda-12.2/lib64:/usr/local/lib:/usr/local/lib PYTHONPATH=/home/rain/pointpillars_ws/build/rain_det/prefix_override:/usr/lib/python3/dist-packages/colcon_core/task/python/colcon_distutils_commands:/home/rain/pointpillars_ws/install/rain_det/lib/python3.10/site-packages:${PYTHONPATH} /usr/bin/python3 -W ignore:setup.py install is deprecated setup.py egg_info --egg-base ../../build/rain_det build --build-base /home/rain/pointpillars_ws/build/rain_det/build install --record /home/rain/pointpillars_ws/build/rain_det/install.log --single-version-externally-managed install_data[0m
[11.516s] [34mcolcon.colcon_core.environment[0m [1;30mLevel 1[0m checking '/home/rain/pointpillars_ws/install/rain_det' for CMake config files
[11.517s] [34mcolcon.colcon_core.environment[0m [1;30mLevel 1[0m checking '/home/rain/pointpillars_ws/install/rain_det/lib'
[11.517s] [34mcolcon.colcon_core.environment[0m [1;30mLevel 1[0m checking '/home/rain/pointpillars_ws/install/rain_det/bin'
[11.518s] [34mcolcon.colcon_core.environment[0m [1;30mLevel 1[0m checking '/home/rain/pointpillars_ws/install/rain_det/lib/pkgconfig/rain_det.pc'
[11.518s] [34mcolcon.colcon_core.environment[0m [1;30mLevel 1[0m checking '/home/rain/pointpillars_ws/install/rain_det/lib/python3.10/site-packages'
[11.518s] [34mcolcon.colcon_core.shell[0m [1;30mLevel 1[0m create_environment_hook('rain_det', 'pythonpath')
[11.519s] [34mcolcon.colcon_core.shell[0m [1;30mINFO[0m Creating environment hook '/home/rain/pointpillars_ws/install/rain_det/share/rain_det/hook/pythonpath.ps1'
[11.519s] [34mcolcon.colcon_core.shell[0m [1;30mINFO[0m Creating environment descriptor '/home/rain/pointpillars_ws/install/rain_det/share/rain_det/hook/pythonpath.dsv'
[11.520s] [34mcolcon.colcon_core.shell[0m [1;30mINFO[0m Creating environment hook '/home/rain/pointpillars_ws/install/rain_det/share/rain_det/hook/pythonpath.sh'
[11.521s] [34mcolcon.colcon_core.environment[0m [1;30mLevel 1[0m checking '/home/rain/pointpillars_ws/install/rain_det/bin'
[11.521s] [34mcolcon.colcon_core.environment[0m [1;30mLevel 1[0m create_environment_scripts_only(rain_det)
[11.521s] [34mcolcon.colcon_core.shell[0m [1;30mINFO[0m Creating package script '/home/rain/pointpillars_ws/install/rain_det/share/rain_det/package.ps1'
[11.522s] [34mcolcon.colcon_core.shell[0m [1;30mINFO[0m Creating package descriptor '/home/rain/pointpillars_ws/install/rain_det/share/rain_det/package.dsv'
[11.523s] [34mcolcon.colcon_core.shell[0m [1;30mINFO[0m Creating package script '/home/rain/pointpillars_ws/install/rain_det/share/rain_det/package.sh'
[11.523s] [34mcolcon.colcon_core.shell[0m [1;30mINFO[0m Creating package script '/home/rain/pointpillars_ws/install/rain_det/share/rain_det/package.bash'
[11.524s] [34mcolcon.colcon_core.shell[0m [1;30mINFO[0m Creating package script '/home/rain/pointpillars_ws/install/rain_det/share/rain_det/package.zsh'
[11.525s] [34mcolcon.colcon_core.environment[0m [1;30mLevel 1[0m create_file_with_runtime_dependencies(/home/rain/pointpillars_ws/install/rain_det/share/colcon-core/packages/rain_det)
[11.527s] [34mcolcon.colcon_core.environment[0m [1;30mLevel 1[0m checking '/home/rain/pointpillars_ws/install/rain_project_autonomous_ship' for CMake module files
[11.527s] [34mcolcon.colcon_core.event_handler.log_command[0m [1;30mDEBUG[0m [32mInvoked command in '/home/rain/pointpillars_ws/src/rain_project_autonomous_ship' returned '0': LD_LIBRARY_PATH=/home/rain/pointpillars_ws/install/det_msgs/lib:/usr/local/cuda-12.2/lib64:/home/rain/ndt_ws/install/scanmatcher/lib:/home/rain/ndt_ws/install/graph_based_slam/lib:/home/rain/ndt_ws/install/lidarslam_msgs/lib:/home/rain/ws_livox/install/livox_ros_driver2/lib:/opt/ros/humble/opt/rviz_ogre_vendor/lib:/opt/ros/humble/lib/aarch64-linux-gnu:/opt/ros/humble/lib:/usr/local/cuda-12.2/lib64:/usr/local/lib:/usr/local/lib PYTHONPATH=/home/rain/pointpillars_ws/build/rain_project_autonomous_ship/prefix_override:/usr/lib/python3/dist-packages/colcon_core/task/python/colcon_distutils_commands:/home/rain/pointpillars_ws/install/rain_project_autonomous_ship/lib/python3.10/site-packages:${PYTHONPATH} /usr/bin/python3 -W ignore:setup.py install is deprecated setup.py egg_info --egg-base ../../build/rain_project_autonomous_ship build --build-base /home/rain/pointpillars_ws/build/rain_project_autonomous_ship/build install --record /home/rain/pointpillars_ws/build/rain_project_autonomous_ship/install.log --single-version-externally-managed install_data[0m
[11.528s] [34mcolcon.colcon_core.environment[0m [1;30mLevel 1[0m checking '/home/rain/pointpillars_ws/install/rain_project_autonomous_ship' for CMake config files
[11.529s] [34mcolcon.colcon_core.environment[0m [1;30mLevel 1[0m checking '/home/rain/pointpillars_ws/install/rain_project_autonomous_ship/lib'
[11.529s] [34mcolcon.colcon_core.environment[0m [1;30mLevel 1[0m checking '/home/rain/pointpillars_ws/install/rain_project_autonomous_ship/bin'
[11.529s] [34mcolcon.colcon_core.environment[0m [1;30mLevel 1[0m checking '/home/rain/pointpillars_ws/install/rain_project_autonomous_ship/lib/pkgconfig/rain_project_autonomous_ship.pc'
[11.530s] [34mcolcon.colcon_core.environment[0m [1;30mLevel 1[0m checking '/home/rain/pointpillars_ws/install/rain_project_autonomous_ship/lib/python3.10/site-packages'
[11.530s] [34mcolcon.colcon_core.shell[0m [1;30mLevel 1[0m create_environment_hook('rain_project_autonomous_ship', 'pythonpath')
[11.530s] [34mcolcon.colcon_core.shell[0m [1;30mINFO[0m Creating environment hook '/home/rain/pointpillars_ws/install/rain_project_autonomous_ship/share/rain_project_autonomous_ship/hook/pythonpath.ps1'
[11.531s] [34mcolcon.colcon_core.shell[0m [1;30mINFO[0m Creating environment descriptor '/home/rain/pointpillars_ws/install/rain_project_autonomous_ship/share/rain_project_autonomous_ship/hook/pythonpath.dsv'
[11.531s] [34mcolcon.colcon_core.shell[0m [1;30mINFO[0m Creating environment hook '/home/rain/pointpillars_ws/install/rain_project_autonomous_ship/share/rain_project_autonomous_ship/hook/pythonpath.sh'
[11.532s] [34mcolcon.colcon_core.environment[0m [1;30mLevel 1[0m checking '/home/rain/pointpillars_ws/install/rain_project_autonomous_ship/bin'
[11.532s] [34mcolcon.colcon_core.environment[0m [1;30mLevel 1[0m create_environment_scripts_only(rain_project_autonomous_ship)
[11.533s] [34mcolcon.colcon_core.shell[0m [1;30mINFO[0m Creating package script '/home/rain/pointpillars_ws/install/rain_project_autonomous_ship/share/rain_project_autonomous_ship/package.ps1'
[11.533s] [34mcolcon.colcon_core.shell[0m [1;30mINFO[0m Creating package descriptor '/home/rain/pointpillars_ws/install/rain_project_autonomous_ship/share/rain_project_autonomous_ship/package.dsv'
[11.534s] [34mcolcon.colcon_core.shell[0m [1;30mINFO[0m Creating package script '/home/rain/pointpillars_ws/install/rain_project_autonomous_ship/share/rain_project_autonomous_ship/package.sh'
[11.534s] [34mcolcon.colcon_core.shell[0m [1;30mINFO[0m Creating package script '/home/rain/pointpillars_ws/install/rain_project_autonomous_ship/share/rain_project_autonomous_ship/package.bash'
[11.535s] [34mcolcon.colcon_core.shell[0m [1;30mINFO[0m Creating package script '/home/rain/pointpillars_ws/install/rain_project_autonomous_ship/share/rain_project_autonomous_ship/package.zsh'
[11.535s] [34mcolcon.colcon_core.environment[0m [1;30mLevel 1[0m create_file_with_runtime_dependencies(/home/rain/pointpillars_ws/install/rain_project_autonomous_ship/share/colcon-core/packages/rain_project_autonomous_ship)
[11.536s] [34mcolcon.colcon_parallel_executor.executor.parallel[0m [1;30mDEBUG[0m [32mclosing loop[0m
[11.536s] [34mcolcon.colcon_parallel_executor.executor.parallel[0m [1;30mDEBUG[0m [32mloop closed[0m
[11.537s] [34mcolcon.colcon_parallel_executor.executor.parallel[0m [1;30mDEBUG[0m [32mrun_until_complete finished with '0'[0m
[11.537s] [34mcolcon.colcon_core.event_reactor[0m [1;30mDEBUG[0m [32mjoining thread[0m
[11.545s] [34mcolcon.colcon_core.plugin_system[0m [1;30mINFO[0m Skipping extension 'colcon_notification.desktop_notification.terminal_notifier': Not used on non-Darwin systems
[11.545s] [34mcolcon.colcon_core.plugin_system[0m [1;30mINFO[0m Skipping extension 'colcon_notification.desktop_notification.win32': Not used on non-Windows systems
[11.545s] [34mcolcon.colcon_notification.desktop_notification[0m [1;30mINFO[0m Sending desktop notification using 'notify2'
[11.564s] [34mcolcon.colcon_core.event_reactor[0m [1;30mDEBUG[0m [32mjoined thread[0m
[11.565s] [34mcolcon.colcon_core.shell[0m [1;30mINFO[0m Creating prefix script '/home/rain/pointpillars_ws/install/local_setup.ps1'
[11.567s] [34mcolcon.colcon_core.shell[0m [1;30mINFO[0m Creating prefix util module '/home/rain/pointpillars_ws/install/_local_setup_util_ps1.py'
[11.569s] [34mcolcon.colcon_core.shell[0m [1;30mINFO[0m Creating prefix chain script '/home/rain/pointpillars_ws/install/setup.ps1'
[11.571s] [34mcolcon.colcon_core.shell[0m [1;30mINFO[0m Creating prefix script '/home/rain/pointpillars_ws/install/local_setup.sh'
[11.572s] [34mcolcon.colcon_core.shell[0m [1;30mINFO[0m Creating prefix util module '/home/rain/pointpillars_ws/install/_local_setup_util_sh.py'
[11.572s] [34mcolcon.colcon_core.shell[0m [1;30mINFO[0m Creating prefix chain script '/home/rain/pointpillars_ws/install/setup.sh'
[11.574s] [34mcolcon.colcon_core.shell[0m [1;30mINFO[0m Creating prefix script '/home/rain/pointpillars_ws/install/local_setup.bash'
[11.575s] [34mcolcon.colcon_core.shell[0m [1;30mINFO[0m Creating prefix chain script '/home/rain/pointpillars_ws/install/setup.bash'
[11.577s] [34mcolcon.colcon_core.shell[0m [1;30mINFO[0m Creating prefix script '/home/rain/pointpillars_ws/install/local_setup.zsh'
[11.578s] [34mcolcon.colcon_core.shell[0m [1;30mINFO[0m Creating prefix chain script '/home/rain/pointpillars_ws/install/setup.zsh'
