[1.295s] Invoking command in '/home/rain/pointpillars_ws/src/ros2_pointpillars': PYTHONPATH=/home/rain/pointpillars_ws/build/ros2_pointpillars/prefix_override:/usr/lib/python3/dist-packages/colcon_core/task/python/colcon_distutils_commands:/home/rain/pointpillars_ws/install/ros2_pointpillars/lib/python3.10/site-packages:${PYTHONPATH} /usr/bin/python3 -W ignore:setup.py install is deprecated setup.py egg_info --egg-base ../../build/ros2_pointpillars build --build-base /home/rain/pointpillars_ws/build/ros2_pointpillars/build install --record /home/rain/pointpillars_ws/build/ros2_pointpillars/install.log --single-version-externally-managed install_data
[1.815s] running egg_info
[1.823s] writing manifest file '../../build/ros2_pointpillars/ros2_pointpillars.egg-info/SOURCES.txt'
[1.823s] running build
[1.823s] running build_py
[1.823s] copying ros2_pointpillars/top_view_marker.py -> /home/rain/pointpillars_ws/build/ros2_pointpillars/build/lib/ros2_pointpillars
[1.824s] copying ros2_pointpillars/pointcloud_publisher.py -> /home/rain/pointpillars_ws/build/ros2_pointpillars/build/lib/ros2_pointpillars
[1.825s] running install
[1.829s] running install_lib
[1.830s] copying /home/rain/pointpillars_ws/build/ros2_pointpillars/build/lib/ros2_pointpillars/top_view_marker.py -> /home/rain/pointpillars_ws/install/ros2_pointpillars/lib/python3.10/site-packages/ros2_pointpillars
[1.831s] copying /home/rain/pointpillars_ws/build/ros2_pointpillars/build/lib/ros2_pointpillars/pointcloud_publisher.py -> /home/rain/pointpillars_ws/install/ros2_pointpillars/lib/python3.10/site-packages/ros2_pointpillars
[1.832s] byte-compiling /home/rain/pointpillars_ws/install/ros2_pointpillars/lib/python3.10/site-packages/ros2_pointpillars/top_view_marker.py to top_view_marker.cpython-310.pyc
[1.834s] byte-compiling /home/rain/pointpillars_ws/install/ros2_pointpillars/lib/python3.10/site-packages/ros2_pointpillars/pointcloud_publisher.py to pointcloud_publisher.cpython-310.pyc
[1.837s] running install_data
[1.838s] running install_egg_info
[1.840s] removing '/home/rain/pointpillars_ws/install/ros2_pointpillars/lib/python3.10/site-packages/ros2_pointpillars-0.0.0-py3.10.egg-info' (and everything under it)
[1.841s] Copying ../../build/ros2_pointpillars/ros2_pointpillars.egg-info to /home/rain/pointpillars_ws/install/ros2_pointpillars/lib/python3.10/site-packages/ros2_pointpillars-0.0.0-py3.10.egg-info
[1.843s] running install_scripts
[1.879s] writing list of installed files to '/home/rain/pointpillars_ws/build/ros2_pointpillars/install.log'
[1.941s] Invoked command in '/home/rain/pointpillars_ws/src/ros2_pointpillars' returned '0': PYTHONPATH=/home/rain/pointpillars_ws/build/ros2_pointpillars/prefix_override:/usr/lib/python3/dist-packages/colcon_core/task/python/colcon_distutils_commands:/home/rain/pointpillars_ws/install/ros2_pointpillars/lib/python3.10/site-packages:${PYTHONPATH} /usr/bin/python3 -W ignore:setup.py install is deprecated setup.py egg_info --egg-base ../../build/ros2_pointpillars build --build-base /home/rain/pointpillars_ws/build/ros2_pointpillars/build install --record /home/rain/pointpillars_ws/build/ros2_pointpillars/install.log --single-version-externally-managed install_data
