/home/rain/pointpillars_ws/install/rain_det/lib/python3.10/site-packages/rain_det/bbox_cluster.py
/home/rain/pointpillars_ws/install/rain_det/lib/python3.10/site-packages/rain_det/pointcloud_filter.py
/home/rain/pointpillars_ws/install/rain_det/lib/python3.10/site-packages/rain_det/pointcloud_object_detector.py
/home/rain/pointpillars_ws/install/rain_det/lib/python3.10/site-packages/rain_det/__init__.py
/home/rain/pointpillars_ws/install/rain_det/lib/python3.10/site-packages/rain_det/util/dbscan.py
/home/rain/pointpillars_ws/install/rain_det/lib/python3.10/site-packages/rain_det/util/iou_3d_utils.py
/home/rain/pointpillars_ws/install/rain_det/lib/python3.10/site-packages/rain_det/util/pcd_process.py
/home/rain/pointpillars_ws/install/rain_det/lib/python3.10/site-packages/rain_det/util/__init__.py
/home/rain/pointpillars_ws/install/rain_det/lib/python3.10/site-packages/rain_det/model/model_trt.py
/home/rain/pointpillars_ws/install/rain_det/lib/python3.10/site-packages/rain_det/model/__init__.py
/home/rain/pointpillars_ws/install/rain_det/lib/python3.10/site-packages/rain_det/__pycache__/bbox_cluster.cpython-310.pyc
/home/rain/pointpillars_ws/install/rain_det/lib/python3.10/site-packages/rain_det/__pycache__/pointcloud_filter.cpython-310.pyc
/home/rain/pointpillars_ws/install/rain_det/lib/python3.10/site-packages/rain_det/__pycache__/pointcloud_object_detector.cpython-310.pyc
/home/rain/pointpillars_ws/install/rain_det/lib/python3.10/site-packages/rain_det/__pycache__/__init__.cpython-310.pyc
/home/rain/pointpillars_ws/install/rain_det/lib/python3.10/site-packages/rain_det/util/__pycache__/dbscan.cpython-310.pyc
/home/rain/pointpillars_ws/install/rain_det/lib/python3.10/site-packages/rain_det/util/__pycache__/iou_3d_utils.cpython-310.pyc
/home/rain/pointpillars_ws/install/rain_det/lib/python3.10/site-packages/rain_det/util/__pycache__/pcd_process.cpython-310.pyc
/home/rain/pointpillars_ws/install/rain_det/lib/python3.10/site-packages/rain_det/util/__pycache__/__init__.cpython-310.pyc
/home/rain/pointpillars_ws/install/rain_det/lib/python3.10/site-packages/rain_det/model/__pycache__/model_trt.cpython-310.pyc
/home/rain/pointpillars_ws/install/rain_det/lib/python3.10/site-packages/rain_det/model/__pycache__/__init__.cpython-310.pyc
/home/rain/pointpillars_ws/install/rain_det/share/ament_index/resource_index/packages/rain_det
/home/rain/pointpillars_ws/install/rain_det/share/rain_det/package.xml
/home/rain/pointpillars_ws/install/rain_det/share/rain_det/launch/pointcloud_object_detect.launch.py
/home/rain/pointpillars_ws/install/rain_det/share/rain_det/param/rain_det_param.yaml
/home/rain/pointpillars_ws/install/rain_det/lib/python3.10/site-packages/rain_det-0.0.0-py3.10.egg-info/entry_points.txt
/home/rain/pointpillars_ws/install/rain_det/lib/python3.10/site-packages/rain_det-0.0.0-py3.10.egg-info/zip-safe
/home/rain/pointpillars_ws/install/rain_det/lib/python3.10/site-packages/rain_det-0.0.0-py3.10.egg-info/PKG-INFO
/home/rain/pointpillars_ws/install/rain_det/lib/python3.10/site-packages/rain_det-0.0.0-py3.10.egg-info/SOURCES.txt
/home/rain/pointpillars_ws/install/rain_det/lib/python3.10/site-packages/rain_det-0.0.0-py3.10.egg-info/top_level.txt
/home/rain/pointpillars_ws/install/rain_det/lib/python3.10/site-packages/rain_det-0.0.0-py3.10.egg-info/requires.txt
/home/rain/pointpillars_ws/install/rain_det/lib/python3.10/site-packages/rain_det-0.0.0-py3.10.egg-info/dependency_links.txt
/home/rain/pointpillars_ws/install/rain_det/lib/rain_det/bbox_cluster
/home/rain/pointpillars_ws/install/rain_det/lib/rain_det/laserscan_map
/home/rain/pointpillars_ws/install/rain_det/lib/rain_det/marker_and_parking_point_visualizer
/home/rain/pointpillars_ws/install/rain_det/lib/rain_det/pointcloud_filter
/home/rain/pointpillars_ws/install/rain_det/lib/rain_det/pointcloud_object_detector
