[0.020s] Invoking command in '/home/rain/pointpillars_ws/build/trt_pointpillars': CMAKE_PREFIX_PATH=${CMAKE_PREFIX_PATH}:/home/rain/pointpillars_ws/install/ros2_pointpillars:/home/rain/lidar_segmentation_ws/install/livox_mid360_segmentation:/opt/ros/humble /usr/bin/cmake /home/rain/pointpillars_ws/src/trt_pointpillars -DCMAKE_INSTALL_PREFIX=/home/rain/pointpillars_ws/install/trt_pointpillars
[0.041s] -- Found ament_cmake: 1.3.9 (/opt/ros/humble/share/ament_cmake/cmake)
[0.273s] -- Found std_msgs: 4.2.3 (/opt/ros/humble/share/std_msgs/cmake)
[0.323s] -- Found rosidl_generator_c: 3.1.5 (/opt/ros/humble/share/rosidl_generator_c/cmake)
[0.326s] -- Found rosidl_adapter: 3.1.5 (/opt/ros/humble/share/rosidl_adapter/cmake)
[0.335s] -- Found rosidl_generator_cpp: 3.1.5 (/opt/ros/humble/share/rosidl_generator_cpp/cmake)
[0.351s] -- Using all available rosidl_typesupport_c: rosidl_typesupport_fastrtps_c;rosidl_typesupport_introspection_c
[0.372s] -- Using all available rosidl_typesupport_cpp: rosidl_typesupport_fastrtps_cpp;rosidl_typesupport_introspection_cpp
[0.439s] -- Found sensor_msgs: 4.2.3 (/opt/ros/humble/share/sensor_msgs/cmake)
[0.593s] -- Found rclcpp: 16.0.9 (/opt/ros/humble/share/rclcpp/cmake)
[0.653s] -- Found rmw_implementation_cmake: 6.1.2 (/opt/ros/humble/share/rmw_implementation_cmake/cmake)
[0.655s] -- Found rmw_fastrtps_cpp: 6.2.6 (/opt/ros/humble/share/rmw_fastrtps_cpp/cmake)
[0.813s] -- Using RMW implementation 'rmw_fastrtps_cpp' as default
[0.978s] -- Found visualization_msgs: 4.2.3 (/opt/ros/humble/share/visualization_msgs/cmake)
[1.209s] -- Found CUDA: /usr/local/cuda-12.2 (found version "12.2") 
[1.230s] [31mCMake Error at CMakeLists.txt:17 (find_package):
[1.230s]   By not providing "FindTensorRT.cmake" in CMAKE_MODULE_PATH this project has
[1.231s]   asked CMake to find a package configuration file provided by "TensorRT",
[1.231s]   but CMake did not find one.
[1.232s] 
[1.232s]   Could not find a package configuration file provided by "TensorRT" with any
[1.233s]   of the following names:
[1.233s] 
[1.233s]     TensorRTConfig.cmake
[1.234s]     tensorrt-config.cmake
[1.234s] 
[1.234s]   Add the installation prefix of "TensorRT" to CMAKE_PREFIX_PATH or set
[1.234s]   "TensorRT_DIR" to a directory containing one of the above files.  If
[1.234s]   "TensorRT" provides a separate development package or SDK, be sure it has
[1.235s]   been installed.
[1.235s] 
[1.235s] [0m
[1.235s] -- Configuring incomplete, errors occurred!
[1.235s] See also "/home/rain/pointpillars_ws/src/trt_pointpillars/CMakeFiles/CMakeOutput.log".
[1.247s] Invoked command in '/home/rain/pointpillars_ws/build/trt_pointpillars' returned '1': CMAKE_PREFIX_PATH=${CMAKE_PREFIX_PATH}:/home/rain/pointpillars_ws/install/ros2_pointpillars:/home/rain/lidar_segmentation_ws/install/livox_mid360_segmentation:/opt/ros/humble /usr/bin/cmake /home/rain/pointpillars_ws/src/trt_pointpillars -DCMAKE_INSTALL_PREFIX=/home/rain/pointpillars_ws/install/trt_pointpillars
[1.252s] Traceback (most recent call last):
  File "/usr/lib/python3/dist-packages/colcon_core/executor/__init__.py", line 91, in __call__
    rc = await self.task(*args, **kwargs)
  File "/usr/lib/python3/dist-packages/colcon_core/task/__init__.py", line 93, in __call__
    return await task_method(*args, **kwargs)
  File "/usr/lib/python3/dist-packages/colcon_ros/task/ament_cmake/build.py", line 59, in build
    rc = await extension.build(
  File "/usr/lib/python3/dist-packages/colcon_cmake/task/cmake/build.py", line 87, in build
    rc = await self._reconfigure(args, env)
  File "/usr/lib/python3/dist-packages/colcon_cmake/task/cmake/build.py", line 182, in _reconfigure
    buildfile = get_buildfile(cmake_cache)
  File "/usr/lib/python3/dist-packages/colcon_cmake/task/cmake/__init__.py", line 114, in get_buildfile
    if 'Visual Studio' in generator:
TypeError: argument of type 'NoneType' is not iterable
