/home/rain/pointpillars_ws/install/ros2_pointpillars/lib/python3.10/site-packages/ros2_pointpillars/pointcloud_publisher_livox.py
/home/rain/pointpillars_ws/install/ros2_pointpillars/lib/python3.10/site-packages/ros2_pointpillars/overlapping_lidar_points.py
/home/rain/pointpillars_ws/install/ros2_pointpillars/lib/python3.10/site-packages/ros2_pointpillars/pointcloud_filter.py
/home/rain/pointpillars_ws/install/ros2_pointpillars/lib/python3.10/site-packages/ros2_pointpillars/pointcloud_bin2topic.py
/home/rain/pointpillars_ws/install/ros2_pointpillars/lib/python3.10/site-packages/ros2_pointpillars/pointcloud_publisher_ndt.py
/home/rain/pointpillars_ws/install/ros2_pointpillars/lib/python3.10/site-packages/ros2_pointpillars/__init__.py
/home/rain/pointpillars_ws/install/ros2_pointpillars/lib/python3.10/site-packages/ros2_pointpillars/pointcloud_publisher.py
/home/rain/pointpillars_ws/install/ros2_pointpillars/lib/python3.10/site-packages/ros2_pointpillars/pointcloud2bin.py
/home/rain/pointpillars_ws/install/ros2_pointpillars/lib/python3.10/site-packages/ros2_pointpillars/util/dbscan.py
/home/rain/pointpillars_ws/install/ros2_pointpillars/lib/python3.10/site-packages/ros2_pointpillars/util/iou_3d_utils.py
/home/rain/pointpillars_ws/install/ros2_pointpillars/lib/python3.10/site-packages/ros2_pointpillars/util/pcd_process.py
/home/rain/pointpillars_ws/install/ros2_pointpillars/lib/python3.10/site-packages/ros2_pointpillars/util/__init__.py
/home/rain/pointpillars_ws/install/ros2_pointpillars/lib/python3.10/site-packages/ros2_pointpillars/model/model_trt.py
/home/rain/pointpillars_ws/install/ros2_pointpillars/lib/python3.10/site-packages/ros2_pointpillars/model/__init__.py
/home/rain/pointpillars_ws/install/ros2_pointpillars/lib/python3.10/site-packages/ros2_pointpillars/__pycache__/pointcloud_publisher_livox.cpython-310.pyc
/home/rain/pointpillars_ws/install/ros2_pointpillars/lib/python3.10/site-packages/ros2_pointpillars/__pycache__/overlapping_lidar_points.cpython-310.pyc
/home/rain/pointpillars_ws/install/ros2_pointpillars/lib/python3.10/site-packages/ros2_pointpillars/__pycache__/pointcloud_filter.cpython-310.pyc
/home/rain/pointpillars_ws/install/ros2_pointpillars/lib/python3.10/site-packages/ros2_pointpillars/__pycache__/pointcloud_bin2topic.cpython-310.pyc
/home/rain/pointpillars_ws/install/ros2_pointpillars/lib/python3.10/site-packages/ros2_pointpillars/__pycache__/pointcloud_publisher_ndt.cpython-310.pyc
/home/rain/pointpillars_ws/install/ros2_pointpillars/lib/python3.10/site-packages/ros2_pointpillars/__pycache__/__init__.cpython-310.pyc
/home/rain/pointpillars_ws/install/ros2_pointpillars/lib/python3.10/site-packages/ros2_pointpillars/__pycache__/pointcloud_publisher.cpython-310.pyc
/home/rain/pointpillars_ws/install/ros2_pointpillars/lib/python3.10/site-packages/ros2_pointpillars/__pycache__/pointcloud2bin.cpython-310.pyc
/home/rain/pointpillars_ws/install/ros2_pointpillars/lib/python3.10/site-packages/ros2_pointpillars/util/__pycache__/dbscan.cpython-310.pyc
/home/rain/pointpillars_ws/install/ros2_pointpillars/lib/python3.10/site-packages/ros2_pointpillars/util/__pycache__/iou_3d_utils.cpython-310.pyc
/home/rain/pointpillars_ws/install/ros2_pointpillars/lib/python3.10/site-packages/ros2_pointpillars/util/__pycache__/pcd_process.cpython-310.pyc
/home/rain/pointpillars_ws/install/ros2_pointpillars/lib/python3.10/site-packages/ros2_pointpillars/util/__pycache__/__init__.cpython-310.pyc
/home/rain/pointpillars_ws/install/ros2_pointpillars/lib/python3.10/site-packages/ros2_pointpillars/model/__pycache__/model_trt.cpython-310.pyc
/home/rain/pointpillars_ws/install/ros2_pointpillars/lib/python3.10/site-packages/ros2_pointpillars/model/__pycache__/__init__.cpython-310.pyc
/home/rain/pointpillars_ws/install/ros2_pointpillars/share/ament_index/resource_index/packages/ros2_pointpillars
/home/rain/pointpillars_ws/install/ros2_pointpillars/share/ros2_pointpillars/package.xml
/home/rain/pointpillars_ws/install/ros2_pointpillars/share/ros2_pointpillars/launch/pointpillars_ndt.launch.py
/home/rain/pointpillars_ws/install/ros2_pointpillars/lib/python3.10/site-packages/ros2_pointpillars-0.0.0-py3.10.egg-info/entry_points.txt
/home/rain/pointpillars_ws/install/ros2_pointpillars/lib/python3.10/site-packages/ros2_pointpillars-0.0.0-py3.10.egg-info/zip-safe
/home/rain/pointpillars_ws/install/ros2_pointpillars/lib/python3.10/site-packages/ros2_pointpillars-0.0.0-py3.10.egg-info/PKG-INFO
/home/rain/pointpillars_ws/install/ros2_pointpillars/lib/python3.10/site-packages/ros2_pointpillars-0.0.0-py3.10.egg-info/SOURCES.txt
/home/rain/pointpillars_ws/install/ros2_pointpillars/lib/python3.10/site-packages/ros2_pointpillars-0.0.0-py3.10.egg-info/top_level.txt
/home/rain/pointpillars_ws/install/ros2_pointpillars/lib/python3.10/site-packages/ros2_pointpillars-0.0.0-py3.10.egg-info/requires.txt
/home/rain/pointpillars_ws/install/ros2_pointpillars/lib/python3.10/site-packages/ros2_pointpillars-0.0.0-py3.10.egg-info/dependency_links.txt
/home/rain/pointpillars_ws/install/ros2_pointpillars/lib/ros2_pointpillars/overlapping_lidar_points
/home/rain/pointpillars_ws/install/ros2_pointpillars/lib/ros2_pointpillars/pointcloud2bin
/home/rain/pointpillars_ws/install/ros2_pointpillars/lib/ros2_pointpillars/pointcloud_bin2topic
/home/rain/pointpillars_ws/install/ros2_pointpillars/lib/ros2_pointpillars/pointcloud_filter
/home/rain/pointpillars_ws/install/ros2_pointpillars/lib/ros2_pointpillars/pointcloud_publisher
/home/rain/pointpillars_ws/install/ros2_pointpillars/lib/ros2_pointpillars/pointcloud_publisher_livox
/home/rain/pointpillars_ws/install/ros2_pointpillars/lib/ros2_pointpillars/pointcloud_publisher_ndt
