[0.181s] [34mcolcon[0m [1;30mDEBUG[0m [32mCommand line arguments: ['/usr/bin/colcon', 'build'][0m
[0.181s] [34mcolcon[0m [1;30mDEBUG[0m [32mParsed command line arguments: Namespace(log_base=None, log_level=None, verb_name='build', build_base='build', install_base='install', merge_install=False, symlink_install=False, test_result_base=None, continue_on_error=False, executor='parallel', parallel_workers=12, event_handlers=None, ignore_user_meta=False, metas=['./colcon.meta'], base_paths=['.'], packages_ignore=None, packages_ignore_regex=None, paths=None, packages_up_to=None, packages_up_to_regex=None, packages_above=None, packages_above_and_dependencies=None, packages_above_depth=None, packages_select_by_dep=None, packages_skip_by_dep=None, packages_skip_up_to=None, packages_select_build_failed=False, packages_skip_build_finished=False, packages_select_test_failures=False, packages_skip_test_passed=False, packages_select=None, packages_skip=None, packages_select_regex=None, packages_skip_regex=None, packages_start=None, packages_end=None, allow_overriding=[], cmake_args=None, cmake_target=None, cmake_target_skip_unavailable=False, cmake_clean_cache=False, cmake_clean_first=False, cmake_force_configure=False, ament_cmake_args=None, catkin_cmake_args=None, catkin_skip_building_tests=False, mixin_files=None, mixin=None, verb_parser=<colcon_mixin.mixin.mixin_argument.MixinArgumentDecorator object at 0xffff81966aa0>, verb_extension=<colcon_core.verb.build.BuildVerb object at 0xffff81b88190>, main=<bound method BuildVerb.main of <colcon_core.verb.build.BuildVerb object at 0xffff81b88190>>, mixin_verb=('build',))[0m
[0.474s] [34mcolcon.colcon_core.package_discovery[0m [1;30mLevel 1[0m discover_packages(colcon_meta) check parameters
[0.475s] [34mcolcon.colcon_core.package_discovery[0m [1;30mLevel 1[0m discover_packages(recursive) check parameters
[0.475s] [34mcolcon.colcon_core.package_discovery[0m [1;30mLevel 1[0m discover_packages(ignore) check parameters
[0.475s] [34mcolcon.colcon_core.package_discovery[0m [1;30mLevel 1[0m discover_packages(path) check parameters
[0.475s] [34mcolcon.colcon_core.package_discovery[0m [1;30mLevel 1[0m discover_packages(colcon_meta) discover
[0.475s] [34mcolcon.colcon_core.package_discovery[0m [1;30mLevel 1[0m discover_packages(recursive) discover
[0.475s] [34mcolcon.colcon_core.package_discovery[0m [1;30mINFO[0m Crawling recursively for packages in '/home/rain/pointpillars_ws'
[0.475s] [34mcolcon.colcon_core.package_identification[0m [1;30mLevel 1[0m _identify(.) by extensions ['ignore', 'ignore_ament_install']
[0.475s] [34mcolcon.colcon_core.package_identification[0m [1;30mLevel 1[0m _identify(.) by extension 'ignore'
[0.475s] [34mcolcon.colcon_core.package_identification[0m [1;30mLevel 1[0m _identify(.) by extension 'ignore_ament_install'
[0.476s] [34mcolcon.colcon_core.package_identification[0m [1;30mLevel 1[0m _identify(.) by extensions ['colcon_pkg']
[0.476s] [34mcolcon.colcon_core.package_identification[0m [1;30mLevel 1[0m _identify(.) by extension 'colcon_pkg'
[0.476s] [34mcolcon.colcon_core.package_identification[0m [1;30mLevel 1[0m _identify(.) by extensions ['colcon_meta']
[0.476s] [34mcolcon.colcon_core.package_identification[0m [1;30mLevel 1[0m _identify(.) by extension 'colcon_meta'
[0.476s] [34mcolcon.colcon_core.package_identification[0m [1;30mLevel 1[0m _identify(.) by extensions ['ros']
[0.476s] [34mcolcon.colcon_core.package_identification[0m [1;30mLevel 1[0m _identify(.) by extension 'ros'
[0.515s] [34mcolcon.colcon_core.package_identification[0m [1;30mLevel 1[0m _identify(.) by extensions ['cmake', 'python']
[0.516s] [34mcolcon.colcon_core.package_identification[0m [1;30mLevel 1[0m _identify(.) by extension 'cmake'
[0.516s] [34mcolcon.colcon_core.package_identification[0m [1;30mLevel 1[0m _identify(.) by extension 'python'
[0.516s] [34mcolcon.colcon_core.package_identification[0m [1;30mLevel 1[0m _identify(.) by extensions ['python_setup_py']
[0.516s] [34mcolcon.colcon_core.package_identification[0m [1;30mLevel 1[0m _identify(.) by extension 'python_setup_py'
[0.516s] [34mcolcon.colcon_core.package_identification[0m [1;30mLevel 1[0m _identify(build) by extensions ['ignore', 'ignore_ament_install']
[0.516s] [34mcolcon.colcon_core.package_identification[0m [1;30mLevel 1[0m _identify(build) by extension 'ignore'
[0.516s] [34mcolcon.colcon_core.package_identification[0m [1;30mLevel 1[0m _identify(build) ignored
[0.517s] [34mcolcon.colcon_core.package_identification[0m [1;30mLevel 1[0m _identify(install) by extensions ['ignore', 'ignore_ament_install']
[0.517s] [34mcolcon.colcon_core.package_identification[0m [1;30mLevel 1[0m _identify(install) by extension 'ignore'
[0.517s] [34mcolcon.colcon_core.package_identification[0m [1;30mLevel 1[0m _identify(install) ignored
[0.517s] [34mcolcon.colcon_core.package_identification[0m [1;30mLevel 1[0m _identify(log) by extensions ['ignore', 'ignore_ament_install']
[0.517s] [34mcolcon.colcon_core.package_identification[0m [1;30mLevel 1[0m _identify(log) by extension 'ignore'
[0.517s] [34mcolcon.colcon_core.package_identification[0m [1;30mLevel 1[0m _identify(log) ignored
[0.517s] [34mcolcon.colcon_core.package_identification[0m [1;30mLevel 1[0m _identify(src) by extensions ['ignore', 'ignore_ament_install']
[0.517s] [34mcolcon.colcon_core.package_identification[0m [1;30mLevel 1[0m _identify(src) by extension 'ignore'
[0.518s] [34mcolcon.colcon_core.package_identification[0m [1;30mLevel 1[0m _identify(src) by extension 'ignore_ament_install'
[0.518s] [34mcolcon.colcon_core.package_identification[0m [1;30mLevel 1[0m _identify(src) by extensions ['colcon_pkg']
[0.518s] [34mcolcon.colcon_core.package_identification[0m [1;30mLevel 1[0m _identify(src) by extension 'colcon_pkg'
[0.518s] [34mcolcon.colcon_core.package_identification[0m [1;30mLevel 1[0m _identify(src) by extensions ['colcon_meta']
[0.518s] [34mcolcon.colcon_core.package_identification[0m [1;30mLevel 1[0m _identify(src) by extension 'colcon_meta'
[0.518s] [34mcolcon.colcon_core.package_identification[0m [1;30mLevel 1[0m _identify(src) by extensions ['ros']
[0.518s] [34mcolcon.colcon_core.package_identification[0m [1;30mLevel 1[0m _identify(src) by extension 'ros'
[0.518s] [34mcolcon.colcon_core.package_identification[0m [1;30mLevel 1[0m _identify(src) by extensions ['cmake', 'python']
[0.518s] [34mcolcon.colcon_core.package_identification[0m [1;30mLevel 1[0m _identify(src) by extension 'cmake'
[0.518s] [34mcolcon.colcon_core.package_identification[0m [1;30mLevel 1[0m _identify(src) by extension 'python'
[0.518s] [34mcolcon.colcon_core.package_identification[0m [1;30mLevel 1[0m _identify(src) by extensions ['python_setup_py']
[0.518s] [34mcolcon.colcon_core.package_identification[0m [1;30mLevel 1[0m _identify(src) by extension 'python_setup_py'
[0.518s] [34mcolcon.colcon_core.package_identification[0m [1;30mLevel 1[0m _identify(src/det_msgs) by extensions ['ignore', 'ignore_ament_install']
[0.519s] [34mcolcon.colcon_core.package_identification[0m [1;30mLevel 1[0m _identify(src/det_msgs) by extension 'ignore'
[0.519s] [34mcolcon.colcon_core.package_identification[0m [1;30mLevel 1[0m _identify(src/det_msgs) by extension 'ignore_ament_install'
[0.519s] [34mcolcon.colcon_core.package_identification[0m [1;30mLevel 1[0m _identify(src/det_msgs) by extensions ['colcon_pkg']
[0.519s] [34mcolcon.colcon_core.package_identification[0m [1;30mLevel 1[0m _identify(src/det_msgs) by extension 'colcon_pkg'
[0.519s] [34mcolcon.colcon_core.package_identification[0m [1;30mLevel 1[0m _identify(src/det_msgs) by extensions ['colcon_meta']
[0.519s] [34mcolcon.colcon_core.package_identification[0m [1;30mLevel 1[0m _identify(src/det_msgs) by extension 'colcon_meta'
[0.519s] [34mcolcon.colcon_core.package_identification[0m [1;30mLevel 1[0m _identify(src/det_msgs) by extensions ['ros']
[0.519s] [34mcolcon.colcon_core.package_identification[0m [1;30mLevel 1[0m _identify(src/det_msgs) by extension 'ros'
[0.523s] [34mcolcon.colcon_core.package_identification[0m [1;30mDEBUG[0m [32mPackage 'src/det_msgs' with type 'ros.ament_cmake' and name 'det_msgs'[0m
[0.523s] [34mcolcon.colcon_core.package_identification[0m [1;30mLevel 1[0m _identify(src/rain_det) by extensions ['ignore', 'ignore_ament_install']
[0.524s] [34mcolcon.colcon_core.package_identification[0m [1;30mLevel 1[0m _identify(src/rain_det) by extension 'ignore'
[0.524s] [34mcolcon.colcon_core.package_identification[0m [1;30mLevel 1[0m _identify(src/rain_det) by extension 'ignore_ament_install'
[0.524s] [34mcolcon.colcon_core.package_identification[0m [1;30mLevel 1[0m _identify(src/rain_det) by extensions ['colcon_pkg']
[0.524s] [34mcolcon.colcon_core.package_identification[0m [1;30mLevel 1[0m _identify(src/rain_det) by extension 'colcon_pkg'
[0.524s] [34mcolcon.colcon_core.package_identification[0m [1;30mLevel 1[0m _identify(src/rain_det) by extensions ['colcon_meta']
[0.524s] [34mcolcon.colcon_core.package_identification[0m [1;30mLevel 1[0m _identify(src/rain_det) by extension 'colcon_meta'
[0.524s] [34mcolcon.colcon_core.package_identification[0m [1;30mLevel 1[0m _identify(src/rain_det) by extensions ['ros']
[0.524s] [34mcolcon.colcon_core.package_identification[0m [1;30mLevel 1[0m _identify(src/rain_det) by extension 'ros'
[0.525s] [34mcolcon.colcon_core.package_identification[0m [1;30mDEBUG[0m [32mPackage 'src/rain_det' with type 'ros.ament_python' and name 'rain_det'[0m
[0.526s] [34mcolcon.colcon_core.package_identification[0m [1;30mLevel 1[0m _identify(src/rain_project_autonomous_ship) by extensions ['ignore', 'ignore_ament_install']
[0.526s] [34mcolcon.colcon_core.package_identification[0m [1;30mLevel 1[0m _identify(src/rain_project_autonomous_ship) by extension 'ignore'
[0.526s] [34mcolcon.colcon_core.package_identification[0m [1;30mLevel 1[0m _identify(src/rain_project_autonomous_ship) by extension 'ignore_ament_install'
[0.526s] [34mcolcon.colcon_core.package_identification[0m [1;30mLevel 1[0m _identify(src/rain_project_autonomous_ship) by extensions ['colcon_pkg']
[0.526s] [34mcolcon.colcon_core.package_identification[0m [1;30mLevel 1[0m _identify(src/rain_project_autonomous_ship) by extension 'colcon_pkg'
[0.526s] [34mcolcon.colcon_core.package_identification[0m [1;30mLevel 1[0m _identify(src/rain_project_autonomous_ship) by extensions ['colcon_meta']
[0.526s] [34mcolcon.colcon_core.package_identification[0m [1;30mLevel 1[0m _identify(src/rain_project_autonomous_ship) by extension 'colcon_meta'
[0.526s] [34mcolcon.colcon_core.package_identification[0m [1;30mLevel 1[0m _identify(src/rain_project_autonomous_ship) by extensions ['ros']
[0.526s] [34mcolcon.colcon_core.package_identification[0m [1;30mLevel 1[0m _identify(src/rain_project_autonomous_ship) by extension 'ros'
[0.528s] [34mcolcon.colcon_core.package_identification[0m [1;30mDEBUG[0m [32mPackage 'src/rain_project_autonomous_ship' with type 'ros.ament_python' and name 'rain_project_autonomous_ship'[0m
[0.528s] [34mcolcon.colcon_core.package_discovery[0m [1;30mLevel 1[0m discover_packages(recursive) using defaults
[0.528s] [34mcolcon.colcon_core.package_discovery[0m [1;30mLevel 1[0m discover_packages(ignore) discover
[0.528s] [34mcolcon.colcon_core.package_discovery[0m [1;30mLevel 1[0m discover_packages(ignore) using defaults
[0.528s] [34mcolcon.colcon_core.package_discovery[0m [1;30mLevel 1[0m discover_packages(path) discover
[0.528s] [34mcolcon.colcon_core.package_discovery[0m [1;30mLevel 1[0m discover_packages(path) using defaults
[0.552s] [34mcolcon.colcon_core.package_discovery[0m [1;30mLevel 1[0m discover_packages(prefix_path) check parameters
[0.552s] [34mcolcon.colcon_core.package_discovery[0m [1;30mLevel 1[0m discover_packages(prefix_path) discover
[0.555s] [34mcolcon.colcon_installed_package_information.package_discovery[0m [1;30mDEBUG[0m [32mFound 5 installed packages in /home/rain/ndt_ws/install[0m
[0.556s] [34mcolcon.colcon_installed_package_information.package_discovery[0m [1;30mDEBUG[0m [32mFound 3 installed packages in /home/rain/pointpillars_ws/install[0m
[0.557s] [34mcolcon.colcon_installed_package_information.package_discovery[0m [1;30mDEBUG[0m [32mFound 1 installed packages in /home/rain/ws_livox/install[0m
[0.559s] [34mcolcon.colcon_installed_package_information.package_discovery[0m [1;30mDEBUG[0m [32mFound 321 installed packages in /opt/ros/humble[0m
[0.562s] [34mcolcon.colcon_core.package_discovery[0m [1;30mLevel 1[0m discover_packages(prefix_path) using defaults
[0.622s] [34mcolcon.colcon_core.verb[0m [1;30mLevel 5[0m set package 'det_msgs' build argument 'cmake_args' from command line to 'None'
[0.622s] [34mcolcon.colcon_core.verb[0m [1;30mLevel 5[0m set package 'det_msgs' build argument 'cmake_target' from command line to 'None'
[0.623s] [34mcolcon.colcon_core.verb[0m [1;30mLevel 5[0m set package 'det_msgs' build argument 'cmake_target_skip_unavailable' from command line to 'False'
[0.623s] [34mcolcon.colcon_core.verb[0m [1;30mLevel 5[0m set package 'det_msgs' build argument 'cmake_clean_cache' from command line to 'False'
[0.623s] [34mcolcon.colcon_core.verb[0m [1;30mLevel 5[0m set package 'det_msgs' build argument 'cmake_clean_first' from command line to 'False'
[0.623s] [34mcolcon.colcon_core.verb[0m [1;30mLevel 5[0m set package 'det_msgs' build argument 'cmake_force_configure' from command line to 'False'
[0.623s] [34mcolcon.colcon_core.verb[0m [1;30mLevel 5[0m set package 'det_msgs' build argument 'ament_cmake_args' from command line to 'None'
[0.623s] [34mcolcon.colcon_core.verb[0m [1;30mLevel 5[0m set package 'det_msgs' build argument 'catkin_cmake_args' from command line to 'None'
[0.623s] [34mcolcon.colcon_core.verb[0m [1;30mLevel 5[0m set package 'det_msgs' build argument 'catkin_skip_building_tests' from command line to 'False'
[0.623s] [34mcolcon.colcon_core.verb[0m [1;30mDEBUG[0m [32mBuilding package 'det_msgs' with the following arguments: {'ament_cmake_args': None, 'build_base': '/home/rain/pointpillars_ws/build/det_msgs', 'catkin_cmake_args': None, 'catkin_skip_building_tests': False, 'cmake_args': None, 'cmake_clean_cache': False, 'cmake_clean_first': False, 'cmake_force_configure': False, 'cmake_target': None, 'cmake_target_skip_unavailable': False, 'install_base': '/home/rain/pointpillars_ws/install/det_msgs', 'merge_install': False, 'path': '/home/rain/pointpillars_ws/src/det_msgs', 'symlink_install': False, 'test_result_base': None}[0m
[0.623s] [34mcolcon.colcon_core.verb[0m [1;30mLevel 5[0m set package 'rain_det' build argument 'cmake_args' from command line to 'None'
[0.623s] [34mcolcon.colcon_core.verb[0m [1;30mLevel 5[0m set package 'rain_det' build argument 'cmake_target' from command line to 'None'
[0.623s] [34mcolcon.colcon_core.verb[0m [1;30mLevel 5[0m set package 'rain_det' build argument 'cmake_target_skip_unavailable' from command line to 'False'
[0.624s] [34mcolcon.colcon_core.verb[0m [1;30mLevel 5[0m set package 'rain_det' build argument 'cmake_clean_cache' from command line to 'False'
[0.624s] [34mcolcon.colcon_core.verb[0m [1;30mLevel 5[0m set package 'rain_det' build argument 'cmake_clean_first' from command line to 'False'
[0.624s] [34mcolcon.colcon_core.verb[0m [1;30mLevel 5[0m set package 'rain_det' build argument 'cmake_force_configure' from command line to 'False'
[0.624s] [34mcolcon.colcon_core.verb[0m [1;30mLevel 5[0m set package 'rain_det' build argument 'ament_cmake_args' from command line to 'None'
[0.624s] [34mcolcon.colcon_core.verb[0m [1;30mLevel 5[0m set package 'rain_det' build argument 'catkin_cmake_args' from command line to 'None'
[0.624s] [34mcolcon.colcon_core.verb[0m [1;30mLevel 5[0m set package 'rain_det' build argument 'catkin_skip_building_tests' from command line to 'False'
[0.624s] [34mcolcon.colcon_core.verb[0m [1;30mDEBUG[0m [32mBuilding package 'rain_det' with the following arguments: {'ament_cmake_args': None, 'build_base': '/home/rain/pointpillars_ws/build/rain_det', 'catkin_cmake_args': None, 'catkin_skip_building_tests': False, 'cmake_args': None, 'cmake_clean_cache': False, 'cmake_clean_first': False, 'cmake_force_configure': False, 'cmake_target': None, 'cmake_target_skip_unavailable': False, 'install_base': '/home/rain/pointpillars_ws/install/rain_det', 'merge_install': False, 'path': '/home/rain/pointpillars_ws/src/rain_det', 'symlink_install': False, 'test_result_base': None}[0m
[0.624s] [34mcolcon.colcon_core.verb[0m [1;30mLevel 5[0m set package 'rain_project_autonomous_ship' build argument 'cmake_args' from command line to 'None'
[0.624s] [34mcolcon.colcon_core.verb[0m [1;30mLevel 5[0m set package 'rain_project_autonomous_ship' build argument 'cmake_target' from command line to 'None'
[0.624s] [34mcolcon.colcon_core.verb[0m [1;30mLevel 5[0m set package 'rain_project_autonomous_ship' build argument 'cmake_target_skip_unavailable' from command line to 'False'
[0.624s] [34mcolcon.colcon_core.verb[0m [1;30mLevel 5[0m set package 'rain_project_autonomous_ship' build argument 'cmake_clean_cache' from command line to 'False'
[0.624s] [34mcolcon.colcon_core.verb[0m [1;30mLevel 5[0m set package 'rain_project_autonomous_ship' build argument 'cmake_clean_first' from command line to 'False'
[0.624s] [34mcolcon.colcon_core.verb[0m [1;30mLevel 5[0m set package 'rain_project_autonomous_ship' build argument 'cmake_force_configure' from command line to 'False'
[0.625s] [34mcolcon.colcon_core.verb[0m [1;30mLevel 5[0m set package 'rain_project_autonomous_ship' build argument 'ament_cmake_args' from command line to 'None'
[0.625s] [34mcolcon.colcon_core.verb[0m [1;30mLevel 5[0m set package 'rain_project_autonomous_ship' build argument 'catkin_cmake_args' from command line to 'None'
[0.625s] [34mcolcon.colcon_core.verb[0m [1;30mLevel 5[0m set package 'rain_project_autonomous_ship' build argument 'catkin_skip_building_tests' from command line to 'False'
[0.625s] [34mcolcon.colcon_core.verb[0m [1;30mDEBUG[0m [32mBuilding package 'rain_project_autonomous_ship' with the following arguments: {'ament_cmake_args': None, 'build_base': '/home/rain/pointpillars_ws/build/rain_project_autonomous_ship', 'catkin_cmake_args': None, 'catkin_skip_building_tests': False, 'cmake_args': None, 'cmake_clean_cache': False, 'cmake_clean_first': False, 'cmake_force_configure': False, 'cmake_target': None, 'cmake_target_skip_unavailable': False, 'install_base': '/home/rain/pointpillars_ws/install/rain_project_autonomous_ship', 'merge_install': False, 'path': '/home/rain/pointpillars_ws/src/rain_project_autonomous_ship', 'symlink_install': False, 'test_result_base': None}[0m
[0.625s] [34mcolcon.colcon_core.executor[0m [1;30mINFO[0m Executing jobs using 'parallel' executor
[0.626s] [34mcolcon.colcon_parallel_executor.executor.parallel[0m [1;30mDEBUG[0m [32mrun_until_complete[0m
[0.627s] [34mcolcon.colcon_ros.task.ament_cmake.build[0m [1;30mINFO[0m Building ROS package in '/home/rain/pointpillars_ws/src/det_msgs' with build type 'ament_cmake'
[0.627s] [34mcolcon.colcon_cmake.task.cmake.build[0m [1;30mINFO[0m Building CMake package in '/home/rain/pointpillars_ws/src/det_msgs'
[0.630s] [34mcolcon.colcon_core.plugin_system[0m [1;30mINFO[0m Skipping extension 'colcon_core.shell.bat': Not used on non-Windows systems
[0.631s] [34mcolcon.colcon_core.shell[0m [1;30mINFO[0m Skip shell extension 'powershell' for command environment: Not usable outside of PowerShell
[0.631s] [34mcolcon.colcon_core.shell[0m [1;30mDEBUG[0m [32mSkip shell extension 'dsv' for command environment[0m
[0.646s] [34mcolcon.colcon_core.event_handler.log_command[0m [1;30mDEBUG[0m [32mInvoking command in '/home/rain/pointpillars_ws/build/det_msgs': CMAKE_PREFIX_PATH=${CMAKE_PREFIX_PATH}:/home/rain/pointpillars_ws/install/rain_project_autonomous_ship:/home/rain/pointpillars_ws/install/rain_det:/opt/ros/humble /usr/bin/cmake --build /home/rain/pointpillars_ws/build/det_msgs -- -j12 -l12[0m
[6.694s] [34mcolcon.colcon_core.event_handler.log_command[0m [1;30mDEBUG[0m [32mInvoked command in '/home/rain/pointpillars_ws/build/det_msgs' returned '0': CMAKE_PREFIX_PATH=${CMAKE_PREFIX_PATH}:/home/rain/pointpillars_ws/install/rain_project_autonomous_ship:/home/rain/pointpillars_ws/install/rain_det:/opt/ros/humble /usr/bin/cmake --build /home/rain/pointpillars_ws/build/det_msgs -- -j12 -l12[0m
[6.863s] [34mcolcon.colcon_core.event_handler.log_command[0m [1;30mDEBUG[0m [32mInvoking command in '/home/rain/pointpillars_ws/build/det_msgs': CMAKE_PREFIX_PATH=${CMAKE_PREFIX_PATH}:/home/rain/pointpillars_ws/install/rain_project_autonomous_ship:/home/rain/pointpillars_ws/install/rain_det:/opt/ros/humble /usr/bin/cmake --install /home/rain/pointpillars_ws/build/det_msgs[0m
[6.981s] [34mcolcon.colcon_core.environment[0m [1;30mLevel 1[0m create_environment_scripts_only(det_msgs)
[6.986s] [34mcolcon.colcon_core.event_handler.log_command[0m [1;30mDEBUG[0m [32mInvoked command in '/home/rain/pointpillars_ws/build/det_msgs' returned '0': CMAKE_PREFIX_PATH=${CMAKE_PREFIX_PATH}:/home/rain/pointpillars_ws/install/rain_project_autonomous_ship:/home/rain/pointpillars_ws/install/rain_det:/opt/ros/humble /usr/bin/cmake --install /home/rain/pointpillars_ws/build/det_msgs[0m
[6.989s] [34mcolcon.colcon_core.environment[0m [1;30mLevel 1[0m checking '/home/rain/pointpillars_ws/install/det_msgs' for CMake module files
[6.990s] [34mcolcon.colcon_core.environment[0m [1;30mLevel 1[0m checking '/home/rain/pointpillars_ws/install/det_msgs' for CMake config files
[6.992s] [34mcolcon.colcon_core.shell[0m [1;30mLevel 1[0m create_environment_hook('det_msgs', 'cmake_prefix_path')
[6.993s] [34mcolcon.colcon_core.shell[0m [1;30mINFO[0m Creating environment hook '/home/rain/pointpillars_ws/install/det_msgs/share/det_msgs/hook/cmake_prefix_path.ps1'
[6.996s] [34mcolcon.colcon_core.shell[0m [1;30mINFO[0m Creating environment descriptor '/home/rain/pointpillars_ws/install/det_msgs/share/det_msgs/hook/cmake_prefix_path.dsv'
[6.998s] [34mcolcon.colcon_core.shell[0m [1;30mINFO[0m Creating environment hook '/home/rain/pointpillars_ws/install/det_msgs/share/det_msgs/hook/cmake_prefix_path.sh'
[6.999s] [34mcolcon.colcon_core.environment[0m [1;30mLevel 1[0m checking '/home/rain/pointpillars_ws/install/det_msgs/lib'
[6.999s] [34mcolcon.colcon_core.shell[0m [1;30mLevel 1[0m create_environment_hook('det_msgs', 'ld_library_path_lib')
[7.000s] [34mcolcon.colcon_core.shell[0m [1;30mINFO[0m Creating environment hook '/home/rain/pointpillars_ws/install/det_msgs/share/det_msgs/hook/ld_library_path_lib.ps1'
[7.001s] [34mcolcon.colcon_core.shell[0m [1;30mINFO[0m Creating environment descriptor '/home/rain/pointpillars_ws/install/det_msgs/share/det_msgs/hook/ld_library_path_lib.dsv'
[7.003s] [34mcolcon.colcon_core.shell[0m [1;30mINFO[0m Creating environment hook '/home/rain/pointpillars_ws/install/det_msgs/share/det_msgs/hook/ld_library_path_lib.sh'
[7.004s] [34mcolcon.colcon_core.environment[0m [1;30mLevel 1[0m checking '/home/rain/pointpillars_ws/install/det_msgs/bin'
[7.004s] [34mcolcon.colcon_core.environment[0m [1;30mLevel 1[0m checking '/home/rain/pointpillars_ws/install/det_msgs/lib/pkgconfig/det_msgs.pc'
[7.005s] [34mcolcon.colcon_core.environment[0m [1;30mLevel 1[0m checking '/home/rain/pointpillars_ws/install/det_msgs/lib/python3.10/site-packages'
[7.006s] [34mcolcon.colcon_core.environment[0m [1;30mLevel 1[0m checking '/home/rain/pointpillars_ws/install/det_msgs/bin'
[7.007s] [34mcolcon.colcon_core.shell[0m [1;30mINFO[0m Creating package script '/home/rain/pointpillars_ws/install/det_msgs/share/det_msgs/package.ps1'
[7.010s] [34mcolcon.colcon_core.shell[0m [1;30mINFO[0m Creating package descriptor '/home/rain/pointpillars_ws/install/det_msgs/share/det_msgs/package.dsv'
[7.012s] [34mcolcon.colcon_core.shell[0m [1;30mINFO[0m Creating package script '/home/rain/pointpillars_ws/install/det_msgs/share/det_msgs/package.sh'
[7.015s] [34mcolcon.colcon_core.shell[0m [1;30mINFO[0m Creating package script '/home/rain/pointpillars_ws/install/det_msgs/share/det_msgs/package.bash'
[7.018s] [34mcolcon.colcon_core.shell[0m [1;30mINFO[0m Creating package script '/home/rain/pointpillars_ws/install/det_msgs/share/det_msgs/package.zsh'
[7.020s] [34mcolcon.colcon_core.environment[0m [1;30mLevel 1[0m create_file_with_runtime_dependencies(/home/rain/pointpillars_ws/install/det_msgs/share/colcon-core/packages/det_msgs)
[7.186s] [34mcolcon.colcon_core.environment[0m [1;30mLevel 1[0m create_environment_scripts_only(det_msgs)
[7.187s] [34mcolcon.colcon_core.environment[0m [1;30mLevel 1[0m checking '/home/rain/pointpillars_ws/install/det_msgs' for CMake module files
[7.189s] [34mcolcon.colcon_core.environment[0m [1;30mLevel 1[0m checking '/home/rain/pointpillars_ws/install/det_msgs' for CMake config files
[7.191s] [34mcolcon.colcon_core.shell[0m [1;30mLevel 1[0m create_environment_hook('det_msgs', 'cmake_prefix_path')
[7.192s] [34mcolcon.colcon_core.shell[0m [1;30mINFO[0m Creating environment hook '/home/rain/pointpillars_ws/install/det_msgs/share/det_msgs/hook/cmake_prefix_path.ps1'
[7.194s] [34mcolcon.colcon_core.shell[0m [1;30mINFO[0m Creating environment descriptor '/home/rain/pointpillars_ws/install/det_msgs/share/det_msgs/hook/cmake_prefix_path.dsv'
[7.195s] [34mcolcon.colcon_core.shell[0m [1;30mINFO[0m Creating environment hook '/home/rain/pointpillars_ws/install/det_msgs/share/det_msgs/hook/cmake_prefix_path.sh'
[7.197s] [34mcolcon.colcon_core.environment[0m [1;30mLevel 1[0m checking '/home/rain/pointpillars_ws/install/det_msgs/lib'
[7.197s] [34mcolcon.colcon_core.shell[0m [1;30mLevel 1[0m create_environment_hook('det_msgs', 'ld_library_path_lib')
[7.198s] [34mcolcon.colcon_core.shell[0m [1;30mINFO[0m Creating environment hook '/home/rain/pointpillars_ws/install/det_msgs/share/det_msgs/hook/ld_library_path_lib.ps1'
[7.199s] [34mcolcon.colcon_core.shell[0m [1;30mINFO[0m Creating environment descriptor '/home/rain/pointpillars_ws/install/det_msgs/share/det_msgs/hook/ld_library_path_lib.dsv'
[7.200s] [34mcolcon.colcon_core.shell[0m [1;30mINFO[0m Creating environment hook '/home/rain/pointpillars_ws/install/det_msgs/share/det_msgs/hook/ld_library_path_lib.sh'
[7.202s] [34mcolcon.colcon_core.environment[0m [1;30mLevel 1[0m checking '/home/rain/pointpillars_ws/install/det_msgs/bin'
[7.202s] [34mcolcon.colcon_core.environment[0m [1;30mLevel 1[0m checking '/home/rain/pointpillars_ws/install/det_msgs/lib/pkgconfig/det_msgs.pc'
[7.203s] [34mcolcon.colcon_core.environment[0m [1;30mLevel 1[0m checking '/home/rain/pointpillars_ws/install/det_msgs/lib/python3.10/site-packages'
[7.204s] [34mcolcon.colcon_core.environment[0m [1;30mLevel 1[0m checking '/home/rain/pointpillars_ws/install/det_msgs/bin'
[7.205s] [34mcolcon.colcon_core.shell[0m [1;30mINFO[0m Creating package script '/home/rain/pointpillars_ws/install/det_msgs/share/det_msgs/package.ps1'
[7.207s] [34mcolcon.colcon_core.shell[0m [1;30mINFO[0m Creating package descriptor '/home/rain/pointpillars_ws/install/det_msgs/share/det_msgs/package.dsv'
[7.209s] [34mcolcon.colcon_core.shell[0m [1;30mINFO[0m Creating package script '/home/rain/pointpillars_ws/install/det_msgs/share/det_msgs/package.sh'
[7.211s] [34mcolcon.colcon_core.shell[0m [1;30mINFO[0m Creating package script '/home/rain/pointpillars_ws/install/det_msgs/share/det_msgs/package.bash'
[7.212s] [34mcolcon.colcon_core.shell[0m [1;30mINFO[0m Creating package script '/home/rain/pointpillars_ws/install/det_msgs/share/det_msgs/package.zsh'
[7.214s] [34mcolcon.colcon_core.environment[0m [1;30mLevel 1[0m create_file_with_runtime_dependencies(/home/rain/pointpillars_ws/install/det_msgs/share/colcon-core/packages/det_msgs)
[7.216s] [34mcolcon.colcon_ros.task.ament_python.build[0m [1;30mINFO[0m Building ROS package in '/home/rain/pointpillars_ws/src/rain_det' with build type 'ament_python'
[7.216s] [34mcolcon.colcon_core.shell[0m [1;30mLevel 1[0m create_environment_hook('rain_det', 'ament_prefix_path')
[7.217s] [34mcolcon.colcon_core.shell[0m [1;30mINFO[0m Creating environment hook '/home/rain/pointpillars_ws/install/rain_det/share/rain_det/hook/ament_prefix_path.ps1'
[7.219s] [34mcolcon.colcon_core.shell[0m [1;30mINFO[0m Creating environment descriptor '/home/rain/pointpillars_ws/install/rain_det/share/rain_det/hook/ament_prefix_path.dsv'
[7.221s] [34mcolcon.colcon_core.shell[0m [1;30mINFO[0m Creating environment hook '/home/rain/pointpillars_ws/install/rain_det/share/rain_det/hook/ament_prefix_path.sh'
[7.223s] [34mcolcon.colcon_core.shell[0m [1;30mINFO[0m Skip shell extension 'powershell' for command environment: Not usable outside of PowerShell
[7.223s] [34mcolcon.colcon_core.shell[0m [1;30mDEBUG[0m [32mSkip shell extension 'dsv' for command environment[0m
[7.239s] [34mcolcon.colcon_ros.task.ament_python.build[0m [1;30mINFO[0m Building ROS package in '/home/rain/pointpillars_ws/src/rain_project_autonomous_ship' with build type 'ament_python'
[7.239s] [34mcolcon.colcon_core.shell[0m [1;30mLevel 1[0m create_environment_hook('rain_project_autonomous_ship', 'ament_prefix_path')
[7.240s] [34mcolcon.colcon_core.shell[0m [1;30mINFO[0m Creating environment hook '/home/rain/pointpillars_ws/install/rain_project_autonomous_ship/share/rain_project_autonomous_ship/hook/ament_prefix_path.ps1'
[7.241s] [34mcolcon.colcon_core.shell[0m [1;30mINFO[0m Creating environment descriptor '/home/rain/pointpillars_ws/install/rain_project_autonomous_ship/share/rain_project_autonomous_ship/hook/ament_prefix_path.dsv'
[7.242s] [34mcolcon.colcon_core.shell[0m [1;30mINFO[0m Creating environment hook '/home/rain/pointpillars_ws/install/rain_project_autonomous_ship/share/rain_project_autonomous_ship/hook/ament_prefix_path.sh'
[7.244s] [34mcolcon.colcon_core.shell[0m [1;30mINFO[0m Skip shell extension 'powershell' for command environment: Not usable outside of PowerShell
[7.244s] [34mcolcon.colcon_core.shell[0m [1;30mDEBUG[0m [32mSkip shell extension 'dsv' for command environment[0m
[7.751s] [34mcolcon.colcon_core.task.python.build[0m [1;30mINFO[0m Building Python package in '/home/rain/pointpillars_ws/src/rain_det'
[7.752s] [34mcolcon.colcon_core.shell[0m [1;30mINFO[0m Skip shell extension 'powershell' for command environment: Not usable outside of PowerShell
[7.752s] [34mcolcon.colcon_core.shell[0m [1;30mDEBUG[0m [32mSkip shell extension 'dsv' for command environment[0m
[8.247s] [34mcolcon.colcon_core.task.python.build[0m [1;30mINFO[0m Building Python package in '/home/rain/pointpillars_ws/src/rain_project_autonomous_ship'
[8.248s] [34mcolcon.colcon_core.shell[0m [1;30mINFO[0m Skip shell extension 'powershell' for command environment: Not usable outside of PowerShell
[8.248s] [34mcolcon.colcon_core.shell[0m [1;30mDEBUG[0m [32mSkip shell extension 'dsv' for command environment[0m
[8.880s] [34mcolcon.colcon_core.event_handler.log_command[0m [1;30mDEBUG[0m [32mInvoking command in '/home/rain/pointpillars_ws/src/rain_det': LD_LIBRARY_PATH=/home/rain/pointpillars_ws/install/det_msgs/lib:/usr/local/cuda-12.2/lib64:/usr/local/cuda-12.2/lib64:/usr/local/cuda-12.2/lib64:/home/rain/ndt_ws/install/scanmatcher/lib:/home/rain/ndt_ws/install/graph_based_slam/lib:/home/rain/ndt_ws/install/lidarslam_msgs/lib:/home/rain/ws_livox/install/livox_ros_driver2/lib:/opt/ros/humble/opt/rviz_ogre_vendor/lib:/opt/ros/humble/lib/aarch64-linux-gnu:/opt/ros/humble/lib:/usr/local/cuda-12.2/lib64:/usr/local/lib:/usr/local/lib:/usr/local/lib:/usr/local/lib PYTHONPATH=/home/rain/pointpillars_ws/build/rain_det/prefix_override:/usr/lib/python3/dist-packages/colcon_core/task/python/colcon_distutils_commands:/home/rain/pointpillars_ws/install/rain_det/lib/python3.10/site-packages:${PYTHONPATH} /usr/bin/python3 -W ignore:setup.py install is deprecated setup.py egg_info --egg-base ../../build/rain_det build --build-base /home/rain/pointpillars_ws/build/rain_det/build install --record /home/rain/pointpillars_ws/build/rain_det/install.log --single-version-externally-managed install_data[0m
[8.888s] [34mcolcon.colcon_core.event_handler.log_command[0m [1;30mDEBUG[0m [32mInvoking command in '/home/rain/pointpillars_ws/src/rain_project_autonomous_ship': LD_LIBRARY_PATH=/home/rain/pointpillars_ws/install/det_msgs/lib:/usr/local/cuda-12.2/lib64:/usr/local/cuda-12.2/lib64:/usr/local/cuda-12.2/lib64:/home/rain/ndt_ws/install/scanmatcher/lib:/home/rain/ndt_ws/install/graph_based_slam/lib:/home/rain/ndt_ws/install/lidarslam_msgs/lib:/home/rain/ws_livox/install/livox_ros_driver2/lib:/opt/ros/humble/opt/rviz_ogre_vendor/lib:/opt/ros/humble/lib/aarch64-linux-gnu:/opt/ros/humble/lib:/usr/local/cuda-12.2/lib64:/usr/local/lib:/usr/local/lib:/usr/local/lib:/usr/local/lib PYTHONPATH=/home/rain/pointpillars_ws/build/rain_project_autonomous_ship/prefix_override:/usr/lib/python3/dist-packages/colcon_core/task/python/colcon_distutils_commands:/home/rain/pointpillars_ws/install/rain_project_autonomous_ship/lib/python3.10/site-packages:${PYTHONPATH} /usr/bin/python3 -W ignore:setup.py install is deprecated setup.py egg_info --egg-base ../../build/rain_project_autonomous_ship build --build-base /home/rain/pointpillars_ws/build/rain_project_autonomous_ship/build install --record /home/rain/pointpillars_ws/build/rain_project_autonomous_ship/install.log --single-version-externally-managed install_data[0m
[9.428s] [34mcolcon.colcon_core.environment[0m [1;30mLevel 1[0m checking '/home/rain/pointpillars_ws/install/rain_det' for CMake module files
[9.430s] [34mcolcon.colcon_core.event_handler.log_command[0m [1;30mDEBUG[0m [32mInvoked command in '/home/rain/pointpillars_ws/src/rain_det' returned '0': LD_LIBRARY_PATH=/home/rain/pointpillars_ws/install/det_msgs/lib:/usr/local/cuda-12.2/lib64:/usr/local/cuda-12.2/lib64:/usr/local/cuda-12.2/lib64:/home/rain/ndt_ws/install/scanmatcher/lib:/home/rain/ndt_ws/install/graph_based_slam/lib:/home/rain/ndt_ws/install/lidarslam_msgs/lib:/home/rain/ws_livox/install/livox_ros_driver2/lib:/opt/ros/humble/opt/rviz_ogre_vendor/lib:/opt/ros/humble/lib/aarch64-linux-gnu:/opt/ros/humble/lib:/usr/local/cuda-12.2/lib64:/usr/local/lib:/usr/local/lib:/usr/local/lib:/usr/local/lib PYTHONPATH=/home/rain/pointpillars_ws/build/rain_det/prefix_override:/usr/lib/python3/dist-packages/colcon_core/task/python/colcon_distutils_commands:/home/rain/pointpillars_ws/install/rain_det/lib/python3.10/site-packages:${PYTHONPATH} /usr/bin/python3 -W ignore:setup.py install is deprecated setup.py egg_info --egg-base ../../build/rain_det build --build-base /home/rain/pointpillars_ws/build/rain_det/build install --record /home/rain/pointpillars_ws/build/rain_det/install.log --single-version-externally-managed install_data[0m
[9.431s] [34mcolcon.colcon_core.environment[0m [1;30mLevel 1[0m checking '/home/rain/pointpillars_ws/install/rain_det' for CMake config files
[9.432s] [34mcolcon.colcon_core.environment[0m [1;30mLevel 1[0m checking '/home/rain/pointpillars_ws/install/rain_det/lib'
[9.432s] [34mcolcon.colcon_core.environment[0m [1;30mLevel 1[0m checking '/home/rain/pointpillars_ws/install/rain_det/bin'
[9.432s] [34mcolcon.colcon_core.environment[0m [1;30mLevel 1[0m checking '/home/rain/pointpillars_ws/install/rain_det/lib/pkgconfig/rain_det.pc'
[9.432s] [34mcolcon.colcon_core.environment[0m [1;30mLevel 1[0m checking '/home/rain/pointpillars_ws/install/rain_det/lib/python3.10/site-packages'
[9.433s] [34mcolcon.colcon_core.shell[0m [1;30mLevel 1[0m create_environment_hook('rain_det', 'pythonpath')
[9.433s] [34mcolcon.colcon_core.shell[0m [1;30mINFO[0m Creating environment hook '/home/rain/pointpillars_ws/install/rain_det/share/rain_det/hook/pythonpath.ps1'
[9.435s] [34mcolcon.colcon_core.shell[0m [1;30mINFO[0m Creating environment descriptor '/home/rain/pointpillars_ws/install/rain_det/share/rain_det/hook/pythonpath.dsv'
[9.436s] [34mcolcon.colcon_core.shell[0m [1;30mINFO[0m Creating environment hook '/home/rain/pointpillars_ws/install/rain_det/share/rain_det/hook/pythonpath.sh'
[9.438s] [34mcolcon.colcon_core.environment[0m [1;30mLevel 1[0m checking '/home/rain/pointpillars_ws/install/rain_det/bin'
[9.438s] [34mcolcon.colcon_core.environment[0m [1;30mLevel 1[0m create_environment_scripts_only(rain_det)
[9.439s] [34mcolcon.colcon_core.shell[0m [1;30mINFO[0m Creating package script '/home/rain/pointpillars_ws/install/rain_det/share/rain_det/package.ps1'
[9.441s] [34mcolcon.colcon_core.shell[0m [1;30mINFO[0m Creating package descriptor '/home/rain/pointpillars_ws/install/rain_det/share/rain_det/package.dsv'
[9.443s] [34mcolcon.colcon_core.shell[0m [1;30mINFO[0m Creating package script '/home/rain/pointpillars_ws/install/rain_det/share/rain_det/package.sh'
[9.444s] [34mcolcon.colcon_core.shell[0m [1;30mINFO[0m Creating package script '/home/rain/pointpillars_ws/install/rain_det/share/rain_det/package.bash'
[9.446s] [34mcolcon.colcon_core.shell[0m [1;30mINFO[0m Creating package script '/home/rain/pointpillars_ws/install/rain_det/share/rain_det/package.zsh'
[9.447s] [34mcolcon.colcon_core.environment[0m [1;30mLevel 1[0m create_file_with_runtime_dependencies(/home/rain/pointpillars_ws/install/rain_det/share/colcon-core/packages/rain_det)
[9.451s] [34mcolcon.colcon_core.environment[0m [1;30mLevel 1[0m checking '/home/rain/pointpillars_ws/install/rain_project_autonomous_ship' for CMake module files
[9.453s] [34mcolcon.colcon_core.event_handler.log_command[0m [1;30mDEBUG[0m [32mInvoked command in '/home/rain/pointpillars_ws/src/rain_project_autonomous_ship' returned '0': LD_LIBRARY_PATH=/home/rain/pointpillars_ws/install/det_msgs/lib:/usr/local/cuda-12.2/lib64:/usr/local/cuda-12.2/lib64:/usr/local/cuda-12.2/lib64:/home/rain/ndt_ws/install/scanmatcher/lib:/home/rain/ndt_ws/install/graph_based_slam/lib:/home/rain/ndt_ws/install/lidarslam_msgs/lib:/home/rain/ws_livox/install/livox_ros_driver2/lib:/opt/ros/humble/opt/rviz_ogre_vendor/lib:/opt/ros/humble/lib/aarch64-linux-gnu:/opt/ros/humble/lib:/usr/local/cuda-12.2/lib64:/usr/local/lib:/usr/local/lib:/usr/local/lib:/usr/local/lib PYTHONPATH=/home/rain/pointpillars_ws/build/rain_project_autonomous_ship/prefix_override:/usr/lib/python3/dist-packages/colcon_core/task/python/colcon_distutils_commands:/home/rain/pointpillars_ws/install/rain_project_autonomous_ship/lib/python3.10/site-packages:${PYTHONPATH} /usr/bin/python3 -W ignore:setup.py install is deprecated setup.py egg_info --egg-base ../../build/rain_project_autonomous_ship build --build-base /home/rain/pointpillars_ws/build/rain_project_autonomous_ship/build install --record /home/rain/pointpillars_ws/build/rain_project_autonomous_ship/install.log --single-version-externally-managed install_data[0m
[9.454s] [34mcolcon.colcon_core.environment[0m [1;30mLevel 1[0m checking '/home/rain/pointpillars_ws/install/rain_project_autonomous_ship' for CMake config files
[9.456s] [34mcolcon.colcon_core.environment[0m [1;30mLevel 1[0m checking '/home/rain/pointpillars_ws/install/rain_project_autonomous_ship/lib'
[9.457s] [34mcolcon.colcon_core.environment[0m [1;30mLevel 1[0m checking '/home/rain/pointpillars_ws/install/rain_project_autonomous_ship/bin'
[9.457s] [34mcolcon.colcon_core.environment[0m [1;30mLevel 1[0m checking '/home/rain/pointpillars_ws/install/rain_project_autonomous_ship/lib/pkgconfig/rain_project_autonomous_ship.pc'
[9.458s] [34mcolcon.colcon_core.environment[0m [1;30mLevel 1[0m checking '/home/rain/pointpillars_ws/install/rain_project_autonomous_ship/lib/python3.10/site-packages'
[9.458s] [34mcolcon.colcon_core.shell[0m [1;30mLevel 1[0m create_environment_hook('rain_project_autonomous_ship', 'pythonpath')
[9.459s] [34mcolcon.colcon_core.shell[0m [1;30mINFO[0m Creating environment hook '/home/rain/pointpillars_ws/install/rain_project_autonomous_ship/share/rain_project_autonomous_ship/hook/pythonpath.ps1'
[9.460s] [34mcolcon.colcon_core.shell[0m [1;30mINFO[0m Creating environment descriptor '/home/rain/pointpillars_ws/install/rain_project_autonomous_ship/share/rain_project_autonomous_ship/hook/pythonpath.dsv'
[9.462s] [34mcolcon.colcon_core.shell[0m [1;30mINFO[0m Creating environment hook '/home/rain/pointpillars_ws/install/rain_project_autonomous_ship/share/rain_project_autonomous_ship/hook/pythonpath.sh'
[9.465s] [34mcolcon.colcon_core.environment[0m [1;30mLevel 1[0m checking '/home/rain/pointpillars_ws/install/rain_project_autonomous_ship/bin'
[9.465s] [34mcolcon.colcon_core.environment[0m [1;30mLevel 1[0m create_environment_scripts_only(rain_project_autonomous_ship)
[9.467s] [34mcolcon.colcon_core.shell[0m [1;30mINFO[0m Creating package script '/home/rain/pointpillars_ws/install/rain_project_autonomous_ship/share/rain_project_autonomous_ship/package.ps1'
[9.468s] [34mcolcon.colcon_core.shell[0m [1;30mINFO[0m Creating package descriptor '/home/rain/pointpillars_ws/install/rain_project_autonomous_ship/share/rain_project_autonomous_ship/package.dsv'
[9.470s] [34mcolcon.colcon_core.shell[0m [1;30mINFO[0m Creating package script '/home/rain/pointpillars_ws/install/rain_project_autonomous_ship/share/rain_project_autonomous_ship/package.sh'
[9.472s] [34mcolcon.colcon_core.shell[0m [1;30mINFO[0m Creating package script '/home/rain/pointpillars_ws/install/rain_project_autonomous_ship/share/rain_project_autonomous_ship/package.bash'
[9.473s] [34mcolcon.colcon_core.shell[0m [1;30mINFO[0m Creating package script '/home/rain/pointpillars_ws/install/rain_project_autonomous_ship/share/rain_project_autonomous_ship/package.zsh'
[9.474s] [34mcolcon.colcon_core.environment[0m [1;30mLevel 1[0m create_file_with_runtime_dependencies(/home/rain/pointpillars_ws/install/rain_project_autonomous_ship/share/colcon-core/packages/rain_project_autonomous_ship)
[9.475s] [34mcolcon.colcon_parallel_executor.executor.parallel[0m [1;30mDEBUG[0m [32mclosing loop[0m
[9.476s] [34mcolcon.colcon_parallel_executor.executor.parallel[0m [1;30mDEBUG[0m [32mloop closed[0m
[9.477s] [34mcolcon.colcon_parallel_executor.executor.parallel[0m [1;30mDEBUG[0m [32mrun_until_complete finished with '0'[0m
[9.477s] [34mcolcon.colcon_core.event_reactor[0m [1;30mDEBUG[0m [32mjoining thread[0m
[9.496s] [34mcolcon.colcon_core.plugin_system[0m [1;30mINFO[0m Skipping extension 'colcon_notification.desktop_notification.terminal_notifier': Not used on non-Darwin systems
[9.496s] [34mcolcon.colcon_core.plugin_system[0m [1;30mINFO[0m Skipping extension 'colcon_notification.desktop_notification.win32': Not used on non-Windows systems
[9.497s] [34mcolcon.colcon_notification.desktop_notification[0m [1;30mINFO[0m Sending desktop notification using 'notify2'
[9.539s] [34mcolcon.colcon_core.event_reactor[0m [1;30mDEBUG[0m [32mjoined thread[0m
[9.540s] [34mcolcon.colcon_core.shell[0m [1;30mINFO[0m Creating prefix script '/home/rain/pointpillars_ws/install/local_setup.ps1'
[9.543s] [34mcolcon.colcon_core.shell[0m [1;30mINFO[0m Creating prefix util module '/home/rain/pointpillars_ws/install/_local_setup_util_ps1.py'
[9.545s] [34mcolcon.colcon_core.shell[0m [1;30mINFO[0m Creating prefix chain script '/home/rain/pointpillars_ws/install/setup.ps1'
[9.551s] [34mcolcon.colcon_core.shell[0m [1;30mINFO[0m Creating prefix script '/home/rain/pointpillars_ws/install/local_setup.sh'
[9.553s] [34mcolcon.colcon_core.shell[0m [1;30mINFO[0m Creating prefix util module '/home/rain/pointpillars_ws/install/_local_setup_util_sh.py'
[9.555s] [34mcolcon.colcon_core.shell[0m [1;30mINFO[0m Creating prefix chain script '/home/rain/pointpillars_ws/install/setup.sh'
[9.560s] [34mcolcon.colcon_core.shell[0m [1;30mINFO[0m Creating prefix script '/home/rain/pointpillars_ws/install/local_setup.bash'
[9.562s] [34mcolcon.colcon_core.shell[0m [1;30mINFO[0m Creating prefix chain script '/home/rain/pointpillars_ws/install/setup.bash'
[9.567s] [34mcolcon.colcon_core.shell[0m [1;30mINFO[0m Creating prefix script '/home/rain/pointpillars_ws/install/local_setup.zsh'
[9.569s] [34mcolcon.colcon_core.shell[0m [1;30mINFO[0m Creating prefix chain script '/home/rain/pointpillars_ws/install/setup.zsh'
