-- Found ament_cmake: 1.3.10 (/opt/ros/humble/share/ament_cmake/cmake)
-- Found rosidl_default_generators: 1.2.0 (/opt/ros/humble/share/rosidl_default_generators/cmake)
-- Using all available rosidl_typesupport_c: rosidl_typesupport_fastrtps_c;rosidl_typesupport_introspection_c
-- Found rosidl_adapter: 3.1.5 (/opt/ros/humble/share/rosidl_adapter/cmake)
-- Using all available rosidl_typesupport_cpp: rosidl_typesupport_fastrtps_cpp;rosidl_typesupport_introspection_cpp
-- Found geometry_msgs: 4.2.4 (/opt/ros/humble/share/geometry_msgs/cmake)
-- Found ament_cmake_ros: 0.10.0 (/opt/ros/humble/share/ament_cmake_ros/cmake)
-- Using all available rosidl_typesupport_c: rosidl_typesupport_fastrtps_c;rosidl_typesupport_introspection_c
-- Using all available rosidl_typesupport_cpp: rosidl_typesupport_fastrtps_cpp;rosidl_typesupport_introspection_cpp
-- Found python_cmake_module: 0.10.0 (/opt/ros/humble/share/python_cmake_module/cmake)
-- Using PYTHON_EXECUTABLE: /usr/bin/python3
-- Using PYTHON_INCLUDE_DIRS: /usr/include/python3.10
-- Using PYTHON_LIBRARIES: /usr/lib/aarch64-linux-gnu/libpython3.10.so
-- Found ament_lint_auto: 0.12.11 (/opt/ros/humble/share/ament_lint_auto/cmake)
-- Added test 'lint_cmake' to check CMake code style
-- Added test 'xmllint' to check XML markup files
-- Configuring done
-- Generating done
-- Build files have been written to: /home/rain/pointpillars_ws/build/det_msgs
[  2%] [34m[1mGenerating C code for ROS interfaces[0m
[  5%] [34m[1mGenerating C++ code for ROS interfaces[0m
[  5%] Built target ament_cmake_python_copy_det_msgs
running egg_info
writing manifest file 'det_msgs.egg-info/SOURCES.txt'
[35m[1mConsolidate compiler generated dependencies of target det_msgs__rosidl_generator_c[0m
[  5%] Built target det_msgs__cpp
[ 10%] [34m[1mGenerating C++ type support dispatch for ROS interfaces[0m
[ 10%] [34m[1mGenerating C++ introspection for ROS interfaces[0m
[ 12%] [34m[1mGenerating C++ type support for eProsima Fast-RTPS[0m
[ 17%] [32mBuilding C object CMakeFiles/det_msgs__rosidl_generator_c.dir/rosidl_generator_c/det_msgs/msg/detail/detected_objects__functions.c.o[0m
[ 17%] [32mBuilding C object CMakeFiles/det_msgs__rosidl_generator_c.dir/rosidl_generator_c/det_msgs/msg/detail/clustered_detected_objects__functions.c.o[0m
[ 17%] Built target ament_cmake_python_build_det_msgs_egg
[ 20%] [32m[1mLinking C shared library libdet_msgs__rosidl_generator_c.so[0m
[ 20%] Built target det_msgs__rosidl_generator_c
[ 28%] [34m[1mGenerating C introspection for ROS interfaces[0m
[ 28%] [34m[1mGenerating C type support for eProsima Fast-RTPS[0m
[ 28%] [34m[1mGenerating C type support dispatch for ROS interfaces[0m
[35m[1mConsolidate compiler generated dependencies of target det_msgs__rosidl_typesupport_introspection_cpp[0m
[35m[1mConsolidate compiler generated dependencies of target det_msgs__rosidl_typesupport_fastrtps_cpp[0m
[ 33%] [32mBuilding CXX object CMakeFiles/det_msgs__rosidl_typesupport_introspection_cpp.dir/rosidl_typesupport_introspection_cpp/det_msgs/msg/detail/detected_objects__type_support.cpp.o[0m
[ 33%] [32mBuilding CXX object CMakeFiles/det_msgs__rosidl_typesupport_introspection_cpp.dir/rosidl_typesupport_introspection_cpp/det_msgs/msg/detail/clustered_detected_objects__type_support.cpp.o[0m
[35m[1mConsolidate compiler generated dependencies of target det_msgs__rosidl_typesupport_cpp[0m
[ 38%] [32mBuilding CXX object CMakeFiles/det_msgs__rosidl_typesupport_fastrtps_cpp.dir/rosidl_typesupport_fastrtps_cpp/det_msgs/msg/detail/dds_fastrtps/detected_objects__type_support.cpp.o[0m
[ 38%] [32mBuilding CXX object CMakeFiles/det_msgs__rosidl_typesupport_cpp.dir/rosidl_typesupport_cpp/det_msgs/msg/detected_objects__type_support.cpp.o[0m
[ 41%] [32mBuilding CXX object CMakeFiles/det_msgs__rosidl_typesupport_fastrtps_cpp.dir/rosidl_typesupport_fastrtps_cpp/det_msgs/msg/detail/dds_fastrtps/clustered_detected_objects__type_support.cpp.o[0m
[ 43%] [32mBuilding CXX object CMakeFiles/det_msgs__rosidl_typesupport_cpp.dir/rosidl_typesupport_cpp/det_msgs/msg/clustered_detected_objects__type_support.cpp.o[0m
[35m[1mConsolidate compiler generated dependencies of target det_msgs__rosidl_typesupport_c[0m
[ 48%] [32mBuilding CXX object CMakeFiles/det_msgs__rosidl_typesupport_c.dir/rosidl_typesupport_c/det_msgs/msg/clustered_detected_objects__type_support.cpp.o[0m
[ 48%] [32mBuilding CXX object CMakeFiles/det_msgs__rosidl_typesupport_c.dir/rosidl_typesupport_c/det_msgs/msg/detected_objects__type_support.cpp.o[0m
[35m[1mConsolidate compiler generated dependencies of target det_msgs__rosidl_typesupport_introspection_c[0m
[35m[1mConsolidate compiler generated dependencies of target det_msgs__rosidl_typesupport_fastrtps_c[0m
[ 51%] [32mBuilding C object CMakeFiles/det_msgs__rosidl_typesupport_introspection_c.dir/rosidl_typesupport_introspection_c/det_msgs/msg/detail/detected_objects__type_support.c.o[0m
[ 53%] [32mBuilding C object CMakeFiles/det_msgs__rosidl_typesupport_introspection_c.dir/rosidl_typesupport_introspection_c/det_msgs/msg/detail/clustered_detected_objects__type_support.c.o[0m
[ 56%] [32mBuilding CXX object CMakeFiles/det_msgs__rosidl_typesupport_fastrtps_c.dir/rosidl_typesupport_fastrtps_c/det_msgs/msg/detail/clustered_detected_objects__type_support_c.cpp.o[0m
[ 58%] [32mBuilding CXX object CMakeFiles/det_msgs__rosidl_typesupport_fastrtps_c.dir/rosidl_typesupport_fastrtps_c/det_msgs/msg/detail/detected_objects__type_support_c.cpp.o[0m
[ 61%] [32m[1mLinking CXX shared library libdet_msgs__rosidl_typesupport_c.so[0m
[ 61%] Built target det_msgs__rosidl_typesupport_c
[ 64%] [32m[1mLinking C shared library libdet_msgs__rosidl_typesupport_introspection_c.so[0m
[ 64%] Built target det_msgs__rosidl_typesupport_introspection_c
[ 66%] [32m[1mLinking CXX shared library libdet_msgs__rosidl_typesupport_cpp.so[0m
[ 66%] Built target det_msgs__rosidl_typesupport_cpp
[ 69%] [32m[1mLinking CXX shared library libdet_msgs__rosidl_typesupport_fastrtps_c.so[0m
[ 71%] [32m[1mLinking CXX shared library libdet_msgs__rosidl_typesupport_introspection_cpp.so[0m
[ 71%] Built target det_msgs__rosidl_typesupport_fastrtps_c
[ 74%] [32m[1mLinking CXX shared library libdet_msgs__rosidl_typesupport_fastrtps_cpp.so[0m
[ 74%] Built target det_msgs__rosidl_typesupport_introspection_cpp
[ 74%] Built target det_msgs__rosidl_typesupport_fastrtps_cpp
[ 74%] Built target det_msgs
[ 76%] [34m[1mGenerating Python code for ROS interfaces[0m
[ 76%] Built target det_msgs__py
[35m[1mConsolidate compiler generated dependencies of target det_msgs__rosidl_generator_py[0m
[ 82%] [32mBuilding C object CMakeFiles/det_msgs__rosidl_generator_py.dir/rosidl_generator_py/det_msgs/msg/_clustered_detected_objects_s.c.o[0m
[ 82%] [32mBuilding C object CMakeFiles/det_msgs__rosidl_generator_py.dir/rosidl_generator_py/det_msgs/msg/_detected_objects_s.c.o[0m
[ 84%] [32m[1mLinking C shared library rosidl_generator_py/det_msgs/libdet_msgs__rosidl_generator_py.so[0m
[ 84%] Built target det_msgs__rosidl_generator_py
[35m[1mConsolidate compiler generated dependencies of target det_msgs__rosidl_typesupport_c__pyext[0m
[35m[1mConsolidate compiler generated dependencies of target det_msgs__rosidl_typesupport_fastrtps_c__pyext[0m
[35m[1mConsolidate compiler generated dependencies of target det_msgs__rosidl_typesupport_introspection_c__pyext[0m
[ 89%] [32mBuilding C object CMakeFiles/det_msgs__rosidl_typesupport_c__pyext.dir/rosidl_generator_py/det_msgs/_det_msgs_s.ep.rosidl_typesupport_c.c.o[0m
[ 89%] [32mBuilding C object CMakeFiles/det_msgs__rosidl_typesupport_introspection_c__pyext.dir/rosidl_generator_py/det_msgs/_det_msgs_s.ep.rosidl_typesupport_introspection_c.c.o[0m
[ 92%] [32mBuilding C object CMakeFiles/det_msgs__rosidl_typesupport_fastrtps_c__pyext.dir/rosidl_generator_py/det_msgs/_det_msgs_s.ep.rosidl_typesupport_fastrtps_c.c.o[0m
[ 94%] [32m[1mLinking C shared library rosidl_generator_py/det_msgs/det_msgs_s__rosidl_typesupport_c.cpython-310-aarch64-linux-gnu.so[0m
[ 97%] [32m[1mLinking C shared library rosidl_generator_py/det_msgs/det_msgs_s__rosidl_typesupport_fastrtps_c.cpython-310-aarch64-linux-gnu.so[0m
[100%] [32m[1mLinking C shared library rosidl_generator_py/det_msgs/det_msgs_s__rosidl_typesupport_introspection_c.cpython-310-aarch64-linux-gnu.so[0m
[100%] Built target det_msgs__rosidl_typesupport_c__pyext
[100%] Built target det_msgs__rosidl_typesupport_introspection_c__pyext
[100%] Built target det_msgs__rosidl_typesupport_fastrtps_c__pyext
-- Install configuration: ""
-- Up-to-date: /home/rain/pointpillars_ws/install/det_msgs/share/ament_index/resource_index/rosidl_interfaces/det_msgs
-- Up-to-date: /home/rain/pointpillars_ws/install/det_msgs/include/det_msgs/det_msgs
-- Up-to-date: /home/rain/pointpillars_ws/install/det_msgs/include/det_msgs/det_msgs/msg
-- Up-to-date: /home/rain/pointpillars_ws/install/det_msgs/include/det_msgs/det_msgs/msg/rosidl_generator_c__visibility_control.h
-- Installing: /home/rain/pointpillars_ws/install/det_msgs/include/det_msgs/det_msgs/msg/clustered_detected_objects.h
-- Up-to-date: /home/rain/pointpillars_ws/install/det_msgs/include/det_msgs/det_msgs/msg/detail
-- Installing: /home/rain/pointpillars_ws/install/det_msgs/include/det_msgs/det_msgs/msg/detail/detected_objects__functions.c
-- Installing: /home/rain/pointpillars_ws/install/det_msgs/include/det_msgs/det_msgs/msg/detail/detected_objects__type_support.h
-- Installing: /home/rain/pointpillars_ws/install/det_msgs/include/det_msgs/det_msgs/msg/detail/detected_objects__struct.h
-- Installing: /home/rain/pointpillars_ws/install/det_msgs/include/det_msgs/det_msgs/msg/detail/clustered_detected_objects__functions.h
-- Installing: /home/rain/pointpillars_ws/install/det_msgs/include/det_msgs/det_msgs/msg/detail/clustered_detected_objects__struct.h
-- Installing: /home/rain/pointpillars_ws/install/det_msgs/include/det_msgs/det_msgs/msg/detail/detected_objects__functions.h
-- Installing: /home/rain/pointpillars_ws/install/det_msgs/include/det_msgs/det_msgs/msg/detail/clustered_detected_objects__type_support.h
-- Installing: /home/rain/pointpillars_ws/install/det_msgs/include/det_msgs/det_msgs/msg/detail/clustered_detected_objects__functions.c
-- Installing: /home/rain/pointpillars_ws/install/det_msgs/include/det_msgs/det_msgs/msg/detected_objects.h
-- Up-to-date: /home/rain/pointpillars_ws/install/det_msgs/share/det_msgs/environment/library_path.sh
-- Installing: /home/rain/pointpillars_ws/install/det_msgs/share/det_msgs/environment/library_path.dsv
-- Installing: /home/rain/pointpillars_ws/install/det_msgs/lib/libdet_msgs__rosidl_generator_c.so
-- Set runtime path of "/home/rain/pointpillars_ws/install/det_msgs/lib/libdet_msgs__rosidl_generator_c.so" to ""
-- Up-to-date: /home/rain/pointpillars_ws/install/det_msgs/include/det_msgs/det_msgs
-- Up-to-date: /home/rain/pointpillars_ws/install/det_msgs/include/det_msgs/det_msgs/msg
-- Up-to-date: /home/rain/pointpillars_ws/install/det_msgs/include/det_msgs/det_msgs/msg/detail
-- Installing: /home/rain/pointpillars_ws/install/det_msgs/include/det_msgs/det_msgs/msg/detail/clustered_detected_objects__rosidl_typesupport_fastrtps_c.h
-- Installing: /home/rain/pointpillars_ws/install/det_msgs/include/det_msgs/det_msgs/msg/detail/detected_objects__rosidl_typesupport_fastrtps_c.h
-- Up-to-date: /home/rain/pointpillars_ws/install/det_msgs/include/det_msgs/det_msgs/msg/rosidl_typesupport_fastrtps_c__visibility_control.h
-- Installing: /home/rain/pointpillars_ws/install/det_msgs/lib/libdet_msgs__rosidl_typesupport_fastrtps_c.so
-- Set runtime path of "/home/rain/pointpillars_ws/install/det_msgs/lib/libdet_msgs__rosidl_typesupport_fastrtps_c.so" to ""
-- Up-to-date: /home/rain/pointpillars_ws/install/det_msgs/include/det_msgs/det_msgs
-- Up-to-date: /home/rain/pointpillars_ws/install/det_msgs/include/det_msgs/det_msgs/msg
-- Up-to-date: /home/rain/pointpillars_ws/install/det_msgs/include/det_msgs/det_msgs/msg/rosidl_typesupport_introspection_c__visibility_control.h
-- Up-to-date: /home/rain/pointpillars_ws/install/det_msgs/include/det_msgs/det_msgs/msg/detail
-- Installing: /home/rain/pointpillars_ws/install/det_msgs/include/det_msgs/det_msgs/msg/detail/detected_objects__type_support.c
-- Installing: /home/rain/pointpillars_ws/install/det_msgs/include/det_msgs/det_msgs/msg/detail/detected_objects__rosidl_typesupport_introspection_c.h
-- Installing: /home/rain/pointpillars_ws/install/det_msgs/include/det_msgs/det_msgs/msg/detail/clustered_detected_objects__rosidl_typesupport_introspection_c.h
-- Installing: /home/rain/pointpillars_ws/install/det_msgs/include/det_msgs/det_msgs/msg/detail/clustered_detected_objects__type_support.c
-- Installing: /home/rain/pointpillars_ws/install/det_msgs/lib/libdet_msgs__rosidl_typesupport_introspection_c.so
-- Set runtime path of "/home/rain/pointpillars_ws/install/det_msgs/lib/libdet_msgs__rosidl_typesupport_introspection_c.so" to ""
-- Installing: /home/rain/pointpillars_ws/install/det_msgs/lib/libdet_msgs__rosidl_typesupport_c.so
-- Set runtime path of "/home/rain/pointpillars_ws/install/det_msgs/lib/libdet_msgs__rosidl_typesupport_c.so" to ""
-- Up-to-date: /home/rain/pointpillars_ws/install/det_msgs/include/det_msgs/det_msgs
-- Up-to-date: /home/rain/pointpillars_ws/install/det_msgs/include/det_msgs/det_msgs/msg
-- Installing: /home/rain/pointpillars_ws/install/det_msgs/include/det_msgs/det_msgs/msg/detected_objects.hpp
-- Up-to-date: /home/rain/pointpillars_ws/install/det_msgs/include/det_msgs/det_msgs/msg/detail
-- Installing: /home/rain/pointpillars_ws/install/det_msgs/include/det_msgs/det_msgs/msg/detail/detected_objects__builder.hpp
-- Installing: /home/rain/pointpillars_ws/install/det_msgs/include/det_msgs/det_msgs/msg/detail/detected_objects__traits.hpp
-- Installing: /home/rain/pointpillars_ws/install/det_msgs/include/det_msgs/det_msgs/msg/detail/clustered_detected_objects__builder.hpp
-- Installing: /home/rain/pointpillars_ws/install/det_msgs/include/det_msgs/det_msgs/msg/detail/clustered_detected_objects__traits.hpp
-- Installing: /home/rain/pointpillars_ws/install/det_msgs/include/det_msgs/det_msgs/msg/detail/clustered_detected_objects__struct.hpp
-- Installing: /home/rain/pointpillars_ws/install/det_msgs/include/det_msgs/det_msgs/msg/detail/detected_objects__struct.hpp
-- Installing: /home/rain/pointpillars_ws/install/det_msgs/include/det_msgs/det_msgs/msg/clustered_detected_objects.hpp
-- Up-to-date: /home/rain/pointpillars_ws/install/det_msgs/include/det_msgs/det_msgs
-- Up-to-date: /home/rain/pointpillars_ws/install/det_msgs/include/det_msgs/det_msgs/msg
-- Up-to-date: /home/rain/pointpillars_ws/install/det_msgs/include/det_msgs/det_msgs/msg/detail
-- Up-to-date: /home/rain/pointpillars_ws/install/det_msgs/include/det_msgs/det_msgs/msg/detail/dds_fastrtps
-- Installing: /home/rain/pointpillars_ws/install/det_msgs/include/det_msgs/det_msgs/msg/detail/detected_objects__rosidl_typesupport_fastrtps_cpp.hpp
-- Installing: /home/rain/pointpillars_ws/install/det_msgs/include/det_msgs/det_msgs/msg/detail/clustered_detected_objects__rosidl_typesupport_fastrtps_cpp.hpp
-- Up-to-date: /home/rain/pointpillars_ws/install/det_msgs/include/det_msgs/det_msgs/msg/rosidl_typesupport_fastrtps_cpp__visibility_control.h
-- Installing: /home/rain/pointpillars_ws/install/det_msgs/lib/libdet_msgs__rosidl_typesupport_fastrtps_cpp.so
-- Set runtime path of "/home/rain/pointpillars_ws/install/det_msgs/lib/libdet_msgs__rosidl_typesupport_fastrtps_cpp.so" to ""
-- Up-to-date: /home/rain/pointpillars_ws/install/det_msgs/include/det_msgs/det_msgs
-- Up-to-date: /home/rain/pointpillars_ws/install/det_msgs/include/det_msgs/det_msgs/msg
-- Up-to-date: /home/rain/pointpillars_ws/install/det_msgs/include/det_msgs/det_msgs/msg/detail
-- Installing: /home/rain/pointpillars_ws/install/det_msgs/include/det_msgs/det_msgs/msg/detail/detected_objects__rosidl_typesupport_introspection_cpp.hpp
-- Installing: /home/rain/pointpillars_ws/install/det_msgs/include/det_msgs/det_msgs/msg/detail/detected_objects__type_support.cpp
-- Installing: /home/rain/pointpillars_ws/install/det_msgs/include/det_msgs/det_msgs/msg/detail/clustered_detected_objects__rosidl_typesupport_introspection_cpp.hpp
-- Installing: /home/rain/pointpillars_ws/install/det_msgs/include/det_msgs/det_msgs/msg/detail/clustered_detected_objects__type_support.cpp
-- Installing: /home/rain/pointpillars_ws/install/det_msgs/lib/libdet_msgs__rosidl_typesupport_introspection_cpp.so
-- Set runtime path of "/home/rain/pointpillars_ws/install/det_msgs/lib/libdet_msgs__rosidl_typesupport_introspection_cpp.so" to ""
-- Installing: /home/rain/pointpillars_ws/install/det_msgs/lib/libdet_msgs__rosidl_typesupport_cpp.so
-- Set runtime path of "/home/rain/pointpillars_ws/install/det_msgs/lib/libdet_msgs__rosidl_typesupport_cpp.so" to ""
-- Up-to-date: /home/rain/pointpillars_ws/install/det_msgs/share/det_msgs/environment/pythonpath.sh
-- Installing: /home/rain/pointpillars_ws/install/det_msgs/share/det_msgs/environment/pythonpath.dsv
-- Up-to-date: /home/rain/pointpillars_ws/install/det_msgs/local/lib/python3.10/dist-packages/det_msgs-0.0.0-py3.10.egg-info
-- Installing: /home/rain/pointpillars_ws/install/det_msgs/local/lib/python3.10/dist-packages/det_msgs-0.0.0-py3.10.egg-info/PKG-INFO
-- Installing: /home/rain/pointpillars_ws/install/det_msgs/local/lib/python3.10/dist-packages/det_msgs-0.0.0-py3.10.egg-info/SOURCES.txt
-- Installing: /home/rain/pointpillars_ws/install/det_msgs/local/lib/python3.10/dist-packages/det_msgs-0.0.0-py3.10.egg-info/top_level.txt
-- Installing: /home/rain/pointpillars_ws/install/det_msgs/local/lib/python3.10/dist-packages/det_msgs-0.0.0-py3.10.egg-info/dependency_links.txt
-- Up-to-date: /home/rain/pointpillars_ws/install/det_msgs/local/lib/python3.10/dist-packages/det_msgs
-- Installing: /home/rain/pointpillars_ws/install/det_msgs/local/lib/python3.10/dist-packages/det_msgs/_det_msgs_s.ep.rosidl_typesupport_introspection_c.c
-- Installing: /home/rain/pointpillars_ws/install/det_msgs/local/lib/python3.10/dist-packages/det_msgs/_det_msgs_s.ep.rosidl_typesupport_c.c
-- Installing: /home/rain/pointpillars_ws/install/det_msgs/local/lib/python3.10/dist-packages/det_msgs/det_msgs_s__rosidl_typesupport_c.cpython-310-aarch64-linux-gnu.so
-- Up-to-date: /home/rain/pointpillars_ws/install/det_msgs/local/lib/python3.10/dist-packages/det_msgs/msg
-- Installing: /home/rain/pointpillars_ws/install/det_msgs/local/lib/python3.10/dist-packages/det_msgs/msg/_detected_objects_s.c
-- Installing: /home/rain/pointpillars_ws/install/det_msgs/local/lib/python3.10/dist-packages/det_msgs/msg/_clustered_detected_objects.py
-- Installing: /home/rain/pointpillars_ws/install/det_msgs/local/lib/python3.10/dist-packages/det_msgs/msg/_detected_objects.py
-- Installing: /home/rain/pointpillars_ws/install/det_msgs/local/lib/python3.10/dist-packages/det_msgs/msg/__init__.py
-- Installing: /home/rain/pointpillars_ws/install/det_msgs/local/lib/python3.10/dist-packages/det_msgs/msg/_clustered_detected_objects_s.c
-- Installing: /home/rain/pointpillars_ws/install/det_msgs/local/lib/python3.10/dist-packages/det_msgs/_det_msgs_s.ep.rosidl_typesupport_fastrtps_c.c
-- Installing: /home/rain/pointpillars_ws/install/det_msgs/local/lib/python3.10/dist-packages/det_msgs/libdet_msgs__rosidl_generator_py.so
-- Installing: /home/rain/pointpillars_ws/install/det_msgs/local/lib/python3.10/dist-packages/det_msgs/det_msgs_s__rosidl_typesupport_introspection_c.cpython-310-aarch64-linux-gnu.so
-- Installing: /home/rain/pointpillars_ws/install/det_msgs/local/lib/python3.10/dist-packages/det_msgs/__init__.py
-- Installing: /home/rain/pointpillars_ws/install/det_msgs/local/lib/python3.10/dist-packages/det_msgs/det_msgs_s__rosidl_typesupport_fastrtps_c.cpython-310-aarch64-linux-gnu.so
Listing '/home/rain/pointpillars_ws/install/det_msgs/local/lib/python3.10/dist-packages/det_msgs'...
Compiling '/home/rain/pointpillars_ws/install/det_msgs/local/lib/python3.10/dist-packages/det_msgs/__init__.py'...
Listing '/home/rain/pointpillars_ws/install/det_msgs/local/lib/python3.10/dist-packages/det_msgs/msg'...
Compiling '/home/rain/pointpillars_ws/install/det_msgs/local/lib/python3.10/dist-packages/det_msgs/msg/__init__.py'...
Compiling '/home/rain/pointpillars_ws/install/det_msgs/local/lib/python3.10/dist-packages/det_msgs/msg/_clustered_detected_objects.py'...
Compiling '/home/rain/pointpillars_ws/install/det_msgs/local/lib/python3.10/dist-packages/det_msgs/msg/_detected_objects.py'...
-- Installing: /home/rain/pointpillars_ws/install/det_msgs/local/lib/python3.10/dist-packages/det_msgs/det_msgs_s__rosidl_typesupport_fastrtps_c.cpython-310-aarch64-linux-gnu.so
-- Set runtime path of "/home/rain/pointpillars_ws/install/det_msgs/local/lib/python3.10/dist-packages/det_msgs/det_msgs_s__rosidl_typesupport_fastrtps_c.cpython-310-aarch64-linux-gnu.so" to ""
-- Installing: /home/rain/pointpillars_ws/install/det_msgs/local/lib/python3.10/dist-packages/det_msgs/det_msgs_s__rosidl_typesupport_introspection_c.cpython-310-aarch64-linux-gnu.so
-- Set runtime path of "/home/rain/pointpillars_ws/install/det_msgs/local/lib/python3.10/dist-packages/det_msgs/det_msgs_s__rosidl_typesupport_introspection_c.cpython-310-aarch64-linux-gnu.so" to ""
-- Installing: /home/rain/pointpillars_ws/install/det_msgs/local/lib/python3.10/dist-packages/det_msgs/det_msgs_s__rosidl_typesupport_c.cpython-310-aarch64-linux-gnu.so
-- Set runtime path of "/home/rain/pointpillars_ws/install/det_msgs/local/lib/python3.10/dist-packages/det_msgs/det_msgs_s__rosidl_typesupport_c.cpython-310-aarch64-linux-gnu.so" to ""
-- Installing: /home/rain/pointpillars_ws/install/det_msgs/lib/libdet_msgs__rosidl_generator_py.so
-- Set runtime path of "/home/rain/pointpillars_ws/install/det_msgs/lib/libdet_msgs__rosidl_generator_py.so" to ""
-- Installing: /home/rain/pointpillars_ws/install/det_msgs/share/det_msgs/msg/DetectedObjects.idl
-- Installing: /home/rain/pointpillars_ws/install/det_msgs/share/det_msgs/msg/ClusteredDetectedObjects.idl
-- Installing: /home/rain/pointpillars_ws/install/det_msgs/share/det_msgs/msg/DetectedObjects.msg
-- Installing: /home/rain/pointpillars_ws/install/det_msgs/share/det_msgs/msg/ClusteredDetectedObjects.msg
-- Up-to-date: /home/rain/pointpillars_ws/install/det_msgs/share/ament_index/resource_index/package_run_dependencies/det_msgs
-- Up-to-date: /home/rain/pointpillars_ws/install/det_msgs/share/ament_index/resource_index/parent_prefix_path/det_msgs
-- Up-to-date: /home/rain/pointpillars_ws/install/det_msgs/share/det_msgs/environment/ament_prefix_path.sh
-- Installing: /home/rain/pointpillars_ws/install/det_msgs/share/det_msgs/environment/ament_prefix_path.dsv
-- Up-to-date: /home/rain/pointpillars_ws/install/det_msgs/share/det_msgs/environment/path.sh
-- Installing: /home/rain/pointpillars_ws/install/det_msgs/share/det_msgs/environment/path.dsv
-- Up-to-date: /home/rain/pointpillars_ws/install/det_msgs/share/det_msgs/local_setup.bash
-- Up-to-date: /home/rain/pointpillars_ws/install/det_msgs/share/det_msgs/local_setup.sh
-- Up-to-date: /home/rain/pointpillars_ws/install/det_msgs/share/det_msgs/local_setup.zsh
-- Installing: /home/rain/pointpillars_ws/install/det_msgs/share/det_msgs/local_setup.dsv
-- Installing: /home/rain/pointpillars_ws/install/det_msgs/share/det_msgs/package.dsv
-- Up-to-date: /home/rain/pointpillars_ws/install/det_msgs/share/ament_index/resource_index/packages/det_msgs
-- Up-to-date: /home/rain/pointpillars_ws/install/det_msgs/share/det_msgs/cmake/export_det_msgs__rosidl_generator_cExport.cmake
-- Up-to-date: /home/rain/pointpillars_ws/install/det_msgs/share/det_msgs/cmake/export_det_msgs__rosidl_generator_cExport-noconfig.cmake
-- Up-to-date: /home/rain/pointpillars_ws/install/det_msgs/share/det_msgs/cmake/export_det_msgs__rosidl_typesupport_fastrtps_cExport.cmake
-- Up-to-date: /home/rain/pointpillars_ws/install/det_msgs/share/det_msgs/cmake/export_det_msgs__rosidl_typesupport_fastrtps_cExport-noconfig.cmake
-- Up-to-date: /home/rain/pointpillars_ws/install/det_msgs/share/det_msgs/cmake/det_msgs__rosidl_typesupport_introspection_cExport.cmake
-- Up-to-date: /home/rain/pointpillars_ws/install/det_msgs/share/det_msgs/cmake/det_msgs__rosidl_typesupport_introspection_cExport-noconfig.cmake
-- Up-to-date: /home/rain/pointpillars_ws/install/det_msgs/share/det_msgs/cmake/det_msgs__rosidl_typesupport_cExport.cmake
-- Up-to-date: /home/rain/pointpillars_ws/install/det_msgs/share/det_msgs/cmake/det_msgs__rosidl_typesupport_cExport-noconfig.cmake
-- Up-to-date: /home/rain/pointpillars_ws/install/det_msgs/share/det_msgs/cmake/export_det_msgs__rosidl_generator_cppExport.cmake
-- Up-to-date: /home/rain/pointpillars_ws/install/det_msgs/share/det_msgs/cmake/export_det_msgs__rosidl_typesupport_fastrtps_cppExport.cmake
-- Up-to-date: /home/rain/pointpillars_ws/install/det_msgs/share/det_msgs/cmake/export_det_msgs__rosidl_typesupport_fastrtps_cppExport-noconfig.cmake
-- Up-to-date: /home/rain/pointpillars_ws/install/det_msgs/share/det_msgs/cmake/det_msgs__rosidl_typesupport_introspection_cppExport.cmake
-- Up-to-date: /home/rain/pointpillars_ws/install/det_msgs/share/det_msgs/cmake/det_msgs__rosidl_typesupport_introspection_cppExport-noconfig.cmake
-- Up-to-date: /home/rain/pointpillars_ws/install/det_msgs/share/det_msgs/cmake/det_msgs__rosidl_typesupport_cppExport.cmake
-- Up-to-date: /home/rain/pointpillars_ws/install/det_msgs/share/det_msgs/cmake/det_msgs__rosidl_typesupport_cppExport-noconfig.cmake
-- Up-to-date: /home/rain/pointpillars_ws/install/det_msgs/share/det_msgs/cmake/export_det_msgs__rosidl_generator_pyExport.cmake
-- Up-to-date: /home/rain/pointpillars_ws/install/det_msgs/share/det_msgs/cmake/export_det_msgs__rosidl_generator_pyExport-noconfig.cmake
-- Up-to-date: /home/rain/pointpillars_ws/install/det_msgs/share/det_msgs/cmake/rosidl_cmake-extras.cmake
-- Up-to-date: /home/rain/pointpillars_ws/install/det_msgs/share/det_msgs/cmake/ament_cmake_export_dependencies-extras.cmake
-- Up-to-date: /home/rain/pointpillars_ws/install/det_msgs/share/det_msgs/cmake/ament_cmake_export_include_directories-extras.cmake
-- Up-to-date: /home/rain/pointpillars_ws/install/det_msgs/share/det_msgs/cmake/ament_cmake_export_libraries-extras.cmake
-- Up-to-date: /home/rain/pointpillars_ws/install/det_msgs/share/det_msgs/cmake/ament_cmake_export_targets-extras.cmake
-- Up-to-date: /home/rain/pointpillars_ws/install/det_msgs/share/det_msgs/cmake/rosidl_cmake_export_typesupport_targets-extras.cmake
-- Up-to-date: /home/rain/pointpillars_ws/install/det_msgs/share/det_msgs/cmake/rosidl_cmake_export_typesupport_libraries-extras.cmake
-- Up-to-date: /home/rain/pointpillars_ws/install/det_msgs/share/det_msgs/cmake/det_msgsConfig.cmake
-- Up-to-date: /home/rain/pointpillars_ws/install/det_msgs/share/det_msgs/cmake/det_msgsConfig-version.cmake
-- Up-to-date: /home/rain/pointpillars_ws/install/det_msgs/share/det_msgs/package.xml
