[  2%] Built target det_msgs__cpp
[ 12%] Built target det_msgs__rosidl_generator_c
[ 12%] Built target ament_cmake_python_copy_det_msgs
[ 53%] Built target det_msgs__rosidl_typesupport_c
[ 53%] Built target det_msgs__rosidl_typesupport_introspection_cpp
[ 53%] Built target det_msgs__rosidl_typesupport_introspection_c
[ 53%] Built target det_msgs__rosidl_typesupport_cpp
[ 64%] Built target det_msgs__rosidl_typesupport_fastrtps_c
[ 74%] Built target det_msgs__rosidl_typesupport_fastrtps_cpp
[ 74%] Built target det_msgs
[ 76%] Built target det_msgs__py
[ 84%] Built target det_msgs__rosidl_generator_py
[ 94%] Built target det_msgs__rosidl_typesupport_fastrtps_c__pyext
[ 94%] Built target det_msgs__rosidl_typesupport_c__pyext
[100%] Built target det_msgs__rosidl_typesupport_introspection_c__pyext
running egg_info
writing manifest file 'det_msgs.egg-info/SOURCES.txt'
[100%] Built target ament_cmake_python_build_det_msgs_egg
-- Install configuration: ""
-- Up-to-date: /home/rain/pointpillars_ws/install/det_msgs/share/ament_index/resource_index/rosidl_interfaces/det_msgs
-- Up-to-date: /home/rain/pointpillars_ws/install/det_msgs/include/det_msgs/det_msgs
-- Up-to-date: /home/rain/pointpillars_ws/install/det_msgs/include/det_msgs/det_msgs/msg
-- Up-to-date: /home/rain/pointpillars_ws/install/det_msgs/include/det_msgs/det_msgs/msg/rosidl_generator_c__visibility_control.h
-- Up-to-date: /home/rain/pointpillars_ws/install/det_msgs/include/det_msgs/det_msgs/msg/clustered_detected_objects.h
-- Up-to-date: /home/rain/pointpillars_ws/install/det_msgs/include/det_msgs/det_msgs/msg/detail
-- Up-to-date: /home/rain/pointpillars_ws/install/det_msgs/include/det_msgs/det_msgs/msg/detail/detected_objects__functions.c
-- Up-to-date: /home/rain/pointpillars_ws/install/det_msgs/include/det_msgs/det_msgs/msg/detail/detected_objects__type_support.h
-- Up-to-date: /home/rain/pointpillars_ws/install/det_msgs/include/det_msgs/det_msgs/msg/detail/detected_objects__struct.h
-- Up-to-date: /home/rain/pointpillars_ws/install/det_msgs/include/det_msgs/det_msgs/msg/detail/clustered_detected_objects__functions.h
-- Up-to-date: /home/rain/pointpillars_ws/install/det_msgs/include/det_msgs/det_msgs/msg/detail/clustered_detected_objects__struct.h
-- Up-to-date: /home/rain/pointpillars_ws/install/det_msgs/include/det_msgs/det_msgs/msg/detail/detected_objects__functions.h
-- Up-to-date: /home/rain/pointpillars_ws/install/det_msgs/include/det_msgs/det_msgs/msg/detail/clustered_detected_objects__type_support.h
-- Up-to-date: /home/rain/pointpillars_ws/install/det_msgs/include/det_msgs/det_msgs/msg/detail/clustered_detected_objects__functions.c
-- Up-to-date: /home/rain/pointpillars_ws/install/det_msgs/include/det_msgs/det_msgs/msg/detected_objects.h
-- Up-to-date: /home/rain/pointpillars_ws/install/det_msgs/share/det_msgs/environment/library_path.sh
-- Up-to-date: /home/rain/pointpillars_ws/install/det_msgs/share/det_msgs/environment/library_path.dsv
-- Up-to-date: /home/rain/pointpillars_ws/install/det_msgs/lib/libdet_msgs__rosidl_generator_c.so
-- Up-to-date: /home/rain/pointpillars_ws/install/det_msgs/include/det_msgs/det_msgs
-- Up-to-date: /home/rain/pointpillars_ws/install/det_msgs/include/det_msgs/det_msgs/msg
-- Up-to-date: /home/rain/pointpillars_ws/install/det_msgs/include/det_msgs/det_msgs/msg/detail
-- Up-to-date: /home/rain/pointpillars_ws/install/det_msgs/include/det_msgs/det_msgs/msg/detail/clustered_detected_objects__rosidl_typesupport_fastrtps_c.h
-- Up-to-date: /home/rain/pointpillars_ws/install/det_msgs/include/det_msgs/det_msgs/msg/detail/detected_objects__rosidl_typesupport_fastrtps_c.h
-- Up-to-date: /home/rain/pointpillars_ws/install/det_msgs/include/det_msgs/det_msgs/msg/rosidl_typesupport_fastrtps_c__visibility_control.h
-- Up-to-date: /home/rain/pointpillars_ws/install/det_msgs/lib/libdet_msgs__rosidl_typesupport_fastrtps_c.so
-- Up-to-date: /home/rain/pointpillars_ws/install/det_msgs/include/det_msgs/det_msgs
-- Up-to-date: /home/rain/pointpillars_ws/install/det_msgs/include/det_msgs/det_msgs/msg
-- Up-to-date: /home/rain/pointpillars_ws/install/det_msgs/include/det_msgs/det_msgs/msg/rosidl_typesupport_introspection_c__visibility_control.h
-- Up-to-date: /home/rain/pointpillars_ws/install/det_msgs/include/det_msgs/det_msgs/msg/detail
-- Up-to-date: /home/rain/pointpillars_ws/install/det_msgs/include/det_msgs/det_msgs/msg/detail/detected_objects__type_support.c
-- Up-to-date: /home/rain/pointpillars_ws/install/det_msgs/include/det_msgs/det_msgs/msg/detail/detected_objects__rosidl_typesupport_introspection_c.h
-- Up-to-date: /home/rain/pointpillars_ws/install/det_msgs/include/det_msgs/det_msgs/msg/detail/clustered_detected_objects__rosidl_typesupport_introspection_c.h
-- Up-to-date: /home/rain/pointpillars_ws/install/det_msgs/include/det_msgs/det_msgs/msg/detail/clustered_detected_objects__type_support.c
-- Up-to-date: /home/rain/pointpillars_ws/install/det_msgs/lib/libdet_msgs__rosidl_typesupport_introspection_c.so
-- Up-to-date: /home/rain/pointpillars_ws/install/det_msgs/lib/libdet_msgs__rosidl_typesupport_c.so
-- Up-to-date: /home/rain/pointpillars_ws/install/det_msgs/include/det_msgs/det_msgs
-- Up-to-date: /home/rain/pointpillars_ws/install/det_msgs/include/det_msgs/det_msgs/msg
-- Up-to-date: /home/rain/pointpillars_ws/install/det_msgs/include/det_msgs/det_msgs/msg/detected_objects.hpp
-- Up-to-date: /home/rain/pointpillars_ws/install/det_msgs/include/det_msgs/det_msgs/msg/detail
-- Up-to-date: /home/rain/pointpillars_ws/install/det_msgs/include/det_msgs/det_msgs/msg/detail/detected_objects__builder.hpp
-- Up-to-date: /home/rain/pointpillars_ws/install/det_msgs/include/det_msgs/det_msgs/msg/detail/detected_objects__traits.hpp
-- Up-to-date: /home/rain/pointpillars_ws/install/det_msgs/include/det_msgs/det_msgs/msg/detail/clustered_detected_objects__builder.hpp
-- Up-to-date: /home/rain/pointpillars_ws/install/det_msgs/include/det_msgs/det_msgs/msg/detail/clustered_detected_objects__traits.hpp
-- Up-to-date: /home/rain/pointpillars_ws/install/det_msgs/include/det_msgs/det_msgs/msg/detail/clustered_detected_objects__struct.hpp
-- Up-to-date: /home/rain/pointpillars_ws/install/det_msgs/include/det_msgs/det_msgs/msg/detail/detected_objects__struct.hpp
-- Up-to-date: /home/rain/pointpillars_ws/install/det_msgs/include/det_msgs/det_msgs/msg/clustered_detected_objects.hpp
-- Up-to-date: /home/rain/pointpillars_ws/install/det_msgs/include/det_msgs/det_msgs
-- Up-to-date: /home/rain/pointpillars_ws/install/det_msgs/include/det_msgs/det_msgs/msg
-- Up-to-date: /home/rain/pointpillars_ws/install/det_msgs/include/det_msgs/det_msgs/msg/detail
-- Up-to-date: /home/rain/pointpillars_ws/install/det_msgs/include/det_msgs/det_msgs/msg/detail/dds_fastrtps
-- Up-to-date: /home/rain/pointpillars_ws/install/det_msgs/include/det_msgs/det_msgs/msg/detail/detected_objects__rosidl_typesupport_fastrtps_cpp.hpp
-- Up-to-date: /home/rain/pointpillars_ws/install/det_msgs/include/det_msgs/det_msgs/msg/detail/clustered_detected_objects__rosidl_typesupport_fastrtps_cpp.hpp
-- Up-to-date: /home/rain/pointpillars_ws/install/det_msgs/include/det_msgs/det_msgs/msg/rosidl_typesupport_fastrtps_cpp__visibility_control.h
-- Up-to-date: /home/rain/pointpillars_ws/install/det_msgs/lib/libdet_msgs__rosidl_typesupport_fastrtps_cpp.so
-- Up-to-date: /home/rain/pointpillars_ws/install/det_msgs/include/det_msgs/det_msgs
-- Up-to-date: /home/rain/pointpillars_ws/install/det_msgs/include/det_msgs/det_msgs/msg
-- Up-to-date: /home/rain/pointpillars_ws/install/det_msgs/include/det_msgs/det_msgs/msg/detail
-- Up-to-date: /home/rain/pointpillars_ws/install/det_msgs/include/det_msgs/det_msgs/msg/detail/detected_objects__rosidl_typesupport_introspection_cpp.hpp
-- Up-to-date: /home/rain/pointpillars_ws/install/det_msgs/include/det_msgs/det_msgs/msg/detail/detected_objects__type_support.cpp
-- Up-to-date: /home/rain/pointpillars_ws/install/det_msgs/include/det_msgs/det_msgs/msg/detail/clustered_detected_objects__rosidl_typesupport_introspection_cpp.hpp
-- Up-to-date: /home/rain/pointpillars_ws/install/det_msgs/include/det_msgs/det_msgs/msg/detail/clustered_detected_objects__type_support.cpp
-- Up-to-date: /home/rain/pointpillars_ws/install/det_msgs/lib/libdet_msgs__rosidl_typesupport_introspection_cpp.so
-- Up-to-date: /home/rain/pointpillars_ws/install/det_msgs/lib/libdet_msgs__rosidl_typesupport_cpp.so
-- Up-to-date: /home/rain/pointpillars_ws/install/det_msgs/share/det_msgs/environment/pythonpath.sh
-- Up-to-date: /home/rain/pointpillars_ws/install/det_msgs/share/det_msgs/environment/pythonpath.dsv
-- Up-to-date: /home/rain/pointpillars_ws/install/det_msgs/local/lib/python3.10/dist-packages/det_msgs-0.0.0-py3.10.egg-info
-- Installing: /home/rain/pointpillars_ws/install/det_msgs/local/lib/python3.10/dist-packages/det_msgs-0.0.0-py3.10.egg-info/PKG-INFO
-- Installing: /home/rain/pointpillars_ws/install/det_msgs/local/lib/python3.10/dist-packages/det_msgs-0.0.0-py3.10.egg-info/SOURCES.txt
-- Installing: /home/rain/pointpillars_ws/install/det_msgs/local/lib/python3.10/dist-packages/det_msgs-0.0.0-py3.10.egg-info/top_level.txt
-- Installing: /home/rain/pointpillars_ws/install/det_msgs/local/lib/python3.10/dist-packages/det_msgs-0.0.0-py3.10.egg-info/dependency_links.txt
-- Up-to-date: /home/rain/pointpillars_ws/install/det_msgs/local/lib/python3.10/dist-packages/det_msgs
-- Up-to-date: /home/rain/pointpillars_ws/install/det_msgs/local/lib/python3.10/dist-packages/det_msgs/_det_msgs_s.ep.rosidl_typesupport_introspection_c.c
-- Up-to-date: /home/rain/pointpillars_ws/install/det_msgs/local/lib/python3.10/dist-packages/det_msgs/_det_msgs_s.ep.rosidl_typesupport_c.c
-- Up-to-date: /home/rain/pointpillars_ws/install/det_msgs/local/lib/python3.10/dist-packages/det_msgs/det_msgs_s__rosidl_typesupport_c.cpython-310-aarch64-linux-gnu.so
-- Up-to-date: /home/rain/pointpillars_ws/install/det_msgs/local/lib/python3.10/dist-packages/det_msgs/msg
-- Up-to-date: /home/rain/pointpillars_ws/install/det_msgs/local/lib/python3.10/dist-packages/det_msgs/msg/_detected_objects_s.c
-- Up-to-date: /home/rain/pointpillars_ws/install/det_msgs/local/lib/python3.10/dist-packages/det_msgs/msg/_clustered_detected_objects.py
-- Up-to-date: /home/rain/pointpillars_ws/install/det_msgs/local/lib/python3.10/dist-packages/det_msgs/msg/_detected_objects.py
-- Up-to-date: /home/rain/pointpillars_ws/install/det_msgs/local/lib/python3.10/dist-packages/det_msgs/msg/__init__.py
-- Up-to-date: /home/rain/pointpillars_ws/install/det_msgs/local/lib/python3.10/dist-packages/det_msgs/msg/_clustered_detected_objects_s.c
-- Up-to-date: /home/rain/pointpillars_ws/install/det_msgs/local/lib/python3.10/dist-packages/det_msgs/_det_msgs_s.ep.rosidl_typesupport_fastrtps_c.c
-- Up-to-date: /home/rain/pointpillars_ws/install/det_msgs/local/lib/python3.10/dist-packages/det_msgs/libdet_msgs__rosidl_generator_py.so
-- Up-to-date: /home/rain/pointpillars_ws/install/det_msgs/local/lib/python3.10/dist-packages/det_msgs/det_msgs_s__rosidl_typesupport_introspection_c.cpython-310-aarch64-linux-gnu.so
-- Up-to-date: /home/rain/pointpillars_ws/install/det_msgs/local/lib/python3.10/dist-packages/det_msgs/__init__.py
-- Up-to-date: /home/rain/pointpillars_ws/install/det_msgs/local/lib/python3.10/dist-packages/det_msgs/det_msgs_s__rosidl_typesupport_fastrtps_c.cpython-310-aarch64-linux-gnu.so
Listing '/home/rain/pointpillars_ws/install/det_msgs/local/lib/python3.10/dist-packages/det_msgs'...
Listing '/home/rain/pointpillars_ws/install/det_msgs/local/lib/python3.10/dist-packages/det_msgs/msg'...
-- Up-to-date: /home/rain/pointpillars_ws/install/det_msgs/local/lib/python3.10/dist-packages/det_msgs/det_msgs_s__rosidl_typesupport_fastrtps_c.cpython-310-aarch64-linux-gnu.so
-- Up-to-date: /home/rain/pointpillars_ws/install/det_msgs/local/lib/python3.10/dist-packages/det_msgs/det_msgs_s__rosidl_typesupport_introspection_c.cpython-310-aarch64-linux-gnu.so
-- Up-to-date: /home/rain/pointpillars_ws/install/det_msgs/local/lib/python3.10/dist-packages/det_msgs/det_msgs_s__rosidl_typesupport_c.cpython-310-aarch64-linux-gnu.so
-- Up-to-date: /home/rain/pointpillars_ws/install/det_msgs/lib/libdet_msgs__rosidl_generator_py.so
-- Up-to-date: /home/rain/pointpillars_ws/install/det_msgs/share/det_msgs/msg/DetectedObjects.idl
-- Up-to-date: /home/rain/pointpillars_ws/install/det_msgs/share/det_msgs/msg/ClusteredDetectedObjects.idl
-- Up-to-date: /home/rain/pointpillars_ws/install/det_msgs/share/det_msgs/msg/DetectedObjects.msg
-- Up-to-date: /home/rain/pointpillars_ws/install/det_msgs/share/det_msgs/msg/ClusteredDetectedObjects.msg
-- Up-to-date: /home/rain/pointpillars_ws/install/det_msgs/share/ament_index/resource_index/package_run_dependencies/det_msgs
-- Up-to-date: /home/rain/pointpillars_ws/install/det_msgs/share/ament_index/resource_index/parent_prefix_path/det_msgs
-- Up-to-date: /home/rain/pointpillars_ws/install/det_msgs/share/det_msgs/environment/ament_prefix_path.sh
-- Up-to-date: /home/rain/pointpillars_ws/install/det_msgs/share/det_msgs/environment/ament_prefix_path.dsv
-- Up-to-date: /home/rain/pointpillars_ws/install/det_msgs/share/det_msgs/environment/path.sh
-- Up-to-date: /home/rain/pointpillars_ws/install/det_msgs/share/det_msgs/environment/path.dsv
-- Up-to-date: /home/rain/pointpillars_ws/install/det_msgs/share/det_msgs/local_setup.bash
-- Up-to-date: /home/rain/pointpillars_ws/install/det_msgs/share/det_msgs/local_setup.sh
-- Up-to-date: /home/rain/pointpillars_ws/install/det_msgs/share/det_msgs/local_setup.zsh
-- Up-to-date: /home/rain/pointpillars_ws/install/det_msgs/share/det_msgs/local_setup.dsv
-- Installing: /home/rain/pointpillars_ws/install/det_msgs/share/det_msgs/package.dsv
-- Up-to-date: /home/rain/pointpillars_ws/install/det_msgs/share/ament_index/resource_index/packages/det_msgs
-- Up-to-date: /home/rain/pointpillars_ws/install/det_msgs/share/det_msgs/cmake/export_det_msgs__rosidl_generator_cExport.cmake
-- Up-to-date: /home/rain/pointpillars_ws/install/det_msgs/share/det_msgs/cmake/export_det_msgs__rosidl_generator_cExport-noconfig.cmake
-- Up-to-date: /home/rain/pointpillars_ws/install/det_msgs/share/det_msgs/cmake/export_det_msgs__rosidl_typesupport_fastrtps_cExport.cmake
-- Up-to-date: /home/rain/pointpillars_ws/install/det_msgs/share/det_msgs/cmake/export_det_msgs__rosidl_typesupport_fastrtps_cExport-noconfig.cmake
-- Up-to-date: /home/rain/pointpillars_ws/install/det_msgs/share/det_msgs/cmake/det_msgs__rosidl_typesupport_introspection_cExport.cmake
-- Up-to-date: /home/rain/pointpillars_ws/install/det_msgs/share/det_msgs/cmake/det_msgs__rosidl_typesupport_introspection_cExport-noconfig.cmake
-- Up-to-date: /home/rain/pointpillars_ws/install/det_msgs/share/det_msgs/cmake/det_msgs__rosidl_typesupport_cExport.cmake
-- Up-to-date: /home/rain/pointpillars_ws/install/det_msgs/share/det_msgs/cmake/det_msgs__rosidl_typesupport_cExport-noconfig.cmake
-- Up-to-date: /home/rain/pointpillars_ws/install/det_msgs/share/det_msgs/cmake/export_det_msgs__rosidl_generator_cppExport.cmake
-- Up-to-date: /home/rain/pointpillars_ws/install/det_msgs/share/det_msgs/cmake/export_det_msgs__rosidl_typesupport_fastrtps_cppExport.cmake
-- Up-to-date: /home/rain/pointpillars_ws/install/det_msgs/share/det_msgs/cmake/export_det_msgs__rosidl_typesupport_fastrtps_cppExport-noconfig.cmake
-- Up-to-date: /home/rain/pointpillars_ws/install/det_msgs/share/det_msgs/cmake/det_msgs__rosidl_typesupport_introspection_cppExport.cmake
-- Up-to-date: /home/rain/pointpillars_ws/install/det_msgs/share/det_msgs/cmake/det_msgs__rosidl_typesupport_introspection_cppExport-noconfig.cmake
-- Up-to-date: /home/rain/pointpillars_ws/install/det_msgs/share/det_msgs/cmake/det_msgs__rosidl_typesupport_cppExport.cmake
-- Up-to-date: /home/rain/pointpillars_ws/install/det_msgs/share/det_msgs/cmake/det_msgs__rosidl_typesupport_cppExport-noconfig.cmake
-- Up-to-date: /home/rain/pointpillars_ws/install/det_msgs/share/det_msgs/cmake/export_det_msgs__rosidl_generator_pyExport.cmake
-- Up-to-date: /home/rain/pointpillars_ws/install/det_msgs/share/det_msgs/cmake/export_det_msgs__rosidl_generator_pyExport-noconfig.cmake
-- Up-to-date: /home/rain/pointpillars_ws/install/det_msgs/share/det_msgs/cmake/rosidl_cmake-extras.cmake
-- Up-to-date: /home/rain/pointpillars_ws/install/det_msgs/share/det_msgs/cmake/ament_cmake_export_dependencies-extras.cmake
-- Up-to-date: /home/rain/pointpillars_ws/install/det_msgs/share/det_msgs/cmake/ament_cmake_export_include_directories-extras.cmake
-- Up-to-date: /home/rain/pointpillars_ws/install/det_msgs/share/det_msgs/cmake/ament_cmake_export_libraries-extras.cmake
-- Up-to-date: /home/rain/pointpillars_ws/install/det_msgs/share/det_msgs/cmake/ament_cmake_export_targets-extras.cmake
-- Up-to-date: /home/rain/pointpillars_ws/install/det_msgs/share/det_msgs/cmake/rosidl_cmake_export_typesupport_targets-extras.cmake
-- Up-to-date: /home/rain/pointpillars_ws/install/det_msgs/share/det_msgs/cmake/rosidl_cmake_export_typesupport_libraries-extras.cmake
-- Up-to-date: /home/rain/pointpillars_ws/install/det_msgs/share/det_msgs/cmake/det_msgsConfig.cmake
-- Up-to-date: /home/rain/pointpillars_ws/install/det_msgs/share/det_msgs/cmake/det_msgsConfig-version.cmake
-- Up-to-date: /home/rain/pointpillars_ws/install/det_msgs/share/det_msgs/package.xml
