[0.018s] Invoking command in '/home/rain/pointpillars_ws/build/det_msgs': CMAKE_PREFIX_PATH=${CMAKE_PREFIX_PATH}:/home/rain/pointpillars_ws/install/rain_project_autonomous_ship:/home/rain/pointpillars_ws/install/rain_det:/opt/ros/humble /usr/bin/cmake /home/rain/pointpillars_ws/src/det_msgs -DCMAKE_INSTALL_PREFIX=/home/rain/pointpillars_ws/install/det_msgs
[0.240s] -- The C compiler identification is GNU 11.4.0
[0.452s] -- The CXX compiler identification is GNU 11.4.0
[0.478s] -- Detecting C compiler ABI info
[0.594s] -- Detecting C compiler ABI info - done
[0.608s] -- Check for working C compiler: /usr/bin/cc - skipped
[0.609s] -- Detecting C compile features
[0.611s] -- Detecting C compile features - done
[0.619s] -- Detecting CXX compiler ABI info
[0.748s] -- Detecting CXX compiler ABI info - done
[0.765s] -- Check for working CXX compiler: /usr/bin/c++ - skipped
[0.765s] -- Detecting CXX compile features
[0.767s] -- Detecting CXX compile features - done
[0.775s] -- Found ament_cmake: 1.3.10 (/opt/ros/humble/share/ament_cmake/cmake)
[1.810s] -- Found Python3: /usr/bin/python3 (found version "3.10.12") found components: Interpreter 
[2.060s] -- Found rosidl_default_generators: 1.2.0 (/opt/ros/humble/share/rosidl_default_generators/cmake)
[2.075s] -- Using all available rosidl_typesupport_c: rosidl_typesupport_fastrtps_c;rosidl_typesupport_introspection_c
[2.091s] -- Found rosidl_adapter: 3.1.5 (/opt/ros/humble/share/rosidl_adapter/cmake)
[2.183s] -- Using all available rosidl_typesupport_cpp: rosidl_typesupport_fastrtps_cpp;rosidl_typesupport_introspection_cpp
[2.253s] -- Found geometry_msgs: 4.2.4 (/opt/ros/humble/share/geometry_msgs/cmake)
[2.890s] -- Found ament_cmake_ros: 0.10.0 (/opt/ros/humble/share/ament_cmake_ros/cmake)
[3.452s] -- Using all available rosidl_typesupport_c: rosidl_typesupport_fastrtps_c;rosidl_typesupport_introspection_c
[4.173s] -- Using all available rosidl_typesupport_cpp: rosidl_typesupport_fastrtps_cpp;rosidl_typesupport_introspection_cpp
[4.230s] -- Found PythonInterp: /usr/bin/python3 (found suitable version "3.10.12", minimum required is "3.6") 
[4.234s] -- Found python_cmake_module: 0.10.0 (/opt/ros/humble/share/python_cmake_module/cmake)
[4.302s] -- Found PythonLibs: /usr/lib/aarch64-linux-gnu/libpython3.10.so (found suitable version "3.10.12", minimum required is "3.5") 
[4.303s] -- Using PYTHON_EXECUTABLE: /usr/bin/python3
[4.303s] -- Using PYTHON_INCLUDE_DIRS: /usr/include/python3.10
[4.303s] -- Using PYTHON_LIBRARIES: /usr/lib/aarch64-linux-gnu/libpython3.10.so
[4.351s] -- Found PythonExtra: .so  
[4.516s] -- Found ament_lint_auto: 0.12.11 (/opt/ros/humble/share/ament_lint_auto/cmake)
[4.596s] -- Added test 'lint_cmake' to check CMake code style
[4.600s] -- Added test 'xmllint' to check XML markup files
[4.609s] -- Configuring done
[4.683s] -- Generating done
[4.688s] -- Build files have been written to: /home/rain/pointpillars_ws/build/det_msgs
[4.707s] Invoked command in '/home/rain/pointpillars_ws/build/det_msgs' returned '0': CMAKE_PREFIX_PATH=${CMAKE_PREFIX_PATH}:/home/rain/pointpillars_ws/install/rain_project_autonomous_ship:/home/rain/pointpillars_ws/install/rain_det:/opt/ros/humble /usr/bin/cmake /home/rain/pointpillars_ws/src/det_msgs -DCMAKE_INSTALL_PREFIX=/home/rain/pointpillars_ws/install/det_msgs
[4.712s] Invoking command in '/home/rain/pointpillars_ws/build/det_msgs': CMAKE_PREFIX_PATH=${CMAKE_PREFIX_PATH}:/home/rain/pointpillars_ws/install/rain_project_autonomous_ship:/home/rain/pointpillars_ws/install/rain_det:/opt/ros/humble /usr/bin/cmake --build /home/rain/pointpillars_ws/build/det_msgs -- -j12 -l12
[4.787s] [  2%] [34m[1mGenerating C code for ROS interfaces[0m
[4.806s] [  5%] [34m[1mGenerating C++ code for ROS interfaces[0m
[4.819s] [  5%] Built target ament_cmake_python_copy_det_msgs
[5.244s] [  5%] Built target det_msgs__cpp
[5.261s] [  7%] [34m[1mGenerating C++ introspection for ROS interfaces[0m
[5.269s] [ 10%] [34m[1mGenerating C++ type support for eProsima Fast-RTPS[0m
[5.271s] [ 12%] [34m[1mGenerating C++ type support dispatch for ROS interfaces[0m
[5.285s] running egg_info
[5.286s] creating det_msgs.egg-info
[5.288s] writing manifest file 'det_msgs.egg-info/SOURCES.txt'
[5.293s] writing manifest file 'det_msgs.egg-info/SOURCES.txt'
[5.305s] [ 15%] [32mBuilding C object CMakeFiles/det_msgs__rosidl_generator_c.dir/rosidl_generator_c/det_msgs/msg/detail/detected_objects__functions.c.o[0m
[5.307s] [ 17%] [32mBuilding C object CMakeFiles/det_msgs__rosidl_generator_c.dir/rosidl_generator_c/det_msgs/msg/detail/clustered_detected_objects__functions.c.o[0m
[5.373s] [ 17%] Built target ament_cmake_python_build_det_msgs_egg
[5.417s] [ 20%] [32m[1mLinking C shared library libdet_msgs__rosidl_generator_c.so[0m
[5.471s] [ 20%] Built target det_msgs__rosidl_generator_c
[5.487s] [ 25%] [34m[1mGenerating C type support for eProsima Fast-RTPS[0m
[5.487s] [ 25%] [34m[1mGenerating C type support dispatch for ROS interfaces[0m
[5.487s] [ 28%] [34m[1mGenerating C introspection for ROS interfaces[0m
[5.684s] [ 33%] [32mBuilding CXX object CMakeFiles/det_msgs__rosidl_typesupport_introspection_cpp.dir/rosidl_typesupport_introspection_cpp/det_msgs/msg/detail/detected_objects__type_support.cpp.o[0m
[5.684s] [ 33%] [32mBuilding CXX object CMakeFiles/det_msgs__rosidl_typesupport_introspection_cpp.dir/rosidl_typesupport_introspection_cpp/det_msgs/msg/detail/clustered_detected_objects__type_support.cpp.o[0m
[5.684s] [ 35%] [32mBuilding CXX object CMakeFiles/det_msgs__rosidl_typesupport_cpp.dir/rosidl_typesupport_cpp/det_msgs/msg/clustered_detected_objects__type_support.cpp.o[0m
[5.685s] [ 38%] [32mBuilding CXX object CMakeFiles/det_msgs__rosidl_typesupport_cpp.dir/rosidl_typesupport_cpp/det_msgs/msg/detected_objects__type_support.cpp.o[0m
[5.706s] [ 43%] [32mBuilding CXX object CMakeFiles/det_msgs__rosidl_typesupport_fastrtps_cpp.dir/rosidl_typesupport_fastrtps_cpp/det_msgs/msg/detail/dds_fastrtps/detected_objects__type_support.cpp.o[0m
[5.706s] [ 43%] [32mBuilding CXX object CMakeFiles/det_msgs__rosidl_typesupport_fastrtps_cpp.dir/rosidl_typesupport_fastrtps_cpp/det_msgs/msg/detail/dds_fastrtps/clustered_detected_objects__type_support.cpp.o[0m
[5.917s] [ 46%] [32mBuilding CXX object CMakeFiles/det_msgs__rosidl_typesupport_c.dir/rosidl_typesupport_c/det_msgs/msg/detected_objects__type_support.cpp.o[0m
[5.918s] [ 48%] [32mBuilding CXX object CMakeFiles/det_msgs__rosidl_typesupport_c.dir/rosidl_typesupport_c/det_msgs/msg/clustered_detected_objects__type_support.cpp.o[0m
[5.960s] [ 53%] [32mBuilding CXX object CMakeFiles/det_msgs__rosidl_typesupport_fastrtps_c.dir/rosidl_typesupport_fastrtps_c/det_msgs/msg/detail/clustered_detected_objects__type_support_c.cpp.o[0m
[5.960s] [ 53%] [32mBuilding CXX object CMakeFiles/det_msgs__rosidl_typesupport_fastrtps_c.dir/rosidl_typesupport_fastrtps_c/det_msgs/msg/detail/detected_objects__type_support_c.cpp.o[0m
[5.969s] [ 58%] [32mBuilding C object CMakeFiles/det_msgs__rosidl_typesupport_introspection_c.dir/rosidl_typesupport_introspection_c/det_msgs/msg/detail/detected_objects__type_support.c.o[0m
[5.969s] [ 58%] [32m[1mLinking CXX shared library libdet_msgs__rosidl_typesupport_c.so[0m
[5.969s] [ 61%] [32mBuilding C object CMakeFiles/det_msgs__rosidl_typesupport_introspection_c.dir/rosidl_typesupport_introspection_c/det_msgs/msg/detail/clustered_detected_objects__type_support.c.o[0m
[6.044s] [ 61%] Built target det_msgs__rosidl_typesupport_c
[6.051s] [ 64%] [32m[1mLinking C shared library libdet_msgs__rosidl_typesupport_introspection_c.so[0m
[6.101s] [ 64%] Built target det_msgs__rosidl_typesupport_introspection_c
[6.214s] [ 66%] [32m[1mLinking CXX shared library libdet_msgs__rosidl_typesupport_cpp.so[0m
[6.333s] [ 66%] Built target det_msgs__rosidl_typesupport_cpp
[6.525s] [ 69%] [32m[1mLinking CXX shared library libdet_msgs__rosidl_typesupport_fastrtps_c.so[0m
[6.527s] [ 71%] [32m[1mLinking CXX shared library libdet_msgs__rosidl_typesupport_introspection_cpp.so[0m
[6.543s] [ 74%] [32m[1mLinking CXX shared library libdet_msgs__rosidl_typesupport_fastrtps_cpp.so[0m
[6.647s] [ 74%] Built target det_msgs__rosidl_typesupport_introspection_cpp
[6.649s] [ 74%] Built target det_msgs__rosidl_typesupport_fastrtps_c
[6.667s] [ 74%] Built target det_msgs__rosidl_typesupport_fastrtps_cpp
[6.705s] [ 74%] Built target det_msgs
[6.744s] [ 76%] [34m[1mGenerating Python code for ROS interfaces[0m
[7.364s] [ 76%] Built target det_msgs__py
[7.403s] [ 82%] [32mBuilding C object CMakeFiles/det_msgs__rosidl_generator_py.dir/rosidl_generator_py/det_msgs/msg/_detected_objects_s.c.o[0m
[7.403s] [ 82%] [32mBuilding C object CMakeFiles/det_msgs__rosidl_generator_py.dir/rosidl_generator_py/det_msgs/msg/_clustered_detected_objects_s.c.o[0m
[7.673s] [ 84%] [32m[1mLinking C shared library rosidl_generator_py/det_msgs/libdet_msgs__rosidl_generator_py.so[0m
[7.749s] [ 84%] Built target det_msgs__rosidl_generator_py
[7.784s] [ 89%] [32mBuilding C object CMakeFiles/det_msgs__rosidl_typesupport_introspection_c__pyext.dir/rosidl_generator_py/det_msgs/_det_msgs_s.ep.rosidl_typesupport_introspection_c.c.o[0m
[7.785s] [ 89%] [32mBuilding C object CMakeFiles/det_msgs__rosidl_typesupport_c__pyext.dir/rosidl_generator_py/det_msgs/_det_msgs_s.ep.rosidl_typesupport_c.c.o[0m
[7.785s] [ 92%] [32mBuilding C object CMakeFiles/det_msgs__rosidl_typesupport_fastrtps_c__pyext.dir/rosidl_generator_py/det_msgs/_det_msgs_s.ep.rosidl_typesupport_fastrtps_c.c.o[0m
[7.943s] [ 97%] [32m[1mLinking C shared library rosidl_generator_py/det_msgs/det_msgs_s__rosidl_typesupport_introspection_c.cpython-310-aarch64-linux-gnu.so[0m
[7.943s] [ 97%] [32m[1mLinking C shared library rosidl_generator_py/det_msgs/det_msgs_s__rosidl_typesupport_c.cpython-310-aarch64-linux-gnu.so[0m
[7.952s] [100%] [32m[1mLinking C shared library rosidl_generator_py/det_msgs/det_msgs_s__rosidl_typesupport_fastrtps_c.cpython-310-aarch64-linux-gnu.so[0m
[8.009s] [100%] Built target det_msgs__rosidl_typesupport_introspection_c__pyext
[8.010s] [100%] Built target det_msgs__rosidl_typesupport_c__pyext
[8.020s] [100%] Built target det_msgs__rosidl_typesupport_fastrtps_c__pyext
[8.043s] Invoked command in '/home/rain/pointpillars_ws/build/det_msgs' returned '0': CMAKE_PREFIX_PATH=${CMAKE_PREFIX_PATH}:/home/rain/pointpillars_ws/install/rain_project_autonomous_ship:/home/rain/pointpillars_ws/install/rain_det:/opt/ros/humble /usr/bin/cmake --build /home/rain/pointpillars_ws/build/det_msgs -- -j12 -l12
[8.219s] Invoking command in '/home/rain/pointpillars_ws/build/det_msgs': CMAKE_PREFIX_PATH=${CMAKE_PREFIX_PATH}:/home/rain/pointpillars_ws/install/rain_project_autonomous_ship:/home/rain/pointpillars_ws/install/rain_det:/opt/ros/humble /usr/bin/cmake --install /home/rain/pointpillars_ws/build/det_msgs
[8.233s] -- Install configuration: ""
[8.234s] -- Installing: /home/rain/pointpillars_ws/install/det_msgs/share/ament_index/resource_index/rosidl_interfaces/det_msgs
[8.234s] -- Installing: /home/rain/pointpillars_ws/install/det_msgs/include/det_msgs/det_msgs
[8.235s] -- Installing: /home/rain/pointpillars_ws/install/det_msgs/include/det_msgs/det_msgs/msg
[8.235s] -- Installing: /home/rain/pointpillars_ws/install/det_msgs/include/det_msgs/det_msgs/msg/rosidl_generator_c__visibility_control.h
[8.235s] -- Installing: /home/rain/pointpillars_ws/install/det_msgs/include/det_msgs/det_msgs/msg/clustered_detected_objects.h
[8.236s] -- Installing: /home/rain/pointpillars_ws/install/det_msgs/include/det_msgs/det_msgs/msg/detail
[8.236s] -- Installing: /home/rain/pointpillars_ws/install/det_msgs/include/det_msgs/det_msgs/msg/detail/detected_objects__functions.c
[8.236s] -- Installing: /home/rain/pointpillars_ws/install/det_msgs/include/det_msgs/det_msgs/msg/detail/detected_objects__type_support.h
[8.237s] -- Installing: /home/rain/pointpillars_ws/install/det_msgs/include/det_msgs/det_msgs/msg/detail/detected_objects__struct.h
[8.237s] -- Installing: /home/rain/pointpillars_ws/install/det_msgs/include/det_msgs/det_msgs/msg/detail/clustered_detected_objects__functions.h
[8.237s] -- Installing: /home/rain/pointpillars_ws/install/det_msgs/include/det_msgs/det_msgs/msg/detail/clustered_detected_objects__struct.h
[8.237s] -- Installing: /home/rain/pointpillars_ws/install/det_msgs/include/det_msgs/det_msgs/msg/detail/detected_objects__functions.h
[8.238s] -- Installing: /home/rain/pointpillars_ws/install/det_msgs/include/det_msgs/det_msgs/msg/detail/clustered_detected_objects__type_support.h
[8.238s] -- Installing: /home/rain/pointpillars_ws/install/det_msgs/include/det_msgs/det_msgs/msg/detail/clustered_detected_objects__functions.c
[8.238s] -- Installing: /home/rain/pointpillars_ws/install/det_msgs/include/det_msgs/det_msgs/msg/detected_objects.h
[8.239s] -- Installing: /home/rain/pointpillars_ws/install/det_msgs/share/det_msgs/environment/library_path.sh
[8.239s] -- Installing: /home/rain/pointpillars_ws/install/det_msgs/share/det_msgs/environment/library_path.dsv
[8.239s] -- Installing: /home/rain/pointpillars_ws/install/det_msgs/lib/libdet_msgs__rosidl_generator_c.so
[8.239s] -- Set runtime path of "/home/rain/pointpillars_ws/install/det_msgs/lib/libdet_msgs__rosidl_generator_c.so" to ""
[8.240s] -- Up-to-date: /home/rain/pointpillars_ws/install/det_msgs/include/det_msgs/det_msgs
[8.240s] -- Up-to-date: /home/rain/pointpillars_ws/install/det_msgs/include/det_msgs/det_msgs/msg
[8.240s] -- Up-to-date: /home/rain/pointpillars_ws/install/det_msgs/include/det_msgs/det_msgs/msg/detail
[8.240s] -- Installing: /home/rain/pointpillars_ws/install/det_msgs/include/det_msgs/det_msgs/msg/detail/clustered_detected_objects__rosidl_typesupport_fastrtps_c.h
[8.241s] -- Installing: /home/rain/pointpillars_ws/install/det_msgs/include/det_msgs/det_msgs/msg/detail/detected_objects__rosidl_typesupport_fastrtps_c.h
[8.241s] -- Installing: /home/rain/pointpillars_ws/install/det_msgs/include/det_msgs/det_msgs/msg/rosidl_typesupport_fastrtps_c__visibility_control.h
[8.241s] -- Installing: /home/rain/pointpillars_ws/install/det_msgs/lib/libdet_msgs__rosidl_typesupport_fastrtps_c.so
[8.241s] -- Set runtime path of "/home/rain/pointpillars_ws/install/det_msgs/lib/libdet_msgs__rosidl_typesupport_fastrtps_c.so" to ""
[8.242s] -- Up-to-date: /home/rain/pointpillars_ws/install/det_msgs/include/det_msgs/det_msgs
[8.242s] -- Up-to-date: /home/rain/pointpillars_ws/install/det_msgs/include/det_msgs/det_msgs/msg
[8.242s] -- Installing: /home/rain/pointpillars_ws/install/det_msgs/include/det_msgs/det_msgs/msg/rosidl_typesupport_introspection_c__visibility_control.h
[8.243s] -- Up-to-date: /home/rain/pointpillars_ws/install/det_msgs/include/det_msgs/det_msgs/msg/detail
[8.243s] -- Installing: /home/rain/pointpillars_ws/install/det_msgs/include/det_msgs/det_msgs/msg/detail/detected_objects__type_support.c
[8.243s] -- Installing: /home/rain/pointpillars_ws/install/det_msgs/include/det_msgs/det_msgs/msg/detail/detected_objects__rosidl_typesupport_introspection_c.h
[8.243s] -- Installing: /home/rain/pointpillars_ws/install/det_msgs/include/det_msgs/det_msgs/msg/detail/clustered_detected_objects__rosidl_typesupport_introspection_c.h
[8.244s] -- Installing: /home/rain/pointpillars_ws/install/det_msgs/include/det_msgs/det_msgs/msg/detail/clustered_detected_objects__type_support.c
[8.244s] -- Installing: /home/rain/pointpillars_ws/install/det_msgs/lib/libdet_msgs__rosidl_typesupport_introspection_c.so
[8.244s] -- Set runtime path of "/home/rain/pointpillars_ws/install/det_msgs/lib/libdet_msgs__rosidl_typesupport_introspection_c.so" to ""
[8.245s] -- Installing: /home/rain/pointpillars_ws/install/det_msgs/lib/libdet_msgs__rosidl_typesupport_c.so
[8.245s] -- Set runtime path of "/home/rain/pointpillars_ws/install/det_msgs/lib/libdet_msgs__rosidl_typesupport_c.so" to ""
[8.245s] -- Up-to-date: /home/rain/pointpillars_ws/install/det_msgs/include/det_msgs/det_msgs
[8.245s] -- Up-to-date: /home/rain/pointpillars_ws/install/det_msgs/include/det_msgs/det_msgs/msg
[8.246s] -- Installing: /home/rain/pointpillars_ws/install/det_msgs/include/det_msgs/det_msgs/msg/detected_objects.hpp
[8.246s] -- Up-to-date: /home/rain/pointpillars_ws/install/det_msgs/include/det_msgs/det_msgs/msg/detail
[8.246s] -- Installing: /home/rain/pointpillars_ws/install/det_msgs/include/det_msgs/det_msgs/msg/detail/detected_objects__builder.hpp
[8.247s] -- Installing: /home/rain/pointpillars_ws/install/det_msgs/include/det_msgs/det_msgs/msg/detail/detected_objects__traits.hpp
[8.247s] -- Installing: /home/rain/pointpillars_ws/install/det_msgs/include/det_msgs/det_msgs/msg/detail/clustered_detected_objects__builder.hpp
[8.247s] -- Installing: /home/rain/pointpillars_ws/install/det_msgs/include/det_msgs/det_msgs/msg/detail/clustered_detected_objects__traits.hpp
[8.247s] -- Installing: /home/rain/pointpillars_ws/install/det_msgs/include/det_msgs/det_msgs/msg/detail/clustered_detected_objects__struct.hpp
[8.248s] -- Installing: /home/rain/pointpillars_ws/install/det_msgs/include/det_msgs/det_msgs/msg/detail/detected_objects__struct.hpp
[8.248s] -- Installing: /home/rain/pointpillars_ws/install/det_msgs/include/det_msgs/det_msgs/msg/clustered_detected_objects.hpp
[8.248s] -- Up-to-date: /home/rain/pointpillars_ws/install/det_msgs/include/det_msgs/det_msgs
[8.249s] -- Up-to-date: /home/rain/pointpillars_ws/install/det_msgs/include/det_msgs/det_msgs/msg
[8.249s] -- Up-to-date: /home/rain/pointpillars_ws/install/det_msgs/include/det_msgs/det_msgs/msg/detail
[8.249s] -- Installing: /home/rain/pointpillars_ws/install/det_msgs/include/det_msgs/det_msgs/msg/detail/dds_fastrtps
[8.250s] -- Installing: /home/rain/pointpillars_ws/install/det_msgs/include/det_msgs/det_msgs/msg/detail/detected_objects__rosidl_typesupport_fastrtps_cpp.hpp
[8.250s] -- Installing: /home/rain/pointpillars_ws/install/det_msgs/include/det_msgs/det_msgs/msg/detail/clustered_detected_objects__rosidl_typesupport_fastrtps_cpp.hpp
[8.250s] -- Installing: /home/rain/pointpillars_ws/install/det_msgs/include/det_msgs/det_msgs/msg/rosidl_typesupport_fastrtps_cpp__visibility_control.h
[8.250s] -- Installing: /home/rain/pointpillars_ws/install/det_msgs/lib/libdet_msgs__rosidl_typesupport_fastrtps_cpp.so
[8.251s] -- Set runtime path of "/home/rain/pointpillars_ws/install/det_msgs/lib/libdet_msgs__rosidl_typesupport_fastrtps_cpp.so" to ""
[8.252s] -- Up-to-date: /home/rain/pointpillars_ws/install/det_msgs/include/det_msgs/det_msgs
[8.252s] -- Up-to-date: /home/rain/pointpillars_ws/install/det_msgs/include/det_msgs/det_msgs/msg
[8.252s] -- Up-to-date: /home/rain/pointpillars_ws/install/det_msgs/include/det_msgs/det_msgs/msg/detail
[8.252s] -- Installing: /home/rain/pointpillars_ws/install/det_msgs/include/det_msgs/det_msgs/msg/detail/detected_objects__rosidl_typesupport_introspection_cpp.hpp
[8.253s] -- Installing: /home/rain/pointpillars_ws/install/det_msgs/include/det_msgs/det_msgs/msg/detail/detected_objects__type_support.cpp
[8.253s] -- Installing: /home/rain/pointpillars_ws/install/det_msgs/include/det_msgs/det_msgs/msg/detail/clustered_detected_objects__rosidl_typesupport_introspection_cpp.hpp
[8.253s] -- Installing: /home/rain/pointpillars_ws/install/det_msgs/include/det_msgs/det_msgs/msg/detail/clustered_detected_objects__type_support.cpp
[8.253s] -- Installing: /home/rain/pointpillars_ws/install/det_msgs/lib/libdet_msgs__rosidl_typesupport_introspection_cpp.so
[8.253s] -- Set runtime path of "/home/rain/pointpillars_ws/install/det_msgs/lib/libdet_msgs__rosidl_typesupport_introspection_cpp.so" to ""
[8.254s] -- Installing: /home/rain/pointpillars_ws/install/det_msgs/lib/libdet_msgs__rosidl_typesupport_cpp.so
[8.254s] -- Set runtime path of "/home/rain/pointpillars_ws/install/det_msgs/lib/libdet_msgs__rosidl_typesupport_cpp.so" to ""
[8.254s] -- Installing: /home/rain/pointpillars_ws/install/det_msgs/share/det_msgs/environment/pythonpath.sh
[8.254s] -- Installing: /home/rain/pointpillars_ws/install/det_msgs/share/det_msgs/environment/pythonpath.dsv
[8.255s] -- Installing: /home/rain/pointpillars_ws/install/det_msgs/local/lib/python3.10/dist-packages/det_msgs-0.0.0-py3.10.egg-info
[8.255s] -- Installing: /home/rain/pointpillars_ws/install/det_msgs/local/lib/python3.10/dist-packages/det_msgs-0.0.0-py3.10.egg-info/PKG-INFO
[8.255s] -- Installing: /home/rain/pointpillars_ws/install/det_msgs/local/lib/python3.10/dist-packages/det_msgs-0.0.0-py3.10.egg-info/SOURCES.txt
[8.255s] -- Installing: /home/rain/pointpillars_ws/install/det_msgs/local/lib/python3.10/dist-packages/det_msgs-0.0.0-py3.10.egg-info/top_level.txt
[8.255s] -- Installing: /home/rain/pointpillars_ws/install/det_msgs/local/lib/python3.10/dist-packages/det_msgs-0.0.0-py3.10.egg-info/dependency_links.txt
[8.256s] -- Installing: /home/rain/pointpillars_ws/install/det_msgs/local/lib/python3.10/dist-packages/det_msgs
[8.256s] -- Installing: /home/rain/pointpillars_ws/install/det_msgs/local/lib/python3.10/dist-packages/det_msgs/_det_msgs_s.ep.rosidl_typesupport_introspection_c.c
[8.256s] -- Installing: /home/rain/pointpillars_ws/install/det_msgs/local/lib/python3.10/dist-packages/det_msgs/_det_msgs_s.ep.rosidl_typesupport_c.c
[8.256s] -- Installing: /home/rain/pointpillars_ws/install/det_msgs/local/lib/python3.10/dist-packages/det_msgs/det_msgs_s__rosidl_typesupport_c.cpython-310-aarch64-linux-gnu.so
[8.257s] -- Installing: /home/rain/pointpillars_ws/install/det_msgs/local/lib/python3.10/dist-packages/det_msgs/msg
[8.257s] -- Installing: /home/rain/pointpillars_ws/install/det_msgs/local/lib/python3.10/dist-packages/det_msgs/msg/_detected_objects_s.c
[8.257s] -- Installing: /home/rain/pointpillars_ws/install/det_msgs/local/lib/python3.10/dist-packages/det_msgs/msg/_clustered_detected_objects.py
[8.257s] -- Installing: /home/rain/pointpillars_ws/install/det_msgs/local/lib/python3.10/dist-packages/det_msgs/msg/_detected_objects.py
[8.257s] -- Installing: /home/rain/pointpillars_ws/install/det_msgs/local/lib/python3.10/dist-packages/det_msgs/msg/__init__.py
[8.258s] -- Installing: /home/rain/pointpillars_ws/install/det_msgs/local/lib/python3.10/dist-packages/det_msgs/msg/_clustered_detected_objects_s.c
[8.258s] -- Installing: /home/rain/pointpillars_ws/install/det_msgs/local/lib/python3.10/dist-packages/det_msgs/_det_msgs_s.ep.rosidl_typesupport_fastrtps_c.c
[8.258s] -- Installing: /home/rain/pointpillars_ws/install/det_msgs/local/lib/python3.10/dist-packages/det_msgs/libdet_msgs__rosidl_generator_py.so
[8.258s] -- Installing: /home/rain/pointpillars_ws/install/det_msgs/local/lib/python3.10/dist-packages/det_msgs/det_msgs_s__rosidl_typesupport_introspection_c.cpython-310-aarch64-linux-gnu.so
[8.258s] -- Installing: /home/rain/pointpillars_ws/install/det_msgs/local/lib/python3.10/dist-packages/det_msgs/__init__.py
[8.259s] -- Installing: /home/rain/pointpillars_ws/install/det_msgs/local/lib/python3.10/dist-packages/det_msgs/det_msgs_s__rosidl_typesupport_fastrtps_c.cpython-310-aarch64-linux-gnu.so
[8.314s] Listing '/home/rain/pointpillars_ws/install/det_msgs/local/lib/python3.10/dist-packages/det_msgs'...
[8.314s] Compiling '/home/rain/pointpillars_ws/install/det_msgs/local/lib/python3.10/dist-packages/det_msgs/__init__.py'...
[8.314s] Listing '/home/rain/pointpillars_ws/install/det_msgs/local/lib/python3.10/dist-packages/det_msgs/msg'...
[8.315s] Compiling '/home/rain/pointpillars_ws/install/det_msgs/local/lib/python3.10/dist-packages/det_msgs/msg/__init__.py'...
[8.315s] Compiling '/home/rain/pointpillars_ws/install/det_msgs/local/lib/python3.10/dist-packages/det_msgs/msg/_clustered_detected_objects.py'...
[8.315s] Compiling '/home/rain/pointpillars_ws/install/det_msgs/local/lib/python3.10/dist-packages/det_msgs/msg/_detected_objects.py'...
[8.323s] -- Installing: /home/rain/pointpillars_ws/install/det_msgs/local/lib/python3.10/dist-packages/det_msgs/det_msgs_s__rosidl_typesupport_fastrtps_c.cpython-310-aarch64-linux-gnu.so
[8.323s] -- Set runtime path of "/home/rain/pointpillars_ws/install/det_msgs/local/lib/python3.10/dist-packages/det_msgs/det_msgs_s__rosidl_typesupport_fastrtps_c.cpython-310-aarch64-linux-gnu.so" to ""
[8.323s] -- Installing: /home/rain/pointpillars_ws/install/det_msgs/local/lib/python3.10/dist-packages/det_msgs/det_msgs_s__rosidl_typesupport_introspection_c.cpython-310-aarch64-linux-gnu.so
[8.324s] -- Set runtime path of "/home/rain/pointpillars_ws/install/det_msgs/local/lib/python3.10/dist-packages/det_msgs/det_msgs_s__rosidl_typesupport_introspection_c.cpython-310-aarch64-linux-gnu.so" to ""
[8.324s] -- Installing: /home/rain/pointpillars_ws/install/det_msgs/local/lib/python3.10/dist-packages/det_msgs/det_msgs_s__rosidl_typesupport_c.cpython-310-aarch64-linux-gnu.so
[8.324s] -- Set runtime path of "/home/rain/pointpillars_ws/install/det_msgs/local/lib/python3.10/dist-packages/det_msgs/det_msgs_s__rosidl_typesupport_c.cpython-310-aarch64-linux-gnu.so" to ""
[8.325s] -- Installing: /home/rain/pointpillars_ws/install/det_msgs/lib/libdet_msgs__rosidl_generator_py.so
[8.325s] -- Set runtime path of "/home/rain/pointpillars_ws/install/det_msgs/lib/libdet_msgs__rosidl_generator_py.so" to ""
[8.325s] -- Installing: /home/rain/pointpillars_ws/install/det_msgs/share/det_msgs/msg/DetectedObjects.idl
[8.326s] -- Installing: /home/rain/pointpillars_ws/install/det_msgs/share/det_msgs/msg/ClusteredDetectedObjects.idl
[8.326s] -- Installing: /home/rain/pointpillars_ws/install/det_msgs/share/det_msgs/msg/DetectedObjects.msg
[8.326s] -- Installing: /home/rain/pointpillars_ws/install/det_msgs/share/det_msgs/msg/ClusteredDetectedObjects.msg
[8.326s] -- Installing: /home/rain/pointpillars_ws/install/det_msgs/share/ament_index/resource_index/package_run_dependencies/det_msgs
[8.327s] -- Installing: /home/rain/pointpillars_ws/install/det_msgs/share/ament_index/resource_index/parent_prefix_path/det_msgs
[8.327s] -- Installing: /home/rain/pointpillars_ws/install/det_msgs/share/det_msgs/environment/ament_prefix_path.sh
[8.327s] -- Installing: /home/rain/pointpillars_ws/install/det_msgs/share/det_msgs/environment/ament_prefix_path.dsv
[8.328s] -- Installing: /home/rain/pointpillars_ws/install/det_msgs/share/det_msgs/environment/path.sh
[8.328s] -- Installing: /home/rain/pointpillars_ws/install/det_msgs/share/det_msgs/environment/path.dsv
[8.328s] -- Installing: /home/rain/pointpillars_ws/install/det_msgs/share/det_msgs/local_setup.bash
[8.329s] -- Installing: /home/rain/pointpillars_ws/install/det_msgs/share/det_msgs/local_setup.sh
[8.329s] -- Installing: /home/rain/pointpillars_ws/install/det_msgs/share/det_msgs/local_setup.zsh
[8.329s] -- Installing: /home/rain/pointpillars_ws/install/det_msgs/share/det_msgs/local_setup.dsv
[8.329s] -- Installing: /home/rain/pointpillars_ws/install/det_msgs/share/det_msgs/package.dsv
[8.330s] -- Installing: /home/rain/pointpillars_ws/install/det_msgs/share/ament_index/resource_index/packages/det_msgs
[8.330s] -- Installing: /home/rain/pointpillars_ws/install/det_msgs/share/det_msgs/cmake/export_det_msgs__rosidl_generator_cExport.cmake
[8.331s] -- Installing: /home/rain/pointpillars_ws/install/det_msgs/share/det_msgs/cmake/export_det_msgs__rosidl_generator_cExport-noconfig.cmake
[8.331s] -- Installing: /home/rain/pointpillars_ws/install/det_msgs/share/det_msgs/cmake/export_det_msgs__rosidl_typesupport_fastrtps_cExport.cmake
[8.331s] -- Installing: /home/rain/pointpillars_ws/install/det_msgs/share/det_msgs/cmake/export_det_msgs__rosidl_typesupport_fastrtps_cExport-noconfig.cmake
[8.332s] -- Installing: /home/rain/pointpillars_ws/install/det_msgs/share/det_msgs/cmake/det_msgs__rosidl_typesupport_introspection_cExport.cmake
[8.332s] -- Installing: /home/rain/pointpillars_ws/install/det_msgs/share/det_msgs/cmake/det_msgs__rosidl_typesupport_introspection_cExport-noconfig.cmake
[8.332s] -- Installing: /home/rain/pointpillars_ws/install/det_msgs/share/det_msgs/cmake/det_msgs__rosidl_typesupport_cExport.cmake
[8.332s] -- Installing: /home/rain/pointpillars_ws/install/det_msgs/share/det_msgs/cmake/det_msgs__rosidl_typesupport_cExport-noconfig.cmake
[8.332s] -- Installing: /home/rain/pointpillars_ws/install/det_msgs/share/det_msgs/cmake/export_det_msgs__rosidl_generator_cppExport.cmake
[8.333s] -- Installing: /home/rain/pointpillars_ws/install/det_msgs/share/det_msgs/cmake/export_det_msgs__rosidl_typesupport_fastrtps_cppExport.cmake
[8.333s] -- Installing: /home/rain/pointpillars_ws/install/det_msgs/share/det_msgs/cmake/export_det_msgs__rosidl_typesupport_fastrtps_cppExport-noconfig.cmake
[8.333s] -- Installing: /home/rain/pointpillars_ws/install/det_msgs/share/det_msgs/cmake/det_msgs__rosidl_typesupport_introspection_cppExport.cmake
[8.333s] -- Installing: /home/rain/pointpillars_ws/install/det_msgs/share/det_msgs/cmake/det_msgs__rosidl_typesupport_introspection_cppExport-noconfig.cmake
[8.340s] -- Installing: /home/rain/pointpillars_ws/install/det_msgs/share/det_msgs/cmake/det_msgs__rosidl_typesupport_cppExport.cmake
[8.341s] -- Installing: /home/rain/pointpillars_ws/install/det_msgs/share/det_msgs/cmake/det_msgs__rosidl_typesupport_cppExport-noconfig.cmake
[8.341s] -- Installing: /home/rain/pointpillars_ws/install/det_msgs/share/det_msgs/cmake/export_det_msgs__rosidl_generator_pyExport.cmake
[8.341s] -- Installing: /home/rain/pointpillars_ws/install/det_msgs/share/det_msgs/cmake/export_det_msgs__rosidl_generator_pyExport-noconfig.cmake
[8.342s] -- Installing: /home/rain/pointpillars_ws/install/det_msgs/share/det_msgs/cmake/rosidl_cmake-extras.cmake
[8.342s] -- Installing: /home/rain/pointpillars_ws/install/det_msgs/share/det_msgs/cmake/ament_cmake_export_dependencies-extras.cmake
[8.342s] -- Installing: /home/rain/pointpillars_ws/install/det_msgs/share/det_msgs/cmake/ament_cmake_export_include_directories-extras.cmake
[8.343s] -- Installing: /home/rain/pointpillars_ws/install/det_msgs/share/det_msgs/cmake/ament_cmake_export_libraries-extras.cmake
[8.343s] -- Installing: /home/rain/pointpillars_ws/install/det_msgs/share/det_msgs/cmake/ament_cmake_export_targets-extras.cmake
[8.343s] -- Installing: /home/rain/pointpillars_ws/install/det_msgs/share/det_msgs/cmake/rosidl_cmake_export_typesupport_targets-extras.cmake
[8.343s] -- Installing: /home/rain/pointpillars_ws/install/det_msgs/share/det_msgs/cmake/rosidl_cmake_export_typesupport_libraries-extras.cmake
[8.344s] -- Installing: /home/rain/pointpillars_ws/install/det_msgs/share/det_msgs/cmake/det_msgsConfig.cmake
[8.344s] -- Installing: /home/rain/pointpillars_ws/install/det_msgs/share/det_msgs/cmake/det_msgsConfig-version.cmake
[8.344s] -- Installing: /home/rain/pointpillars_ws/install/det_msgs/share/det_msgs/package.xml
[8.350s] Invoked command in '/home/rain/pointpillars_ws/build/det_msgs' returned '0': CMAKE_PREFIX_PATH=${CMAKE_PREFIX_PATH}:/home/rain/pointpillars_ws/install/rain_project_autonomous_ship:/home/rain/pointpillars_ws/install/rain_det:/opt/ros/humble /usr/bin/cmake --install /home/rain/pointpillars_ws/build/det_msgs
